#
# A fatal error has been detected by the Java Runtime Environment:
#
#  Internal Error (jvmciRuntime.cpp:1609), pid=56046, tid=56064
#  fatal error: Fatal exception in JVMCI: Error calling jdk.vm.ci.services.Services.serializeSavedProperties
#
# JRE version: OpenJDK Runtime Environment GraalVM CE 22.3.0 (17.0.5+8) (build 17.0.5+8-jvmci-22.3-b08)
# Java VM: OpenJDK 64-Bit Server VM GraalVM CE 22.3.0 (17.0.5+8-jvmci-22.3-b08, mixed mode, sharing, tiered, jvmci, jvmci compiler, compressed oops, compressed class ptrs, parallel gc, linux-amd64)
# Problematic frame:
# V  [libjvm.so+0x972714]  JVMCIRuntime::fatal_exception(JVMCIEnv*, char const*)+0x74
#
# Core dump will be written. Default location: Core dumps may be processed with "/usr/share/apport/apport -p%p -s%s -c%c -d%d -P%P -u%u -g%g -- %E" (or dumping to /home/runner/Manipulacao-de-Listas/core.56046)
#
# If you would like to submit a bug report, please visit:
#   https://github.com/oracle/graal/issues
#

---------------  S U M M A R Y ------------

Command Line: -XX:ThreadPriorityPolicy=1 -XX:+UnlockExperimentalVMOptions -XX:+EnableJVMCIProduct -XX:JVMCIThreadsPerNativeLibraryRuntime=1 -XX:-UnlockExperimentalVMOptions -Declipse.application=org.eclipse.jdt.ls.core.id1 -Dosgi.bundles.defaultStartLevel=4 -Declipse.product=org.eclipse.jdt.ls.core.product -Dlog.level=ALL -Xverify:none -XX:+UseParallelGC -XX:GCTimeRatio=4 -XX:AdaptiveSizePolicyWeight=90 -Dsun.zip.disableMemoryMapping=true -Xmx512m -Xms100m /nix/store/a7s9klvriqi68xz3qjc0qyfl5h86xc16-jdt-language-server-1.9.0/share/java/plugins/org.eclipse.equinox.launcher_1.6.400.v20210924-0641.jar --add-modules=ALL-SYSTEM --add-opens java.base/java.util=ALL-UNNAMED --add-opens java.base/java.lang=ALL-UNNAMED -configuration /home/runner/.cache/jdt-language-server/config -data /home/runner/.cache/jdt-language-server/data/home/runner/Manipulacao-de-Listas

Host: Intel(R) Xeon(R) CPU @ 2.20GHz, 8 cores, 1G, Ubuntu 20.04.2 LTS
Time: Tue Oct 17 18:14:21 2023 UTC elapsed time: 2414.416788 seconds (0d 0h 40m 14s)

---------------  T H R E A D  ---------------

Current thread (0x00007fc32c0b1c40):  JavaThread "JVMCI-native CompilerThread0" daemon [_thread_in_vm, id=56064, stack(0x00007fc311848000,0x00007fc311a48000)]


Current CompileTask:
JVMCI-native:2414417 8140       4       java.lang.ref.WeakReference::<init> (6 bytes)

Stack: [0x00007fc311848000,0x00007fc311a48000],  sp=0x00007fc311a46380,  free space=2040k
Native frames: (J=compiled Java code, j=interpreted, Vv=VM code, C=native code)
V  [libjvm.so+0x972714]  JVMCIRuntime::fatal_exception(JVMCIEnv*, char const*)+0x74
V  [libjvm.so+0x93e2fe]  JVMCIEnv::copy_saved_properties()+0x14e
V  [libjvm.so+0x9732a9]  JVMCIRuntime::initialize(JVMCIEnv*)+0xb19
V  [libjvm.so+0x9738a2]  JVMCIRuntime::get_HotSpotJVMCIRuntime(JVMCIEnv*)+0x12
V  [libjvm.so+0x9749f2]  JVMCIRuntime::compile_method(JVMCIEnv*, JVMCICompiler*, methodHandle const&, int)+0xd2
V  [libjvm.so+0x5b0d20]  CompileBroker::invoke_compiler_on_method(CompileTask*)+0x1470
V  [libjvm.so+0x5b12e8]  CompileBroker::compiler_thread_loop()+0x528
V  [libjvm.so+0xd82460]  JavaThread::thread_main_inner()+0xd0
V  [libjvm.so+0xd85a40]  Thread::call_run()+0xc0
V  [libjvm.so+0xbdb1e1]  thread_native_entry(Thread*)+0xe1

Register to memory mapping:

RAX=0x00007fc3314c9000 points into unknown readable memory: 0x0000000000000058 | 58 00 00 00 00 00 00 00
RBX=0x00007fc3325c4398: <offset 0x0000000000ef5398> in /nix/store/gpxl5qgg8kicmcvivwmybwjlpf7wh20l-graalvm17-ce-22.3.0/lib/server/libjvm.so at 0x00007fc3316cf000
RCX=0x00007fc33257c1e8: <offset 0x0000000000ead1e8> in /nix/store/gpxl5qgg8kicmcvivwmybwjlpf7wh20l-graalvm17-ce-22.3.0/lib/server/libjvm.so at 0x00007fc3316cf000
RDX=0x0000000000000649 is an unknown value
RSP=0x00007fc311a46380 is pointing into the stack for thread: 0x00007fc32c0b1c40
RBP=0x00007fc311a463a0 is pointing into the stack for thread: 0x00007fc32c0b1c40
RSI=0x00007fc3325c4c48: <offset 0x0000000000ef5c48> in /nix/store/gpxl5qgg8kicmcvivwmybwjlpf7wh20l-graalvm17-ce-22.3.0/lib/server/libjvm.so at 0x00007fc3316cf000
RDI=0x00000000e0000000 is an oop: java.util.LinkedHashMap$Entry 
{0x00000000e0000000} - klass: 'java/util/LinkedHashMap$Entry'
 - ---- fields (total size 5 words):
 - final 'hash' 'I' @12  -2034522908 (86bba4e4)
 - final 'key' 'Ljava/lang/Object;' @16  a 'java/util/jar/Attributes$Name'{0x00000000e05c4b18} (e05c4b18)
 - 'value' 'Ljava/lang/Object;' @20  "GoZoR7ZdrDyDBvcVw5utRi10FBgsWEKRHoQyLZ61RR8="{0x00000000e0000028} (e0000028)
 - 'next' 'Ljava/util/HashMap$Node;' @24  NULL (0)
 - 'before' 'Ljava/util/LinkedHashMap$Entry;' @28  NULL (0)
 - 'after' 'Ljava/util/LinkedHashMap$Entry;' @32  NULL (0)
R8 =0x00007fc3325c4398: <offset 0x0000000000ef5398> in /nix/store/gpxl5qgg8kicmcvivwmybwjlpf7wh20l-graalvm17-ce-22.3.0/lib/server/libjvm.so at 0x00007fc3316cf000
R9 =0x00007fc311a46330 is pointing into the stack for thread: 0x00007fc32c0b1c40
R10=0x00007fc311a47948 is pointing into the stack for thread: 0x00007fc32c0b1c40
R11=0x0000000000000293 is an unknown value
R12=0x0 is NULL
R13=0x00007fc32c0b1c40 is a thread
R14=0x00007fc32c000b80 points into unknown readable memory: 0x00007fc3327f5a38 | 38 5a 7f 32 c3 7f 00 00
R15=0x00007fc332903e40: <offset 0x0000000001234e40> in /nix/store/gpxl5qgg8kicmcvivwmybwjlpf7wh20l-graalvm17-ce-22.3.0/lib/server/libjvm.so at 0x00007fc3316cf000


Registers:
RAX=0x00007fc3314c9000, RBX=0x00007fc3325c4398, RCX=0x00007fc33257c1e8, RDX=0x0000000000000649
RSP=0x00007fc311a46380, RBP=0x00007fc311a463a0, RSI=0x00007fc3325c4c48, RDI=0x00000000e0000000
R8 =0x00007fc3325c4398, R9 =0x00007fc311a46330, R10=0x00007fc311a47948, R11=0x0000000000000293
R12=0x0000000000000000, R13=0x00007fc32c0b1c40, R14=0x00007fc32c000b80, R15=0x00007fc332903e40
RIP=0x00007fc332041714, EFLAGS=0x0000000000010206, CSGSFS=0x002b000000000033, ERR=0x0000000000000006
  TRAPNO=0x000000000000000e

Top of Stack: (sp=0x00007fc311a46380)
0x00007fc311a46380:   00007fc311a46940 00007fc32c0b1c40
0x00007fc311a46390:   00007fc31330f708 0000000800c41e50
0x00007fc311a463a0:   00007fc311a46500 00007fc33200d2fe
0x00007fc311a463b0:   00007fc311a463e0 00007fc311a46440 

Instructions: (pc=0x00007fc332041714)
0x00007fc332041614:   30 e8 f6 cf e8 ff 4c 89 e7 e8 2e 48 d1 ff 84 db
0x00007fc332041624:   75 2a 4d 85 ed 74 04 4d 8b 6d 00 48 83 c4 08 44
0x00007fc332041634:   89 f9 4c 89 f2 4c 89 ee 5b 4c 89 e7 41 5c 41 5d
0x00007fc332041644:   41 5e 41 5f 5d e9 e2 47 d1 ff 66 90 48 83 c4 08
0x00007fc332041654:   5b 41 5c 41 5d 41 5e 41 5f 5d c3 90 31 d2 be 08
0x00007fc332041664:   00 00 00 4c 89 ff e8 b1 78 a3 ff 49 89 c5 e9 37
0x00007fc332041674:   ff ff ff 66 0f 1f 84 00 00 00 00 00 48 8b 7a 08
0x00007fc332041684:   e9 6d ff ff ff 0f 1f 80 00 00 00 00 e8 5b 48 0a
0x00007fc332041694:   00 84 c0 75 89 e9 6a ff ff ff 66 90 55 48 89 e5
0x00007fc3320416a4:   41 56 41 55 41 54 49 89 fc 53 48 89 f3 66 48 8d
0x00007fc3320416b4:   3d 27 5e 85 00 66 66 48 e8 df 43 8d ff 4c 8b 28
0x00007fc3320416c4:   8b 05 be 72 8a 00 85 c0 75 14 ba 01 00 00 00 48
0x00007fc3320416d4:   8d 0d ae 72 8a 00 f0 0f b1 11 85 c0 74 4e be c8
0x00007fc3320416e4:   00 00 00 4c 89 ef e8 01 0b 41 00 48 8d 05 12 ac
0x00007fc3320416f4:   85 00 49 89 d8 48 8d 0d e8 aa 53 00 ba 49 06 00
0x00007fc332041704:   00 48 8d 35 3c 35 58 00 bf 00 00 00 e0 48 8b 00
0x00007fc332041714:   c6 00 58 31 c0 e8 e2 91 c6 ff 5b 41 5c 41 5d 41
0x00007fc332041724:   5e 5d e9 55 34 26 00 0f 1f 44 00 00 48 8d 05 81
0x00007fc332041734:   a3 8b 00 48 89 df 4c 8b 30 e8 9e 43 8d ff 48 89
0x00007fc332041744:   de 48 89 c2 49 8b 06 4c 89 f7 ff 50 08 4c 89 f7
0x00007fc332041754:   e8 a7 5c 27 00 4d 85 e4 74 12 be 01 00 00 00 4c
0x00007fc332041764:   89 e7 e8 35 43 fc ff eb 82 0f 1f 00 be 01 00 00
0x00007fc332041774:   00 4c 89 ef e8 d3 fd ff ff e9 6d ff ff ff 66 66
0x00007fc332041784:   2e 0f 1f 84 00 00 00 00 00 0f 1f 00 55 48 89 e5
0x00007fc332041794:   41 57 41 56 41 55 41 54 53 48 81 ec 08 02 00 00
0x00007fc3320417a4:   64 48 8b 04 25 28 00 00 00 48 89 45 c8 8b 07 83
0x00007fc3320417b4:   f8 02 0f 84 11 04 00 00 4c 8b 6f 18 49 89 ff 49
0x00007fc3320417c4:   89 f4 4d 85 ed 74 14 4c 89 ef e8 5d 57 22 00 41
0x00007fc3320417d4:   8b 07 83 f8 02 0f 84 19 04 00 00 48 8d 1d 9a 06
0x00007fc3320417e4:   8a 00 4c 8d 35 0b 3c 58 00 eb 38 90 48 85 d2 7f
0x00007fc3320417f4:   0d 48 8d 05 b4 c0 85 00 48 83 38 00 7e 0e 41 8b
0x00007fc332041804:   77 2c 4c 89 f7 31 c0 e8 a0 b2 f7 ff 49 8b 7f 18 


Stack slot to memory mapping:
stack at sp + 0 slots: 0x00007fc311a46940 is pointing into the stack for thread: 0x00007fc32c0b1c40
stack at sp + 1 slots: 0x00007fc32c0b1c40 is a thread
stack at sp + 2 slots: 0x00007fc31330f708 points into unknown readable memory: 0x657300186dc3ffff | ff ff c3 6d 18 00 73 65
stack at sp + 3 slots: 0x0000000800c41e50 is a pointer to class: 
jdk.vm.ci.services.Services {0x0000000800c41e50}
 - instance size:     2
 - klass size:        65
 - access:            public final synchronized 
 - state:             fully_initialized
 - name:              'jdk/vm/ci/services/Services'
 - super:             'java/lang/Object'
 - sub:               
 - arrays:            NULL
 - methods:           Array<T>(0x00007fc31244dc30)
 - method ordering:   Array<T>(0x0000000800928960)
 - default_methods:   Array<T>(0x0000000000000000)
 - local interfaces:  Array<T>(0x00000008005ce810)
 - trans. interfaces: Array<T>(0x00000008005ce810)
 - constants:         constant pool [427] {0x00007fc31244cd10} for 'jdk/vm/ci/services/Services' cache=0x00007fc31244ef00
 - class loader data:  loader data: 0x00007fc32c027cc0 of 'bootstrap'
 - source file:       'Services.java'
 - class annotations:       Array<T>(0x0000000000000000)
 - class type annotations:  Array<T>(0x0000000000000000)
 - field annotations:       Array<T>(0x0000000000000000)
 - field type annotations:  Array<T>(0x0000000000000000)
 - inner classes:     Array<T>(0x00007fc31244eed0)
 - nest members:     Array<T>(0x00007fc31244eef0)
 - permitted subclasses:     Array<T>(0x00000008005ce7a0)
 - java mirror:       a 'java/lang/Class'{0x00000000e02b4858} = 'jdk/vm/ci/services/Services'
 - vtable length      5  (start addr: 0x0000000800c42020)
 - itable length      2 (start addr: 0x0000000800c42048)
 - ---- static fields (3 words):
 - public static final 'IS_BUILDING_NATIVE_IMAGE' 'Z' @128 
 - public static final 'IS_IN_NATIVE_IMAGE' 'Z' @129 
 - private static volatile 'savedProperties' 'Ljava/util/Map;' @112 
 - static final 'JVMCI_ENABLED' 'Z' @130 
 - private static final 'servicesCache' 'Ljava/util/Map;' @116 
 - private static final 'MAX_UNICODE_IN_UTF8_LENGTH' 'I' @120 
 - private static final 'MAX_UTF8_PROPERTY_STRING_LENGTH' 'I' @124 
 - ---- non-static fields (0 words):
 - non-static oop maps: 
stack at sp + 4 slots: 0x00007fc311a46500 is pointing into the stack for thread: 0x00007fc32c0b1c40
stack at sp + 5 slots: 0x00007fc33200d2fe: <offset 0x000000000093e2fe> in /nix/store/gpxl5qgg8kicmcvivwmybwjlpf7wh20l-graalvm17-ce-22.3.0/lib/server/libjvm.so at 0x00007fc3316cf000
stack at sp + 6 slots: 0x00007fc311a463e0 is pointing into the stack for thread: 0x00007fc32c0b1c40
stack at sp + 7 slots: 0x00007fc311a46440 is pointing into the stack for thread: 0x00007fc32c0b1c40


---------------  P R O C E S S  ---------------

Threads class SMR info:
_java_thread_list=0x00007fc2b41742e0, length=25, elements={
0x00007fc32c025f60, 0x00007fc32c0a5f00, 0x00007fc32c0a7340, 0x00007fc32c0adab0,
0x00007fc32c0aee60, 0x00007fc32c0b0250, 0x00007fc32c0b1c40, 0x00007fc32c0b3150,
0x00007fc32c0b41b0, 0x00007fc32c0dfeb0, 0x00007fc32c127930, 0x00007fc32c2d5e30,
0x00007fc32c31e2d0, 0x00007fc32c320f60, 0x00007fc2c0037420, 0x00007fc2c0443720,
0x00007fc2b4000ff0, 0x00007fc2c04bad60, 0x00007fc2c07d5a10, 0x00007fc32c3636e0,
0x00007fc32c40c430, 0x00007fc2b0014f30, 0x00007fc2b40188f0, 0x00007fc2a4165a70,
0x00007fc2a82e0ff0
}

Java Threads: ( => current thread )
  0x00007fc32c025f60 JavaThread "main" [_thread_blocked, id=56056, stack(0x00007fc3314ea000,0x00007fc3315ea000)]
  0x00007fc32c0a5f00 JavaThread "Reference Handler" daemon [_thread_blocked, id=56059, stack(0x00007fc31212e000,0x00007fc31222e000)]
  0x00007fc32c0a7340 JavaThread "Finalizer" daemon [_thread_blocked, id=56060, stack(0x00007fc31202e000,0x00007fc31212e000)]
  0x00007fc32c0adab0 JavaThread "Signal Dispatcher" daemon [_thread_blocked, id=56061, stack(0x00007fc311c48000,0x00007fc311d48000)]
  0x00007fc32c0aee60 JavaThread "Service Thread" daemon [_thread_blocked, id=56062, stack(0x00007fc311b48000,0x00007fc311c48000)]
  0x00007fc32c0b0250 JavaThread "Monitor Deflation Thread" daemon [_thread_blocked, id=56063, stack(0x00007fc311a48000,0x00007fc311b48000)]
=>0x00007fc32c0b1c40 JavaThread "JVMCI-native CompilerThread0" daemon [_thread_in_vm, id=56064, stack(0x00007fc311848000,0x00007fc311a48000)]
  0x00007fc32c0b3150 JavaThread "C1 CompilerThread0" daemon [_thread_blocked, id=56065, stack(0x00007fc311648000,0x00007fc311848000)]
  0x00007fc32c0b41b0 JavaThread "Sweeper thread" daemon [_thread_blocked, id=56066, stack(0x00007fc311548000,0x00007fc311648000)]
  0x00007fc32c0dfeb0 JavaThread "Common-Cleaner" daemon [_thread_blocked, id=56067, stack(0x00007fc311448000,0x00007fc311548000)]
  0x00007fc32c127930 JavaThread "Notification Thread" daemon [_thread_blocked, id=56068, stack(0x00007fc311348000,0x00007fc311448000)]
  0x00007fc32c2d5e30 JavaThread "Active Thread: Equinox Container: 8f027ea5-3ee5-4b22-aa55-9285e67ee326" [_thread_blocked, id=56096, stack(0x00007fc310000000,0x00007fc310100000)]
  0x00007fc32c31e2d0 JavaThread "Framework Event Dispatcher: Equinox Container: 8f027ea5-3ee5-4b22-aa55-9285e67ee326" daemon [_thread_blocked, id=56109, stack(0x00007fc2d9b00000,0x00007fc2d9c00000)]
  0x00007fc32c320f60 JavaThread "Start Level: Equinox Container: 8f027ea5-3ee5-4b22-aa55-9285e67ee326" daemon [_thread_blocked, id=56110, stack(0x00007fc2d9900000,0x00007fc2d9a00000)]
  0x00007fc2c0037420 JavaThread "SCR Component Actor" daemon [_thread_blocked, id=56111, stack(0x00007fc2d9700000,0x00007fc2d9800000)]
  0x00007fc2c0443720 JavaThread "Worker-JM" [_thread_blocked, id=56132, stack(0x00007fc2d9300000,0x00007fc2d9400000)]
  0x00007fc2b4000ff0 JavaThread "Worker-2: Periodic workspace save." [_thread_blocked, id=56140, stack(0x00007fc2d8d00000,0x00007fc2d8e00000)]
  0x00007fc2c04bad60 JavaThread "Java indexing" daemon [_thread_blocked, id=56153, stack(0x00007fc2d8b00000,0x00007fc2d8c00000)]
  0x00007fc2c07d5a10 JavaThread "Bundle File Closer" daemon [_thread_blocked, id=56157, stack(0x00007fc2d9500000,0x00007fc2d9600000)]
  0x00007fc32c3636e0 JavaThread "pool-3-thread-1" [_thread_blocked, id=56175, stack(0x00007fc2d8900000,0x00007fc2d8a00000)]
  0x00007fc32c40c430 JavaThread "pool-2-thread-1" [_thread_in_native, id=56187, stack(0x00007fc2d8700000,0x00007fc2d8800000)]
  0x00007fc2b0014f30 JavaThread "Worker-3: Compacting resource model" [_thread_blocked, id=56189, stack(0x00007fc2d8500000,0x00007fc2d8600000)]
  0x00007fc2b40188f0 JavaThread "Worker-4: Java indexing... " [_thread_blocked, id=56300, stack(0x00007fc2d9600000,0x00007fc2d9700000)]
  0x00007fc2a4165a70 JavaThread "Thread-2" [_thread_blocked, id=56327, stack(0x00007fc2d8300000,0x00007fc2d8400000)]
  0x00007fc2a82e0ff0 JavaThread "Worker-5" [_thread_blocked, id=57493, stack(0x00007fc2d9100000,0x00007fc2d9200000)]

Other Threads:
  0x00007fc32c0a1640 VMThread "VM Thread" [stack: 0x00007fc312230000,0x00007fc312330000] [id=56058] _threads_hazard_ptr=0x00007fc2b41742e0
  0x00007fc32c1292d0 WatcherThread [stack: 0x00007fc311248000,0x00007fc311348000] [id=56069]
  0x00007fc32c03d860 GCTaskThread "GC Thread#0" [stack: 0x00007fc3310ad000,0x00007fc3311ad000] [id=56057]

Threads with active compile tasks:
JVMCI-native CompilerThread0  2414519 8140       4       java.lang.ref.WeakReference::<init> (6 bytes)

VM state: synchronizing (normal execution)

VM Mutex/Monitor currently owned by a thread:  ([mutex/lock_event])
[0x00007fc32c023110] Threads_lock - owner thread: 0x00007fc32c0a1640
[0x00007fc32c0238c0] Heap_lock - owner thread: 0x00007fc2c04bad60

OutOfMemory and StackOverflow Exception counts:
OutOfMemoryError java_heap_errors=3
LinkageErrors=66

Heap address: 0x00000000e0000000, size: 512 MB, Compressed Oops mode: 32-bit

CDS archive(s) mapped at: [0x0000000800000000-0x0000000800bc8000-0x0000000800bc8000), size 12353536, SharedBaseAddress: 0x0000000800000000, ArchiveRelocationMode: 0.
Compressed class space mapped at: 0x0000000800c00000-0x0000000840c00000, reserved size: 1073741824
Narrow klass base: 0x0000000800000000, Narrow klass shift: 0, Narrow klass range: 0x100000000

GC Precious Log:
 CPUs: 8 total, 1 available
 Memory: 1024M
 Large Page Support: Disabled
 NUMA Support: Disabled
 Compressed Oops: Enabled (32-bit)
 Alignments: Space 512K, Generation 512K, Heap 2M
 Heap Min Capacity: 100M
 Heap Initial Capacity: 100M
 Heap Max Capacity: 512M
 Pre-touch: Disabled
 Parallel Workers: 1

Heap:
 PSYoungGen      total 33792K, used 20480K [0x00000000f5580000, 0x00000000fa700000, 0x0000000100000000)
  eden space 20480K, 100% used [0x00000000f5580000,0x00000000f6980000,0x00000000f6980000)
  from space 13312K, 0% used [0x00000000f8780000,0x00000000f8780000,0x00000000f9480000)
  to   space 30720K, 0% used [0x00000000f6980000,0x00000000f6980000,0x00000000f8780000)
 ParOldGen       total 349696K, used 349694K [0x00000000e0000000, 0x00000000f5580000, 0x00000000f5580000)
  object space 349696K, 99% used [0x00000000e0000000,0x00000000f557f8e0,0x00000000f5580000)
 Metaspace       used 53445K, committed 54464K, reserved 1105920K
  class space    used 5279K, committed 5696K, reserved 1048576K

Card table byte_map: [0x00007fc3311ad000,0x00007fc3312ae000] _byte_map_base: 0x00007fc330aad000

Marking Bits: (ParMarkBitMap*) 0x00007fc3328fd4c0
 Begin Bits: [0x00007fc330000000, 0x00007fc330800000)
 End Bits:   [0x00007fc330800000, 0x00007fc331000000)

Polling page: 0x00007fc3314c7000

Metaspace:

Usage:
  Non-class:     47.04 MB used.
      Class:      5.16 MB used.
       Both:     52.19 MB used.

Virtual space:
  Non-class space:       56.00 MB reserved,      47.62 MB ( 85%) committed,  7 nodes.
      Class space:        1.00 GB reserved,       5.56 MB ( <1%) committed,  1 nodes.
             Both:        1.05 GB reserved,      53.19 MB (  5%) committed. 

Chunk freelists:
   Non-Class:  4.01 MB
       Class:  2.52 MB
        Both:  6.53 MB

MaxMetaspaceSize: unlimited
CompressedClassSpaceSize: 1.00 GB
Initial GC threshold: 21.00 MB
Current GC threshold: 88.44 MB
CDS: on
MetaspaceReclaimPolicy: balanced
 - commit_granule_bytes: 65536.
 - commit_granule_words: 8192.
 - virtual_space_node_default_size: 1048576.
 - enlarge_chunks_in_place: 1.
 - new_chunks_are_fully_committed: 0.
 - uncommit_free_chunks: 1.
 - use_allocation_guard: 0.
 - handle_deallocations: 1.


Internal statistics:

num_allocs_failed_limit: 6.
num_arena_births: 448.
num_arena_deaths: 132.
num_vsnodes_births: 8.
num_vsnodes_deaths: 0.
num_space_committed: 850.
num_space_uncommitted: 0.
num_chunks_returned_to_freelist: 184.
num_chunks_taken_from_freelist: 2721.
num_chunk_merges: 81.
num_chunk_splits: 1770.
num_chunks_enlarged: 1072.
num_purges: 10.
num_inconsistent_stats: 0.

CodeHeap 'non-profiled nmethods': size=120036Kb used=2639Kb max_used=2639Kb free=117396Kb
 bounds [0x00007fc31af7a000, 0x00007fc31b21a000, 0x00007fc3224b3000]
CodeHeap 'profiled nmethods': size=120032Kb used=11690Kb max_used=13793Kb free=108342Kb
 bounds [0x00007fc313a42000, 0x00007fc3147c2000, 0x00007fc31af7a000]
CodeHeap 'non-nmethods': size=5692Kb used=1348Kb max_used=1361Kb free=4343Kb
 bounds [0x00007fc3134b3000, 0x00007fc313723000, 0x00007fc313a42000]
 total_blobs=6461 nmethods=5781 adapters=582
 compilation: enabled
              stopped_count=0, restarted_count=0
 full_count=0

JVMCI Events (20 events):
Event: 1182.017 Thread 0x00007fc32c0b1c40 destroyed JavaVM[6]@0x00007fc2d7b9e340 for JVMCI runtime 0
Event: 1182.017 Thread 0x00007fc32c0b1c40 compacted oop handles in JVMCI runtime 0 from 55 to 55
Event: 1182.017 Thread 0x00007fc32c0b1c40 releasing handles for JVMCI runtime 0: oop handles=55, metadata handles={total=96, live=95, blocks=35}
Event: 1182.017 Thread 0x00007fc32c0b1c40 detached from JVMCI runtime 0
Event: 1673.028 Thread 0x00007fc32c0b1c40 attached to JVMCI runtime 0
Event: 1673.031 Thread 0x00007fc32c0b1c40 created JavaVM[7]@0x00007fc2d7b9e340 for JVMCI runtime 0
Event: 1673.031 Thread 0x00007fc32c0b1c40 initializing JVMCI runtime 0
Event: 1673.031 Thread 0x00007fc32c0b1c40 done waiting for JavaVM references initialization in JVMCI runtime 0
Event: 1692.500 Thread 0x00007fc32c0b1c40 initialized JVMCI runtime 0
Event: 1732.002 Thread 0x00007fc32c0b1c40 detaching from JVMCI runtime 0: releasing idle compiler thread (0 other threads still attached)
Event: 1732.002 Thread 0x00007fc32c0b1c40 shutting down HotSpotJVMCIRuntime for JVMCI runtime 0
Event: 1734.115 Thread 0x00007fc32c0b1c40 shut down JVMCI runtime 0
Event: 1734.118 Thread 0x00007fc32c0b1c40 destroyed JavaVM[7]@0x00007fc2d7b9e340 for JVMCI runtime 0
Event: 1734.118 Thread 0x00007fc32c0b1c40 compacted oop handles in JVMCI runtime 0 from 59 to 59
Event: 1734.118 Thread 0x00007fc32c0b1c40 releasing handles for JVMCI runtime 0: oop handles=59, metadata handles={total=102, live=102, blocks=35}
Event: 1734.118 Thread 0x00007fc32c0b1c40 detached from JVMCI runtime 0
Event: 2376.642 Thread 0x00007fc32c0b1c40 attached to JVMCI runtime 0
Event: 2376.699 Thread 0x00007fc32c0b1c40 created JavaVM[8]@0x00007fc2d7b9e340 for JVMCI runtime 0
Event: 2378.715 Thread 0x00007fc32c0b1c40 initializing JVMCI runtime 0
Event: 2378.715 Thread 0x00007fc32c0b1c40 done waiting for JavaVM references initialization in JVMCI runtime 0

Compilation events (20 events):
Event: 1588.112 Thread 0x00007fc32c0b3150 nmethod 8126 0x00007fc313bce290 code [0x00007fc313bce480, 0x00007fc313bcebf0]
Event: 1663.542 Thread 0x00007fc32c0b3150 8127       3       org.eclipse.jdt.internal.core.JavaModelManager$VariablesAndContainersSaveHelper::saveInt (9 bytes)
Event: 1667.706 Thread 0x00007fc32c0b3150 nmethod 8127 0x00007fc313ac3a90 code [0x00007fc313ac3c40, 0x00007fc313ac3d80]
Event: 1673.028 Thread 0x00007fc32c0b1c40 8128       4       java.io.DataOutputStream::writeUTF (411 bytes)
Event: 1673.098 Thread 0x00007fc32c0b3150 8130       1       org.eclipse.jdt.internal.compiler.util.HashtableOfObjectToInt::size (5 bytes)
Event: 1673.099 Thread 0x00007fc32c0b3150 nmethod 8130 0x00007fc31b20b810 code [0x00007fc31b20b9a0, 0x00007fc31b20ba70]
Event: 1712.385 Thread 0x00007fc32c0b3150 8131       3       java.util.concurrent.ScheduledThreadPoolExecutor$ScheduledFutureTask::getDelay (16 bytes)
Event: 1716.441 Thread 0x00007fc32c0b3150 nmethod 8131 0x00007fc313ad2b90 code [0x00007fc313ad2d40, 0x00007fc313ad2ec0]
Event: 1727.531 Thread 0x00007fc32c0b1c40 nmethod 8128 0x00007fc31b20bb10 code [0x00007fc31b20bcc0, 0x00007fc31b20c550]
Event: 1727.531 Thread 0x00007fc32c0b1c40 8129       4       java.util.Collections$UnmodifiableMap$UnmodifiableEntrySet$1::next (5 bytes)
Event: 1729.717 Thread 0x00007fc32c0b1c40 nmethod 8129 0x00007fc31b20c990 code [0x00007fc31b20cb20, 0x00007fc31b20ce18]
Event: 1906.736 Thread 0x00007fc32c0b3150 8133       3       jdk.internal.org.objectweb.asm.MethodVisitor::visitInsn (16 bytes)
Event: 1906.736 Thread 0x00007fc32c0b3150 nmethod 8133 0x00007fc314147b10 code [0x00007fc314147cc0, 0x00007fc314148020]
Event: 2142.258 Thread 0x00007fc32c0b3150 8136       1       org.eclipse.jdt.ls.core.internal.LanguageServer::getParentProcessId (5 bytes)
Event: 2144.031 Thread 0x00007fc32c0b3150 nmethod 8136 0x00007fc31b20da10 code [0x00007fc31b20dba0, 0x00007fc31b20dc70]
Event: 2284.046 Thread 0x00007fc32c0b3150 8138       3       java.util.concurrent.locks.AbstractQueuedSynchronizer::acquire (20 bytes)
Event: 2284.046 Thread 0x00007fc32c0b3150 nmethod 8138 0x00007fc313b31f10 code [0x00007fc313b320c0, 0x00007fc313b32490]
Event: 2346.533 Thread 0x00007fc32c0b3150 8139       3       java.util.concurrent.locks.ReentrantLock$NonfairSync::tryAcquire (27 bytes)
Event: 2346.534 Thread 0x00007fc32c0b3150 nmethod 8139 0x00007fc313b6a390 code [0x00007fc313b6a540, 0x00007fc313b6a7a0]
Event: 2376.642 Thread 0x00007fc32c0b1c40 8140       4       java.lang.ref.WeakReference::<init> (6 bytes)

GC Heap History (20 events):
Event: 2393.305 GC heap before
{Heap before GC invocations=1090 (full 1015):
 PSYoungGen      total 33792K, used 20479K [0x00000000f5580000, 0x00000000fa700000, 0x0000000100000000)
  eden space 20480K, 99% used [0x00000000f5580000,0x00000000f697fff8,0x00000000f6980000)
  from space 13312K, 0% used [0x00000000f8780000,0x00000000f8780000,0x00000000f9480000)
  to   space 30720K, 0% used [0x00000000f6980000,0x00000000f6980000,0x00000000f8780000)
 ParOldGen       total 349696K, used 349695K [0x00000000e0000000, 0x00000000f5580000, 0x00000000f5580000)
  object space 349696K, 99% used [0x00000000e0000000,0x00000000f557fff0,0x00000000f5580000)
 Metaspace       used 53445K, committed 54464K, reserved 1105920K
  class space    used 5279K, committed 5696K, reserved 1048576K
}
Event: 2395.428 GC heap after
{Heap after GC invocations=1090 (full 1015):
 PSYoungGen      total 51200K, used 20479K [0x00000000f5580000, 0x00000000fa700000, 0x0000000100000000)
  eden space 20480K, 99% used [0x00000000f5580000,0x00000000f697fff8,0x00000000f6980000)
  from space 30720K, 0% used [0x00000000f6980000,0x00000000f6980000,0x00000000f8780000)
  to   space 13312K, 0% used [0x00000000f8780000,0x00000000f8780000,0x00000000f9480000)
 ParOldGen       total 349696K, used 349695K [0x00000000e0000000, 0x00000000f5580000, 0x00000000f5580000)
  object space 349696K, 99% used [0x00000000e0000000,0x00000000f557ffc0,0x00000000f5580000)
 Metaspace       used 53445K, committed 54464K, reserved 1105920K
  class space    used 5279K, committed 5696K, reserved 1048576K
}
Event: 2395.428 GC heap before
{Heap before GC invocations=1091 (full 1016):
 PSYoungGen      total 51200K, used 20479K [0x00000000f5580000, 0x00000000fa700000, 0x0000000100000000)
  eden space 20480K, 99% used [0x00000000f5580000,0x00000000f697fff8,0x00000000f6980000)
  from space 30720K, 0% used [0x00000000f6980000,0x00000000f6980000,0x00000000f8780000)
  to   space 13312K, 0% used [0x00000000f8780000,0x00000000f8780000,0x00000000f9480000)
 ParOldGen       total 349696K, used 349695K [0x00000000e0000000, 0x00000000f5580000, 0x00000000f5580000)
  object space 349696K, 99% used [0x00000000e0000000,0x00000000f557fff0,0x00000000f5580000)
 Metaspace       used 53445K, committed 54464K, reserved 1105920K
  class space    used 5279K, committed 5696K, reserved 1048576K
}
Event: 2397.348 GC heap after
{Heap after GC invocations=1091 (full 1016):
 PSYoungGen      total 33792K, used 20479K [0x00000000f5580000, 0x00000000fa700000, 0x0000000100000000)
  eden space 20480K, 99% used [0x00000000f5580000,0x00000000f697fff8,0x00000000f6980000)
  from space 13312K, 0% used [0x00000000f8780000,0x00000000f8780000,0x00000000f9480000)
  to   space 30720K, 0% used [0x00000000f6980000,0x00000000f6980000,0x00000000f8780000)
 ParOldGen       total 349696K, used 349695K [0x00000000e0000000, 0x00000000f5580000, 0x00000000f5580000)
  object space 349696K, 99% used [0x00000000e0000000,0x00000000f557ffd8,0x00000000f5580000)
 Metaspace       used 53445K, committed 54464K, reserved 1105920K
  class space    used 5279K, committed 5696K, reserved 1048576K
}
Event: 2397.348 GC heap before
{Heap before GC invocations=1092 (full 1017):
 PSYoungGen      total 33792K, used 20479K [0x00000000f5580000, 0x00000000fa700000, 0x0000000100000000)
  eden space 20480K, 99% used [0x00000000f5580000,0x00000000f697fff8,0x00000000f6980000)
  from space 13312K, 0% used [0x00000000f8780000,0x00000000f8780000,0x00000000f9480000)
  to   space 30720K, 0% used [0x00000000f6980000,0x00000000f6980000,0x00000000f8780000)
 ParOldGen       total 349696K, used 349695K [0x00000000e0000000, 0x00000000f5580000, 0x00000000f5580000)
  object space 349696K, 99% used [0x00000000e0000000,0x00000000f557ffd8,0x00000000f5580000)
 Metaspace       used 53445K, committed 54464K, reserved 1105920K
  class space    used 5279K, committed 5696K, reserved 1048576K
}
Event: 2399.307 GC heap after
{Heap after GC invocations=1092 (full 1017):
 PSYoungGen      total 51200K, used 20479K [0x00000000f5580000, 0x00000000fa700000, 0x0000000100000000)
  eden space 20480K, 99% used [0x00000000f5580000,0x00000000f697fff8,0x00000000f6980000)
  from space 30720K, 0% used [0x00000000f6980000,0x00000000f6980000,0x00000000f8780000)
  to   space 13312K, 0% used [0x00000000f8780000,0x00000000f8780000,0x00000000f9480000)
 ParOldGen       total 349696K, used 349695K [0x00000000e0000000, 0x00000000f5580000, 0x00000000f5580000)
  object space 349696K, 99% used [0x00000000e0000000,0x00000000f557ffd8,0x00000000f5580000)
 Metaspace       used 53445K, committed 54464K, reserved 1105920K
  class space    used 5279K, committed 5696K, reserved 1048576K
}
Event: 2399.308 GC heap before
{Heap before GC invocations=1093 (full 1018):
 PSYoungGen      total 51200K, used 20479K [0x00000000f5580000, 0x00000000fa700000, 0x0000000100000000)
  eden space 20480K, 99% used [0x00000000f5580000,0x00000000f697fff8,0x00000000f6980000)
  from space 30720K, 0% used [0x00000000f6980000,0x00000000f6980000,0x00000000f8780000)
  to   space 13312K, 0% used [0x00000000f8780000,0x00000000f8780000,0x00000000f9480000)
 ParOldGen       total 349696K, used 349695K [0x00000000e0000000, 0x00000000f5580000, 0x00000000f5580000)
  object space 349696K, 99% used [0x00000000e0000000,0x00000000f557ffd8,0x00000000f5580000)
 Metaspace       used 53445K, committed 54464K, reserved 1105920K
  class space    used 5279K, committed 5696K, reserved 1048576K
}
Event: 2401.155 GC heap after
{Heap after GC invocations=1093 (full 1018):
 PSYoungGen      total 33792K, used 20479K [0x00000000f5580000, 0x00000000fa700000, 0x0000000100000000)
  eden space 20480K, 99% used [0x00000000f5580000,0x00000000f697fff8,0x00000000f6980000)
  from space 13312K, 0% used [0x00000000f8780000,0x00000000f8780000,0x00000000f9480000)
  to   space 30720K, 0% used [0x00000000f6980000,0x00000000f6980000,0x00000000f8780000)
 ParOldGen       total 349696K, used 349694K [0x00000000e0000000, 0x00000000f5580000, 0x00000000f5580000)
  object space 349696K, 99% used [0x00000000e0000000,0x00000000f557fa38,0x00000000f5580000)
 Metaspace       used 53445K, committed 54464K, reserved 1105920K
  class space    used 5279K, committed 5696K, reserved 1048576K
}
Event: 2401.163 GC heap before
{Heap before GC invocations=1094 (full 1019):
 PSYoungGen      total 33792K, used 20479K [0x00000000f5580000, 0x00000000fa700000, 0x0000000100000000)
  eden space 20480K, 99% used [0x00000000f5580000,0x00000000f697fff8,0x00000000f6980000)
  from space 13312K, 0% used [0x00000000f8780000,0x00000000f8780000,0x00000000f9480000)
  to   space 30720K, 0% used [0x00000000f6980000,0x00000000f6980000,0x00000000f8780000)
 ParOldGen       total 349696K, used 349695K [0x00000000e0000000, 0x00000000f5580000, 0x00000000f5580000)
  object space 349696K, 99% used [0x00000000e0000000,0x00000000f557ffe0,0x00000000f5580000)
 Metaspace       used 53445K, committed 54464K, reserved 1105920K
  class space    used 5279K, committed 5696K, reserved 1048576K
}
Event: 2403.346 GC heap after
{Heap after GC invocations=1094 (full 1019):
 PSYoungGen      total 51200K, used 20479K [0x00000000f5580000, 0x00000000fa700000, 0x0000000100000000)
  eden space 20480K, 99% used [0x00000000f5580000,0x00000000f697ff98,0x00000000f6980000)
  from space 30720K, 0% used [0x00000000f6980000,0x00000000f6980000,0x00000000f8780000)
  to   space 13312K, 0% used [0x00000000f8780000,0x00000000f8780000,0x00000000f9480000)
 ParOldGen       total 349696K, used 349695K [0x00000000e0000000, 0x00000000f5580000, 0x00000000f5580000)
  object space 349696K, 99% used [0x00000000e0000000,0x00000000f557ff38,0x00000000f5580000)
 Metaspace       used 53445K, committed 54464K, reserved 1105920K
  class space    used 5279K, committed 5696K, reserved 1048576K
}
Event: 2403.347 GC heap before
{Heap before GC invocations=1095 (full 1020):
 PSYoungGen      total 51200K, used 20479K [0x00000000f5580000, 0x00000000fa700000, 0x0000000100000000)
  eden space 20480K, 99% used [0x00000000f5580000,0x00000000f697fff0,0x00000000f6980000)
  from space 30720K, 0% used [0x00000000f6980000,0x00000000f6980000,0x00000000f8780000)
  to   space 13312K, 0% used [0x00000000f8780000,0x00000000f8780000,0x00000000f9480000)
 ParOldGen       total 349696K, used 349696K [0x00000000e0000000, 0x00000000f5580000, 0x00000000f5580000)
  object space 349696K, 100% used [0x00000000e0000000,0x00000000f5580000,0x00000000f5580000)
 Metaspace       used 53445K, committed 54464K, reserved 1105920K
  class space    used 5279K, committed 5696K, reserved 1048576K
}
Event: 2405.626 GC heap after
{Heap after GC invocations=1095 (full 1020):
 PSYoungGen      total 33792K, used 20479K [0x00000000f5580000, 0x00000000fa700000, 0x0000000100000000)
  eden space 20480K, 99% used [0x00000000f5580000,0x00000000f697fff0,0x00000000f6980000)
  from space 13312K, 0% used [0x00000000f8780000,0x00000000f8780000,0x00000000f9480000)
  to   space 30720K, 0% used [0x00000000f6980000,0x00000000f6980000,0x00000000f8780000)
 ParOldGen       total 349696K, used 349695K [0x00000000e0000000, 0x00000000f5580000, 0x00000000f5580000)
  object space 349696K, 99% used [0x00000000e0000000,0x00000000f557ffc0,0x00000000f5580000)
 Metaspace       used 53445K, committed 54464K, reserved 1105920K
  class space    used 5279K, committed 5696K, reserved 1048576K
}
Event: 2405.628 GC heap before
{Heap before GC invocations=1096 (full 1021):
 PSYoungGen      total 33792K, used 20480K [0x00000000f5580000, 0x00000000fa700000, 0x0000000100000000)
  eden space 20480K, 100% used [0x00000000f5580000,0x00000000f6980000,0x00000000f6980000)
  from space 13312K, 0% used [0x00000000f8780000,0x00000000f8780000,0x00000000f9480000)
  to   space 30720K, 0% used [0x00000000f6980000,0x00000000f6980000,0x00000000f8780000)
 ParOldGen       total 349696K, used 349695K [0x00000000e0000000, 0x00000000f5580000, 0x00000000f5580000)
  object space 349696K, 99% used [0x00000000e0000000,0x00000000f557fff8,0x00000000f5580000)
 Metaspace       used 53445K, committed 54464K, reserved 1105920K
  class space    used 5279K, committed 5696K, reserved 1048576K
}
Event: 2407.548 GC heap after
{Heap after GC invocations=1096 (full 1021):
 PSYoungGen      total 51200K, used 20479K [0x00000000f5580000, 0x00000000fa700000, 0x0000000100000000)
  eden space 20480K, 99% used [0x00000000f5580000,0x00000000f697ffd0,0x00000000f6980000)
  from space 30720K, 0% used [0x00000000f6980000,0x00000000f6980000,0x00000000f8780000)
  to   space 13312K, 0% used [0x00000000f8780000,0x00000000f8780000,0x00000000f9480000)
 ParOldGen       total 349696K, used 349695K [0x00000000e0000000, 0x00000000f5580000, 0x00000000f5580000)
  object space 349696K, 99% used [0x00000000e0000000,0x00000000f557ffe8,0x00000000f5580000)
 Metaspace       used 53445K, committed 54464K, reserved 1105920K
  class space    used 5279K, committed 5696K, reserved 1048576K
}
Event: 2407.555 GC heap before
{Heap before GC invocations=1097 (full 1022):
 PSYoungGen      total 51200K, used 20479K [0x00000000f5580000, 0x00000000fa700000, 0x0000000100000000)
  eden space 20480K, 99% used [0x00000000f5580000,0x00000000f697fff0,0x00000000f6980000)
  from space 30720K, 0% used [0x00000000f6980000,0x00000000f6980000,0x00000000f8780000)
  to   space 13312K, 0% used [0x00000000f8780000,0x00000000f8780000,0x00000000f9480000)
 ParOldGen       total 349696K, used 349695K [0x00000000e0000000, 0x00000000f5580000, 0x00000000f5580000)
  object space 349696K, 99% used [0x00000000e0000000,0x00000000f557ffe8,0x00000000f5580000)
 Metaspace       used 53445K, committed 54464K, reserved 1105920K
  class space    used 5279K, committed 5696K, reserved 1048576K
}
Event: 2410.071 GC heap after
{Heap after GC invocations=1097 (full 1022):
 PSYoungGen      total 33792K, used 20479K [0x00000000f5580000, 0x00000000fa700000, 0x0000000100000000)
  eden space 20480K, 99% used [0x00000000f5580000,0x00000000f697fff0,0x00000000f6980000)
  from space 13312K, 0% used [0x00000000f8780000,0x00000000f8780000,0x00000000f9480000)
  to   space 30720K, 0% used [0x00000000f6980000,0x00000000f6980000,0x00000000f8780000)
 ParOldGen       total 349696K, used 349693K [0x00000000e0000000, 0x00000000f5580000, 0x00000000f5580000)
  object space 349696K, 99% used [0x00000000e0000000,0x00000000f557f778,0x00000000f5580000)
 Metaspace       used 53445K, committed 54464K, reserved 1105920K
  class space    used 5279K, committed 5696K, reserved 1048576K
}
Event: 2410.072 GC heap before
{Heap before GC invocations=1098 (full 1023):
 PSYoungGen      total 33792K, used 20480K [0x00000000f5580000, 0x00000000fa700000, 0x0000000100000000)
  eden space 20480K, 100% used [0x00000000f5580000,0x00000000f6980000,0x00000000f6980000)
  from space 13312K, 0% used [0x00000000f8780000,0x00000000f8780000,0x00000000f9480000)
  to   space 30720K, 0% used [0x00000000f6980000,0x00000000f6980000,0x00000000f8780000)
 ParOldGen       total 349696K, used 349694K [0x00000000e0000000, 0x00000000f5580000, 0x00000000f5580000)
  object space 349696K, 99% used [0x00000000e0000000,0x00000000f557faf0,0x00000000f5580000)
 Metaspace       used 53445K, committed 54464K, reserved 1105920K
  class space    used 5279K, committed 5696K, reserved 1048576K
}
Event: 2412.231 GC heap after
{Heap after GC invocations=1098 (full 1023):
 PSYoungGen      total 51200K, used 20479K [0x00000000f5580000, 0x00000000fa700000, 0x0000000100000000)
  eden space 20480K, 99% used [0x00000000f5580000,0x00000000f697fff0,0x00000000f6980000)
  from space 30720K, 0% used [0x00000000f6980000,0x00000000f6980000,0x00000000f8780000)
  to   space 13312K, 0% used [0x00000000f8780000,0x00000000f8780000,0x00000000f9480000)
 ParOldGen       total 349696K, used 349693K [0x00000000e0000000, 0x00000000f5580000, 0x00000000f5580000)
  object space 349696K, 99% used [0x00000000e0000000,0x00000000f557f7b0,0x00000000f5580000)
 Metaspace       used 53445K, committed 54464K, reserved 1105920K
  class space    used 5279K, committed 5696K, reserved 1048576K
}
Event: 2412.231 GC heap before
{Heap before GC invocations=1099 (full 1024):
 PSYoungGen      total 51200K, used 20479K [0x00000000f5580000, 0x00000000fa700000, 0x0000000100000000)
  eden space 20480K, 99% used [0x00000000f5580000,0x00000000f697fff0,0x00000000f6980000)
  from space 30720K, 0% used [0x00000000f6980000,0x00000000f6980000,0x00000000f8780000)
  to   space 13312K, 0% used [0x00000000f8780000,0x00000000f8780000,0x00000000f9480000)
 ParOldGen       total 349696K, used 349693K [0x00000000e0000000, 0x00000000f5580000, 0x00000000f5580000)
  object space 349696K, 99% used [0x00000000e0000000,0x00000000f557f7b0,0x00000000f5580000)
 Metaspace       used 53445K, committed 54464K, reserved 1105920K
  class space    used 5279K, committed 5696K, reserved 1048576K
}
Event: 2414.339 GC heap after
{Heap after GC invocations=1099 (full 1024):
 PSYoungGen      total 33792K, used 20479K [0x00000000f5580000, 0x00000000fa700000, 0x0000000100000000)
  eden space 20480K, 99% used [0x00000000f5580000,0x00000000f697fff0,0x00000000f6980000)
  from space 13312K, 0% used [0x00000000f8780000,0x00000000f8780000,0x00000000f9480000)
  to   space 30720K, 0% used [0x00000000f6980000,0x00000000f6980000,0x00000000f8780000)
 ParOldGen       total 349696K, used 349693K [0x00000000e0000000, 0x00000000f5580000, 0x00000000f5580000)
  object space 349696K, 99% used [0x00000000e0000000,0x00000000f557f7b0,0x00000000f5580000)
 Metaspace       used 53445K, committed 54464K, reserved 1105920K
  class space    used 5279K, committed 5696K, reserved 1048576K
}

Dll operation events (8 events):
Event: 0.009 Loaded shared library /nix/store/gpxl5qgg8kicmcvivwmybwjlpf7wh20l-graalvm17-ce-22.3.0/lib/libjava.so
Event: 0.130 Loaded shared library /nix/store/gpxl5qgg8kicmcvivwmybwjlpf7wh20l-graalvm17-ce-22.3.0/lib/libjsvml.so
Event: 0.927 Loaded shared library /nix/store/gpxl5qgg8kicmcvivwmybwjlpf7wh20l-graalvm17-ce-22.3.0/lib/libnio.so
Event: 0.938 Loaded shared library /nix/store/gpxl5qgg8kicmcvivwmybwjlpf7wh20l-graalvm17-ce-22.3.0/lib/libzip.so
Event: 1.008 Loaded shared library /nix/store/gpxl5qgg8kicmcvivwmybwjlpf7wh20l-graalvm17-ce-22.3.0/lib/libjvmcicompiler.so
Event: 2.525 Loaded shared library /nix/store/gpxl5qgg8kicmcvivwmybwjlpf7wh20l-graalvm17-ce-22.3.0/lib/libjimage.so
Event: 8.018 Loaded shared library /nix/store/gpxl5qgg8kicmcvivwmybwjlpf7wh20l-graalvm17-ce-22.3.0/lib/libnet.so
Event: 11.415 Loaded shared library /home/runner/.cache/jdt-language-server/config/org.eclipse.equinox.launcher/org.eclipse.equinox.launcher.gtk.linux.x86_64_1.2.400.v20211117-0650/eclipse_11600.so

Deoptimization events (20 events):
Event: 191.370 Thread 0x00007fc2c04bad60 DEOPT PACKING pc=0x00007fc31410d805 sp=0x00007fc2d8bfe530
Event: 191.370 Thread 0x00007fc2c04bad60 DEOPT UNPACKING pc=0x00007fc313505325 sp=0x00007fc2d8bfda20 mode 0
Event: 191.399 Thread 0x00007fc2c04bad60 DEOPT PACKING pc=0x00007fc31410d805 sp=0x00007fc2d8bfe530
Event: 191.399 Thread 0x00007fc2c04bad60 DEOPT UNPACKING pc=0x00007fc313505325 sp=0x00007fc2d8bfda20 mode 0
Event: 191.421 Thread 0x00007fc2c04bad60 DEOPT PACKING pc=0x00007fc31410d805 sp=0x00007fc2d8bfe530
Event: 191.421 Thread 0x00007fc2c04bad60 DEOPT UNPACKING pc=0x00007fc313505325 sp=0x00007fc2d8bfda20 mode 0
Event: 191.443 Thread 0x00007fc2c04bad60 DEOPT PACKING pc=0x00007fc31410d805 sp=0x00007fc2d8bfe530
Event: 191.443 Thread 0x00007fc2c04bad60 DEOPT UNPACKING pc=0x00007fc313505325 sp=0x00007fc2d8bfda20 mode 0
Event: 191.628 Thread 0x00007fc2c04bad60 DEOPT PACKING pc=0x00007fc31410d805 sp=0x00007fc2d8bfe530
Event: 191.628 Thread 0x00007fc2c04bad60 DEOPT UNPACKING pc=0x00007fc313505325 sp=0x00007fc2d8bfda20 mode 0
Event: 191.629 Thread 0x00007fc2c04bad60 DEOPT PACKING pc=0x00007fc31410d805 sp=0x00007fc2d8bfe530
Event: 191.629 Thread 0x00007fc2c04bad60 DEOPT UNPACKING pc=0x00007fc313505325 sp=0x00007fc2d8bfda20 mode 0
Event: 2370.323 Thread 0x00007fc2b40188f0 Uncommon trap: trap_request=0xffffff8f fr.pc=0x00007fc31b037c05 relative=0x0000000000000165
Event: 2370.323 Thread 0x00007fc2b40188f0 Uncommon trap: reason=constraint action=none pc=0x00007fc31b037c05 method=java.lang.AbstractStringBuilder.<init>(I)V @ 0 jvmci
Event: 2372.498 Thread 0x00007fc2b40188f0 DEOPT PACKING pc=0x00007fc31b037c05 sp=0x00007fc2d96fe620
Event: 2372.498 Thread 0x00007fc2b40188f0 DEOPT UNPACKING pc=0x00007fc313505325 sp=0x00007fc2d96fdab8 mode 3
Event: 2399.308 Thread 0x00007fc2c04bad60 Uncommon trap: trap_request=0xffffff8f fr.pc=0x00007fc31b208340 relative=0x0000000000001080
Event: 2399.308 Thread 0x00007fc2c04bad60 Uncommon trap: reason=constraint action=none pc=0x00007fc31b208340 method=org.eclipse.jdt.internal.core.index.DiskIndex.copyQueryResults(Lorg/eclipse/jdt/internal/compiler/util/HashtableOfObject;I)V @ 123 jvmci
Event: 2399.308 Thread 0x00007fc2c04bad60 DEOPT PACKING pc=0x00007fc31b208340 sp=0x00007fc2d8bfe550
Event: 2399.308 Thread 0x00007fc2c04bad60 DEOPT UNPACKING pc=0x00007fc313505325 sp=0x00007fc2d8bfda28 mode 3

Classes unloaded (20 events):
Event: 212.232 Thread 0x00007fc32c0a1640 Unloading class 0x0000000800d94c00 'java/lang/invoke/LambdaForm$MH+0x0000000800d94c00'
Event: 212.232 Thread 0x00007fc32c0a1640 Unloading class 0x0000000800d94800 'java/lang/invoke/LambdaForm$MH+0x0000000800d94800'
Event: 212.232 Thread 0x00007fc32c0a1640 Unloading class 0x0000000800d94400 'java/lang/invoke/LambdaForm$MH+0x0000000800d94400'
Event: 212.232 Thread 0x00007fc32c0a1640 Unloading class 0x0000000800d94000 'java/lang/invoke/LambdaForm$MH+0x0000000800d94000'
Event: 212.232 Thread 0x00007fc32c0a1640 Unloading class 0x0000000800cb2400 'java/lang/invoke/LambdaForm$MH+0x0000000800cb2400'
Event: 212.232 Thread 0x00007fc32c0a1640 Unloading class 0x0000000800cb1c00 'java/lang/invoke/LambdaForm$MH+0x0000000800cb1c00'
Event: 212.232 Thread 0x00007fc32c0a1640 Unloading class 0x0000000800cb1800 'java/lang/invoke/LambdaForm$MH+0x0000000800cb1800'
Event: 212.232 Thread 0x00007fc32c0a1640 Unloading class 0x0000000800cb1400 'java/lang/invoke/LambdaForm$MH+0x0000000800cb1400'
Event: 212.232 Thread 0x00007fc32c0a1640 Unloading class 0x0000000800cb0c00 'java/lang/invoke/LambdaForm$MH+0x0000000800cb0c00'
Event: 212.232 Thread 0x00007fc32c0a1640 Unloading class 0x0000000800cb0800 'java/lang/invoke/LambdaForm$MH+0x0000000800cb0800'
Event: 212.232 Thread 0x00007fc32c0a1640 Unloading class 0x0000000800cb0400 'java/lang/invoke/LambdaForm$MH+0x0000000800cb0400'
Event: 212.232 Thread 0x00007fc32c0a1640 Unloading class 0x0000000800cab400 'java/lang/invoke/LambdaForm$MH+0x0000000800cab400'
Event: 222.573 Thread 0x00007fc32c0a1640 Unloading class 0x000000080108d400 'jdk/internal/reflect/GeneratedMethodAccessor12'
Event: 222.573 Thread 0x00007fc32c0a1640 Unloading class 0x000000080108d000 'jdk/internal/reflect/GeneratedMethodAccessor11'
Event: 222.573 Thread 0x00007fc32c0a1640 Unloading class 0x000000080107c000 'jdk/internal/reflect/GeneratedMethodAccessor9'
Event: 222.573 Thread 0x00007fc32c0a1640 Unloading class 0x0000000800e08c00 'jdk/internal/reflect/GeneratedMethodAccessor8'
Event: 228.510 Thread 0x00007fc32c0a1640 Unloading class 0x000000080107c400 'jdk/internal/reflect/GeneratedMethodAccessor10'
Event: 228.510 Thread 0x00007fc32c0a1640 Unloading class 0x0000000800ff4000 'jdk/internal/reflect/GeneratedConstructorAccessor14'
Event: 233.181 Thread 0x00007fc32c0a1640 Unloading class 0x0000000801168000 'jdk/internal/reflect/GeneratedConstructorAccessor24'
Event: 233.181 Thread 0x00007fc32c0a1640 Unloading class 0x0000000800e05c00 'jdk/internal/reflect/GeneratedMethodAccessor7'

Classes redefined (0 events):
No events

Internal exceptions (20 events):
Event: 59.108 Thread 0x00007fc2b0014f30 Exception <a 'java/io/FileNotFoundException'{0x00000000f5cc7340}> (0x00000000f5cc7340) 
thrown [src/hotspot/share/prims/jni.cpp, line 516]
Event: 59.109 Thread 0x00007fc2b0014f30 Exception <a 'java/io/FileNotFoundException'{0x00000000f5cc85c0}> (0x00000000f5cc85c0) 
thrown [src/hotspot/share/prims/jni.cpp, line 516]
Event: 61.713 Thread 0x00007fc2b00010d0 Implicit null exception at 0x00007fc31b0cb4a2 to 0x00007fc31b0cb832
Event: 62.601 Thread 0x00007fc2b00010d0 Implicit null exception at 0x00007fc31b086769 to 0x00007fc31b08691b
Event: 66.621 Thread 0x00007fc2b4000ff0 Exception <a 'java/lang/NoSuchMethodError'{0x00000000f62996b0}: 'java.lang.Object java.lang.invoke.DirectMethodHandle$Holder.invokeStatic(java.lang.Object, java.lang.Object, int, java.lang.Object)'> (0x00000000f62996b0) 
thrown [src/hotspot/share/interpreter/linkResolver.cpp, line 758]
Event: 66.628 Thread 0x00007fc2b4000ff0 Exception <a 'java/lang/NoSuchMethodError'{0x00000000f62a1478}: 'java.lang.Object java.lang.invoke.DirectMethodHandle$Holder.newInvokeSpecial(java.lang.Object, java.lang.Object, int)'> (0x00000000f62a1478) 
thrown [src/hotspot/share/interpreter/linkResolver.cpp, line 758]
Event: 69.934 Thread 0x00007fc2a4158000 Exception <a 'java/io/FileNotFoundException'{0x00000000f5bfb148}> (0x00000000f5bfb148) 
thrown [src/hotspot/share/prims/jni.cpp, line 516]
Event: 70.501 Thread 0x00007fc2a4157250 Exception <a 'java/lang/NoSuchMethodError'{0x00000000f606b520}: 'java.lang.Object java.lang.invoke.DirectMethodHandle$Holder.newInvokeSpecial(java.lang.Object, java.lang.Object, int, java.lang.Object, java.lang.Object, java.lang.Object, java.lang.Object)'> (0x00000000f606b520) 
thrown [src/hotspot/share/interpreter/linkResolver.cpp, line 758]
Event: 71.009 Thread 0x00007fc2a4158000 Exception <a 'java/lang/NoSuchMethodError'{0x00000000f64e49b0}: 'void java.lang.invoke.DirectMethodHandle$Holder.invokeVirtual(java.lang.Object, java.lang.Object)'> (0x00000000f64e49b0) 
thrown [src/hotspot/share/interpreter/linkResolver.cpp, line 758]
Event: 71.117 Thread 0x00007fc2a4157250 Exception <a 'java/lang/NoSuchMethodError'{0x00000000f6541dd8}: 'void java.lang.invoke.DirectMethodHandle$Holder.invokeSpecial(java.lang.Object, java.lang.Object, int)'> (0x00000000f6541dd8) 
thrown [src/hotspot/share/interpreter/linkResolver.cpp, line 758]
Event: 71.821 Thread 0x00007fc2a4158000 Exception <a 'java/lang/NoSuchMethodError'{0x00000000f68d6448}: 'java.lang.Object java.lang.invoke.DirectMethodHandle$Holder.invokeStatic(java.lang.Object, int, java.lang.Object, java.lang.Object, java.lang.Object, java.lang.Object)'> (0x00000000f68d6448) 
thrown [src/hotspot/share/interpreter/linkResolver.cpp, line 758]
Event: 71.822 Thread 0x00007fc2a4158000 Exception <a 'java/lang/NoSuchMethodError'{0x00000000f68de8b0}: 'java.lang.Object java.lang.invoke.DirectMethodHandle$Holder.newInvokeSpecial(java.lang.Object, int, java.lang.Object, java.lang.Object, java.lang.Object)'> (0x00000000f68de8b0) 
thrown [src/hotspot/share/interpreter/linkResolver.cpp, line 758]
Event: 72.033 Thread 0x00007fc2a4157250 Exception <a 'java/lang/NoSuchMethodError'{0x00000000f6ac12f8}: 'int java.lang.invoke.DirectMethodHandle$Holder.invokeSpecial(java.lang.Object, java.lang.Object, java.lang.Object)'> (0x00000000f6ac12f8) 
thrown [src/hotspot/share/interpreter/linkResolver.cpp, line 758]
Event: 73.325 Thread 0x00007fc2a4158000 Exception <a 'java/lang/NoSuchMethodError'{0x00000000f5fa7a60}: 'int java.lang.invoke.DirectMethodHandle$Holder.invokeSpecialIFC(java.lang.Object, java.lang.Object, java.lang.Object, java.lang.Object)'> (0x00000000f5fa7a60) 
thrown [src/hotspot/share/interpreter/linkResolver.cpp, line 758]
Event: 114.923 Thread 0x00007fc2c04bad60 Implicit null exception at 0x00007fc31b1626c6 to 0x00007fc31b165025
Event: 2370.323 Thread 0x00007fc2b40188f0 Exception <a 'java/lang/OutOfMemoryError'{0x00000000e00d14f0}> (0x00000000e00d14f0) 
thrown [src/hotspot/share/gc/shared/memAllocator.cpp, line 138]
Event: 2370.323 Thread 0x00007fc2b40188f0 Implicit null exception at 0x00007fc31b037bd7 to 0x00007fc31b037bea
Event: 2399.308 Thread 0x00007fc2c04bad60 Exception <a 'java/lang/OutOfMemoryError'{0x00000000e00d0f50}> (0x00000000e00d0f50) 
thrown [src/hotspot/share/gc/shared/memAllocator.cpp, line 138]
Event: 2399.308 Thread 0x00007fc2c04bad60 Implicit null exception at 0x00007fc31b207db0 to 0x00007fc31b208325
Event: 2414.339 Thread 0x00007fc32c0b1c40 Exception <a 'java/lang/OutOfMemoryError'{0x00000000e00d0cd0}> (0x00000000e00d0cd0) 
thrown [src/hotspot/share/gc/shared/memAllocator.cpp, line 136]

VM Operations (20 events):
Event: 2389.255 Executing VM operation: ParallelGCFailedAllocation
Event: 2391.305 Executing VM operation: ParallelGCFailedAllocation done
Event: 2391.306 Executing VM operation: ParallelGCFailedAllocation
Event: 2393.305 Executing VM operation: ParallelGCFailedAllocation done
Event: 2393.305 Executing VM operation: ParallelGCFailedAllocation
Event: 2395.428 Executing VM operation: ParallelGCFailedAllocation done
Event: 2395.428 Executing VM operation: ParallelGCFailedAllocation
Event: 2399.307 Executing VM operation: ParallelGCFailedAllocation done
Event: 2399.308 Executing VM operation: ParallelGCFailedAllocation
Event: 2401.155 Executing VM operation: ParallelGCFailedAllocation done
Event: 2401.163 Executing VM operation: ParallelGCFailedAllocation
Event: 2403.346 Executing VM operation: ParallelGCFailedAllocation done
Event: 2403.347 Executing VM operation: ParallelGCFailedAllocation
Event: 2405.627 Executing VM operation: ParallelGCFailedAllocation done
Event: 2405.627 Executing VM operation: ParallelGCFailedAllocation
Event: 2407.548 Executing VM operation: ParallelGCFailedAllocation done
Event: 2407.549 Executing VM operation: ParallelGCFailedAllocation
Event: 2410.071 Executing VM operation: ParallelGCFailedAllocation done
Event: 2410.072 Executing VM operation: ParallelGCFailedAllocation
Event: 2414.339 Executing VM operation: ParallelGCFailedAllocation done

Events (20 events):
Event: 2133.914 loading class java/util/stream/Nodes$CollectorTask
Event: 2133.914 loading class java/util/stream/Nodes$CollectorTask done
Event: 2133.914 loading class java/util/stream/Nodes$CollectorTask$OfRef done
Event: 2160.434 loading class java/util/function/LongFunction
Event: 2160.435 loading class java/util/function/LongFunction done
Event: 2168.708 loading class java/util/stream/Nodes$ConcNode
Event: 2168.710 loading class java/util/stream/Nodes$AbstractConcNode
Event: 2177.413 loading class java/util/stream/Nodes$AbstractConcNode done
Event: 2177.413 loading class java/util/stream/Nodes$ConcNode done
Event: 2254.021 loading class java/util/stream/Nodes$ToArrayTask$OfRef
Event: 2254.021 loading class java/util/stream/Nodes$ToArrayTask
Event: 2255.815 loading class java/util/stream/Nodes$ToArrayTask done
Event: 2262.723 loading class java/util/stream/Nodes$ToArrayTask$OfRef done
Event: 2290.226 Thread 0x00007fc2a82e2e50 Thread exited: 0x00007fc2a82e2e50
Event: 2348.582 loading class java/io/ObjectOutputStream$BlockDataOutputStream
Event: 2356.703 loading class java/io/ObjectOutputStream$BlockDataOutputStream done
Event: 2360.730 loading class java/io/ObjectOutputStream$HandleTable
Event: 2372.499 loading class java/io/ObjectOutputStream$HandleTable done
Event: 2372.499 loading class java/io/ObjectOutputStream$ReplaceTable
Event: 2372.499 loading class java/io/ObjectOutputStream$ReplaceTable done


Dynamic libraries:
e0000000-f0680000 rw-p 00000000 00:00 0 
f0680000-fa700000 rw-p 00000000 00:00 0 
fa700000-100000000 ---p 00000000 00:00 0 
800000000-800449000 rw-p 00001000 00:1a87 707969865                      /nix/store/gpxl5qgg8kicmcvivwmybwjlpf7wh20l-graalvm17-ce-22.3.0/lib/server/classes.jsa
800449000-800bc8000 r--p 0044a000 00:1a87 707969865                      /nix/store/gpxl5qgg8kicmcvivwmybwjlpf7wh20l-graalvm17-ce-22.3.0/lib/server/classes.jsa
800bc8000-800c00000 ---p 00000000 00:00 0 
800c00000-800c10000 rw-p 00000000 00:00 0 
800c10000-800c30000 rw-p 00000000 00:00 0 
800c30000-800cb0000 rw-p 00000000 00:00 0 
800cb0000-800cf0000 rw-p 00000000 00:00 0 
800cf0000-800db0000 rw-p 00000000 00:00 0 
800db0000-800df0000 rw-p 00000000 00:00 0 
800df0000-801190000 rw-p 00000000 00:00 0 
801190000-840c00000 ---p 00000000 00:00 0 
558089ff4000-558089ff5000 r-xp 00000000 00:1a87 672029940                /nix/store/gpxl5qgg8kicmcvivwmybwjlpf7wh20l-graalvm17-ce-22.3.0/bin/.java-wrapped
558089ff6000-558089ff7000 r--p 00001000 00:1a87 672029940                /nix/store/gpxl5qgg8kicmcvivwmybwjlpf7wh20l-graalvm17-ce-22.3.0/bin/.java-wrapped
558089ff7000-558089ff8000 rw-p 00002000 00:1a87 672029940                /nix/store/gpxl5qgg8kicmcvivwmybwjlpf7wh20l-graalvm17-ce-22.3.0/bin/.java-wrapped
558089ff8000-558089ff9000 rw-p 00004000 00:1a87 672029940                /nix/store/gpxl5qgg8kicmcvivwmybwjlpf7wh20l-graalvm17-ce-22.3.0/bin/.java-wrapped
558089ff9000-558089ffa000 rw-p 00005000 00:1a87 672029940                /nix/store/gpxl5qgg8kicmcvivwmybwjlpf7wh20l-graalvm17-ce-22.3.0/bin/.java-wrapped
55808a96c000-55808a9b4000 rw-p 00000000 00:00 0                          [heap]
7fc280000000-7fc280083000 rw-p 00000000 00:00 0 
7fc280083000-7fc284000000 ---p 00000000 00:00 0 
7fc284000000-7fc2840b9000 rw-p 00000000 00:00 0 
7fc2840b9000-7fc288000000 ---p 00000000 00:00 0 
7fc288000000-7fc288021000 rw-p 00000000 00:00 0 
7fc288021000-7fc28c000000 ---p 00000000 00:00 0 
7fc28e4b3000-7fc298000000 r--s 00000000 00:1a87 707804677                /nix/store/gpxl5qgg8kicmcvivwmybwjlpf7wh20l-graalvm17-ce-22.3.0/lib/modules
7fc298000000-7fc298389000 rw-p 00000000 00:00 0 
7fc298389000-7fc29c000000 ---p 00000000 00:00 0 
7fc29d800000-7fc29d820000 rw-p 00000000 00:00 0 
7fc29d820000-7fc29e000000 ---p 00000000 00:00 0 
7fc29e000000-7fc29e7f0000 rw-p 00000000 00:00 0 
7fc29e7f0000-7fc29e800000 rw-p 00000000 00:00 0 
7fc29f000000-7fc29f230000 rw-p 00000000 00:00 0 
7fc29f230000-7fc29f4f0000 rw-p 00000000 00:00 0 
7fc29f4f0000-7fc29f580000 rw-p 00000000 00:00 0 
7fc29f580000-7fc29f600000 ---p 00000000 00:00 0 
7fc29f600000-7fc29f7f0000 rw-p 00000000 00:00 0 
7fc29f7f0000-7fc29f9b0000 rw-p 00000000 00:00 0 
7fc29f9b0000-7fc29f9f0000 rw-p 00000000 00:00 0 
7fc29f9f0000-7fc29fdf0000 rw-p 00000000 00:00 0 
7fc29fdf0000-7fc29ffb0000 rw-p 00000000 00:00 0 
7fc29ffb0000-7fc2a0000000 rw-p 00000000 00:00 0 
7fc2a0000000-7fc2a0021000 rw-p 00000000 00:00 0 
7fc2a0021000-7fc2a4000000 ---p 00000000 00:00 0 
7fc2a4000000-7fc2a417f000 rw-p 00000000 00:00 0 
7fc2a417f000-7fc2a8000000 ---p 00000000 00:00 0 
7fc2a8000000-7fc2a8325000 rw-p 00000000 00:00 0 
7fc2a8325000-7fc2ac000000 ---p 00000000 00:00 0 
7fc2ac000000-7fc2ac021000 rw-p 00000000 00:00 0 
7fc2ac021000-7fc2b0000000 ---p 00000000 00:00 0 
7fc2b0000000-7fc2b0021000 rw-p 00000000 00:00 0 
7fc2b0021000-7fc2b4000000 ---p 00000000 00:00 0 
7fc2b4000000-7fc2b41a0000 rw-p 00000000 00:00 0 
7fc2b41a0000-7fc2b8000000 ---p 00000000 00:00 0 
7fc2b8000000-7fc2b8021000 rw-p 00000000 00:00 0 
7fc2b8021000-7fc2bc000000 ---p 00000000 00:00 0 
7fc2bc000000-7fc2bc021000 rw-p 00000000 00:00 0 
7fc2bc021000-7fc2c0000000 ---p 00000000 00:00 0 
7fc2c0000000-7fc2c08e7000 rw-p 00000000 00:00 0 
7fc2c08e7000-7fc2c4000000 ---p 00000000 00:00 0 
7fc2c4000000-7fc2c4021000 rw-p 00000000 00:00 0 
7fc2c4021000-7fc2c8000000 ---p 00000000 00:00 0 
7fc2c8000000-7fc2c8021000 rw-p 00000000 00:00 0 
7fc2c8021000-7fc2cc000000 ---p 00000000 00:00 0 
7fc2cc000000-7fc2cc021000 rw-p 00000000 00:00 0 
7fc2cc021000-7fc2d0000000 ---p 00000000 00:00 0 
7fc2d0000000-7fc2d00c8000 rw-p 00000000 00:00 0 
7fc2d00c8000-7fc2d4000000 ---p 00000000 00:00 0 
7fc2d5000000-7fc2d50f0000 rw-p 00000000 00:00 0 
7fc2d50f0000-7fc2d51f0000 rw-p 00000000 00:00 0 
7fc2d51f0000-7fc2d55f0000 rw-p 00000000 00:00 0 
7fc2d55f0000-7fc2d57f0000 rw-p 00000000 00:00 0 
7fc2d57f0000-7fc2d58f0000 rw-p 00000000 00:00 0 
7fc2d58f0000-7fc2d59f0000 rw-p 00000000 00:00 0 
7fc2d59f0000-7fc2d5f70000 rw-p 00000000 00:00 0 
7fc2d5f70000-7fc2d6000000 rw-p 00000000 00:00 0 
7fc2d6200000-7fc2d6210000 r-xp 00000000 00:1a71 390                      /home/runner/.cache/jdt-language-server/config/org.eclipse.equinox.launcher/org.eclipse.equinox.launcher.gtk.linux.x86_64_1.2.400.v20211117-0650/eclipse_11600.so
7fc2d6210000-7fc2d640f000 ---p 00010000 00:1a71 390                      /home/runner/.cache/jdt-language-server/config/org.eclipse.equinox.launcher/org.eclipse.equinox.launcher.gtk.linux.x86_64_1.2.400.v20211117-0650/eclipse_11600.so
7fc2d640f000-7fc2d6410000 r--p 0000f000 00:1a71 390                      /home/runner/.cache/jdt-language-server/config/org.eclipse.equinox.launcher/org.eclipse.equinox.launcher.gtk.linux.x86_64_1.2.400.v20211117-0650/eclipse_11600.so
7fc2d6410000-7fc2d6411000 rw-p 00010000 00:1a71 390                      /home/runner/.cache/jdt-language-server/config/org.eclipse.equinox.launcher/org.eclipse.equinox.launcher.gtk.linux.x86_64_1.2.400.v20211117-0650/eclipse_11600.so
7fc2d6f00000-7fc2d7000000 ---p 00000000 00:00 0 
7fc2d7000000-7fc2d75af000 r--p 01122000 00:1a87 707802136                /nix/store/gpxl5qgg8kicmcvivwmybwjlpf7wh20l-graalvm17-ce-22.3.0/lib/libjvmcicompiler.so
7fc2d75af000-7fc2d7700000 r--p 00000000 00:00 0 
7fc2d7700000-7fc2d773d000 rw-p 00000000 00:00 0 
7fc2d773d000-7fc2d7c5d000 rw-p 0185f000 00:1a87 707802136                /nix/store/gpxl5qgg8kicmcvivwmybwjlpf7wh20l-graalvm17-ce-22.3.0/lib/libjvmcicompiler.so
7fc2d7c5d000-7fc2d8044000 r--p 01d7f000 00:1a87 707802136                /nix/store/gpxl5qgg8kicmcvivwmybwjlpf7wh20l-graalvm17-ce-22.3.0/lib/libjvmcicompiler.so
7fc2d8100000-7fc2d8104000 ---p 00000000 00:00 0 
7fc2d8104000-7fc2d8200000 rw-p 00000000 00:00 0 
7fc2d8200000-7fc2d8204000 ---p 00000000 00:00 0 
7fc2d8204000-7fc2d8300000 rw-p 00000000 00:00 0 
7fc2d8300000-7fc2d8304000 ---p 00000000 00:00 0 
7fc2d8304000-7fc2d8400000 rw-p 00000000 00:00 0 
7fc2d8500000-7fc2d8504000 ---p 00000000 00:00 0 
7fc2d8504000-7fc2d8600000 rw-p 00000000 00:00 0 
7fc2d8700000-7fc2d8704000 ---p 00000000 00:00 0 
7fc2d8704000-7fc2d8800000 rw-p 00000000 00:00 0 
7fc2d8900000-7fc2d8904000 ---p 00000000 00:00 0 
7fc2d8904000-7fc2d8a00000 rw-p 00000000 00:00 0 
7fc2d8b00000-7fc2d8b04000 ---p 00000000 00:00 0 
7fc2d8b04000-7fc2d8c00000 rw-p 00000000 00:00 0 
7fc2d8d00000-7fc2d8d04000 ---p 00000000 00:00 0 
7fc2d8d04000-7fc2d8e00000 rw-p 00000000 00:00 0 
7fc2d8f00000-7fc2d8f04000 ---p 00000000 00:00 0 
7fc2d8f04000-7fc2d9000000 rw-p 00000000 00:00 0 
7fc2d9100000-7fc2d9104000 ---p 00000000 00:00 0 
7fc2d9104000-7fc2d9200000 rw-p 00000000 00:00 0 
7fc2d9300000-7fc2d9304000 ---p 00000000 00:00 0 
7fc2d9304000-7fc2d9400000 rw-p 00000000 00:00 0 
7fc2d9500000-7fc2d9504000 ---p 00000000 00:00 0 
7fc2d9504000-7fc2d9600000 rw-p 00000000 00:00 0 
7fc2d9600000-7fc2d9604000 ---p 00000000 00:00 0 
7fc2d9604000-7fc2d9700000 rw-p 00000000 00:00 0 
7fc2d9700000-7fc2d9704000 ---p 00000000 00:00 0 
7fc2d9704000-7fc2d9800000 rw-p 00000000 00:00 0 
7fc2d9900000-7fc2d9904000 ---p 00000000 00:00 0 
7fc2d9904000-7fc2d9a00000 rw-p 00000000 00:00 0 
7fc2d9b00000-7fc2d9b04000 ---p 00000000 00:00 0 
7fc2d9b04000-7fc2d9c00000 rw-p 00000000 00:00 0 
7fc2d9c00000-7fc2dbd6a000 r-xp 00000000 00:1a87 707802136                /nix/store/gpxl5qgg8kicmcvivwmybwjlpf7wh20l-graalvm17-ce-22.3.0/lib/libjvmcicompiler.so
7fc2dbd6a000-7fc2dbf69000 ---p 0216a000 00:1a87 707802136                /nix/store/gpxl5qgg8kicmcvivwmybwjlpf7wh20l-graalvm17-ce-22.3.0/lib/libjvmcicompiler.so
7fc2dbf69000-7fc2dbf6a000 r--p 02169000 00:1a87 707802136                /nix/store/gpxl5qgg8kicmcvivwmybwjlpf7wh20l-graalvm17-ce-22.3.0/lib/libjvmcicompiler.so
7fc2dbf6a000-7fc2dbf6c000 rw-p 0216a000 00:1a87 707802136                /nix/store/gpxl5qgg8kicmcvivwmybwjlpf7wh20l-graalvm17-ce-22.3.0/lib/libjvmcicompiler.so
7fc2dbf6c000-7fc2dbf6d000 rw-p 00000000 00:00 0 
7fc2dbf6d000-7fc2dbf72000 rw-p 023c3000 00:1a87 707802136                /nix/store/gpxl5qgg8kicmcvivwmybwjlpf7wh20l-graalvm17-ce-22.3.0/lib/libjvmcicompiler.so
7fc2dc000000-7fc2dc021000 rw-p 00000000 00:00 0 
7fc2dc021000-7fc2e0000000 ---p 00000000 00:00 0 
7fc2e0000000-7fc2e0021000 rw-p 00000000 00:00 0 
7fc2e0021000-7fc2e4000000 ---p 00000000 00:00 0 
7fc2e4000000-7fc2e4021000 rw-p 00000000 00:00 0 
7fc2e4021000-7fc2e8000000 ---p 00000000 00:00 0 
7fc2e8000000-7fc2e8021000 rw-p 00000000 00:00 0 
7fc2e8021000-7fc2ec000000 ---p 00000000 00:00 0 
7fc2ec000000-7fc2ec0d7000 rw-p 00000000 00:00 0 
7fc2ec0d7000-7fc2f0000000 ---p 00000000 00:00 0 
7fc2f0000000-7fc2f0aa1000 rw-p 00000000 00:00 0 
7fc2f0aa1000-7fc2f4000000 ---p 00000000 00:00 0 
7fc2f4000000-7fc2f4021000 rw-p 00000000 00:00 0 
7fc2f4021000-7fc2f8000000 ---p 00000000 00:00 0 
7fc2f8000000-7fc2f8021000 rw-p 00000000 00:00 0 
7fc2f8021000-7fc2fc000000 ---p 00000000 00:00 0 
7fc2fc000000-7fc2fc021000 rw-p 00000000 00:00 0 
7fc2fc021000-7fc300000000 ---p 00000000 00:00 0 
7fc300000000-7fc300021000 rw-p 00000000 00:00 0 
7fc300021000-7fc304000000 ---p 00000000 00:00 0 
7fc304000000-7fc304021000 rw-p 00000000 00:00 0 
7fc304021000-7fc308000000 ---p 00000000 00:00 0 
7fc308000000-7fc308021000 rw-p 00000000 00:00 0 
7fc308021000-7fc30c000000 ---p 00000000 00:00 0 
7fc30c000000-7fc30c04e000 rw-p 00000000 00:00 0 
7fc30c04e000-7fc310000000 ---p 00000000 00:00 0 
7fc310000000-7fc310004000 ---p 00000000 00:00 0 
7fc310004000-7fc310100000 rw-p 00000000 00:00 0 
7fc310d68000-7fc311200000 rw-p 00000000 00:00 0 
7fc311246000-7fc311247000 ---p 00000000 00:00 0 
7fc311247000-7fc311348000 rw-p 00000000 00:00 0 
7fc311348000-7fc31134c000 ---p 00000000 00:00 0 
7fc31134c000-7fc311448000 rw-p 00000000 00:00 0 
7fc311448000-7fc31144c000 ---p 00000000 00:00 0 
7fc31144c000-7fc311548000 rw-p 00000000 00:00 0 
7fc311548000-7fc31154c000 ---p 00000000 00:00 0 
7fc31154c000-7fc311648000 rw-p 00000000 00:00 0 
7fc311648000-7fc31164c000 ---p 00000000 00:00 0 
7fc31164c000-7fc311848000 rw-p 00000000 00:00 0 
7fc311848000-7fc31184c000 ---p 00000000 00:00 0 
7fc31184c000-7fc311a48000 rw-p 00000000 00:00 0 
7fc311a48000-7fc311a4c000 ---p 00000000 00:00 0 
7fc311a4c000-7fc311b48000 rw-p 00000000 00:00 0 
7fc311b48000-7fc311b4c000 ---p 00000000 00:00 0 
7fc311b4c000-7fc311c48000 rw-p 00000000 00:00 0 
7fc311c48000-7fc311c4c000 ---p 00000000 00:00 0 
7fc311c4c000-7fc311d48000 rw-p 00000000 00:00 0 
7fc311d48000-7fc31202e000 r--p 00000000 00:1a5c 28444448                 /usr/lib/locale/locale-archive
7fc31202e000-7fc312032000 ---p 00000000 00:00 0 
7fc312032000-7fc31212e000 rw-p 00000000 00:00 0 
7fc31212e000-7fc312132000 ---p 00000000 00:00 0 
7fc312132000-7fc31222e000 rw-p 00000000 00:00 0 
7fc31222e000-7fc31222f000 ---p 00000000 00:00 0 
7fc31222f000-7fc312330000 rw-p 00000000 00:00 0 
7fc312330000-7fc3123fe000 r-xp 00000000 00:1a87 707802132                /nix/store/gpxl5qgg8kicmcvivwmybwjlpf7wh20l-graalvm17-ce-22.3.0/lib/libjsvml.so
7fc3123fe000-7fc3123ff000 r--p 000cd000 00:1a87 707802132                /nix/store/gpxl5qgg8kicmcvivwmybwjlpf7wh20l-graalvm17-ce-22.3.0/lib/libjsvml.so
7fc3123ff000-7fc312400000 rw-p 000ce000 00:1a87 707802132                /nix/store/gpxl5qgg8kicmcvivwmybwjlpf7wh20l-graalvm17-ce-22.3.0/lib/libjsvml.so
7fc312400000-7fc3127f0000 rw-p 00000000 00:00 0 
7fc3127f0000-7fc312ab0000 rw-p 00000000 00:00 0 
7fc312ab0000-7fc312af0000 rw-p 00000000 00:00 0 
7fc312af0000-7fc312c00000 rw-p 00000000 00:00 0 
7fc312c23000-7fc312c27000 ---p 00000000 00:00 0 
7fc312c27000-7fc312c45000 rw-p 00000000 00:00 0 
7fc312c45000-7fc312c4c000 r-xp 00000000 00:1a87 707804676                /nix/store/gpxl5qgg8kicmcvivwmybwjlpf7wh20l-graalvm17-ce-22.3.0/lib/libzip.so
7fc312c4c000-7fc312c4d000 ---p 00007000 00:1a87 707804676                /nix/store/gpxl5qgg8kicmcvivwmybwjlpf7wh20l-graalvm17-ce-22.3.0/lib/libzip.so
7fc312c4d000-7fc312c4e000 r--p 00007000 00:1a87 707804676                /nix/store/gpxl5qgg8kicmcvivwmybwjlpf7wh20l-graalvm17-ce-22.3.0/lib/libzip.so
7fc312c4e000-7fc312c4f000 rw-p 00008000 00:1a87 707804676                /nix/store/gpxl5qgg8kicmcvivwmybwjlpf7wh20l-graalvm17-ce-22.3.0/lib/libzip.so
7fc312c4f000-7fc312c51000 rw-p 0000b000 00:1a87 707804676                /nix/store/gpxl5qgg8kicmcvivwmybwjlpf7wh20l-graalvm17-ce-22.3.0/lib/libzip.so
7fc312c51000-7fc312c66000 r-xp 00000000 00:1a87 707804666                /nix/store/gpxl5qgg8kicmcvivwmybwjlpf7wh20l-graalvm17-ce-22.3.0/lib/libnet.so
7fc312c66000-7fc312c67000 ---p 00015000 00:1a87 707804666                /nix/store/gpxl5qgg8kicmcvivwmybwjlpf7wh20l-graalvm17-ce-22.3.0/lib/libnet.so
7fc312c67000-7fc312c68000 r--p 00015000 00:1a87 707804666                /nix/store/gpxl5qgg8kicmcvivwmybwjlpf7wh20l-graalvm17-ce-22.3.0/lib/libnet.so
7fc312c68000-7fc312c69000 rw-p 00016000 00:1a87 707804666                /nix/store/gpxl5qgg8kicmcvivwmybwjlpf7wh20l-graalvm17-ce-22.3.0/lib/libnet.so
7fc312c69000-7fc312c6c000 rw-p 0001b000 00:1a87 707804666                /nix/store/gpxl5qgg8kicmcvivwmybwjlpf7wh20l-graalvm17-ce-22.3.0/lib/libnet.so
7fc312c6c000-7fc312c7f000 r-xp 00000000 00:1a87 707804667                /nix/store/gpxl5qgg8kicmcvivwmybwjlpf7wh20l-graalvm17-ce-22.3.0/lib/libnio.so
7fc312c7f000-7fc312c80000 r--p 00012000 00:1a87 707804667                /nix/store/gpxl5qgg8kicmcvivwmybwjlpf7wh20l-graalvm17-ce-22.3.0/lib/libnio.so
7fc312c80000-7fc312c81000 rw-p 00013000 00:1a87 707804667                /nix/store/gpxl5qgg8kicmcvivwmybwjlpf7wh20l-graalvm17-ce-22.3.0/lib/libnio.so
7fc312c81000-7fc312c86000 rw-p 00019000 00:1a87 707804667                /nix/store/gpxl5qgg8kicmcvivwmybwjlpf7wh20l-graalvm17-ce-22.3.0/lib/libnio.so
7fc312c86000-7fc3134b3000 rw-p 00000000 00:00 0 
7fc3134b3000-7fc313723000 rwxp 00000000 00:00 0 
7fc313723000-7fc313a42000 ---p 00000000 00:00 0 
7fc313a42000-7fc3147c2000 rwxp 00000000 00:00 0 
7fc3147c2000-7fc31af7a000 ---p 00000000 00:00 0 
7fc31af7a000-7fc31b21a000 rwxp 00000000 00:00 0 
7fc31b21a000-7fc3224b3000 ---p 00000000 00:00 0 
7fc3224b3000-7fc32c000000 r--s 00000000 00:1a87 707804677                /nix/store/gpxl5qgg8kicmcvivwmybwjlpf7wh20l-graalvm17-ce-22.3.0/lib/modules
7fc32c000000-7fc32c41a000 rw-p 00000000 00:00 0 
7fc32c41a000-7fc330000000 ---p 00000000 00:00 0 
7fc330000000-7fc3310ab000 rw-p 00000000 00:00 0 
7fc3310ab000-7fc3310ac000 ---p 00000000 00:00 0 
7fc3310ac000-7fc331231000 rw-p 00000000 00:00 0 
7fc331231000-7fc331281000 rw-p 00000000 00:00 0 
7fc331281000-7fc3312ad000 ---p 00000000 00:00 0 
7fc3312ad000-7fc3312b4000 rw-p 00000000 00:00 0 
7fc3312b4000-7fc331399000 ---p 00000000 00:00 0 
7fc331399000-7fc3313b4000 rw-p 00000000 00:00 0 
7fc3313b4000-7fc331484000 ---p 00000000 00:00 0 
7fc331484000-7fc331489000 rw-p 00000000 00:00 0 
7fc331489000-7fc331490000 ---p 00000000 00:00 0 
7fc331490000-7fc3314b4000 r-xp 00000000 00:1a87 707802124                /nix/store/gpxl5qgg8kicmcvivwmybwjlpf7wh20l-graalvm17-ce-22.3.0/lib/libjava.so
7fc3314b4000-7fc3314b5000 ---p 00024000 00:1a87 707802124                /nix/store/gpxl5qgg8kicmcvivwmybwjlpf7wh20l-graalvm17-ce-22.3.0/lib/libjava.so
7fc3314b5000-7fc3314b6000 r--p 00024000 00:1a87 707802124                /nix/store/gpxl5qgg8kicmcvivwmybwjlpf7wh20l-graalvm17-ce-22.3.0/lib/libjava.so
7fc3314b6000-7fc3314b7000 rw-p 00025000 00:1a87 707802124                /nix/store/gpxl5qgg8kicmcvivwmybwjlpf7wh20l-graalvm17-ce-22.3.0/lib/libjava.so
7fc3314b7000-7fc3314b8000 rw-p 00000000 00:00 0 
7fc3314b8000-7fc3314bf000 rw-p 0002f000 00:1a87 707802124                /nix/store/gpxl5qgg8kicmcvivwmybwjlpf7wh20l-graalvm17-ce-22.3.0/lib/libjava.so
7fc3314bf000-7fc3314c7000 rw-s 00000000 00:1a52 1613                     /tmp/hsperfdata_runner/56046
7fc3314c7000-7fc3314c8000 ---p 00000000 00:00 0 
7fc3314c8000-7fc3314c9000 r--p 00000000 00:00 0 
7fc3314c9000-7fc3314ca000 rwxp 00000000 00:00 0 
7fc3314ca000-7fc3314e5000 r-xp 00000000 00:1a87 707802128                /nix/store/gpxl5qgg8kicmcvivwmybwjlpf7wh20l-graalvm17-ce-22.3.0/lib/libjimage.so
7fc3314e5000-7fc3314e6000 ---p 0001b000 00:1a87 707802128                /nix/store/gpxl5qgg8kicmcvivwmybwjlpf7wh20l-graalvm17-ce-22.3.0/lib/libjimage.so
7fc3314e6000-7fc3314e8000 r--p 0001b000 00:1a87 707802128                /nix/store/gpxl5qgg8kicmcvivwmybwjlpf7wh20l-graalvm17-ce-22.3.0/lib/libjimage.so
7fc3314e8000-7fc3314e9000 rw-p 0001d000 00:1a87 707802128                /nix/store/gpxl5qgg8kicmcvivwmybwjlpf7wh20l-graalvm17-ce-22.3.0/lib/libjimage.so
7fc3314e9000-7fc3314ea000 rw-p 00024000 00:1a87 707802128                /nix/store/gpxl5qgg8kicmcvivwmybwjlpf7wh20l-graalvm17-ce-22.3.0/lib/libjimage.so
7fc3314ea000-7fc3314ee000 ---p 00000000 00:00 0 
7fc3314ee000-7fc3315ea000 rw-p 00000000 00:00 0 
7fc3315ea000-7fc3315f8000 r--p 00000000 00:1a87 600592023                /nix/store/4nlgxhb09sdr51nc9hdm8az5b08vzkgx-glibc-2.35-163/lib/libm.so.6
7fc3315f8000-7fc33166b000 r-xp 0000e000 00:1a87 600592023                /nix/store/4nlgxhb09sdr51nc9hdm8az5b08vzkgx-glibc-2.35-163/lib/libm.so.6
7fc33166b000-7fc3316c8000 r--p 00081000 00:1a87 600592023                /nix/store/4nlgxhb09sdr51nc9hdm8az5b08vzkgx-glibc-2.35-163/lib/libm.so.6
7fc3316c8000-7fc3316c9000 r--p 000dd000 00:1a87 600592023                /nix/store/4nlgxhb09sdr51nc9hdm8az5b08vzkgx-glibc-2.35-163/lib/libm.so.6
7fc3316c9000-7fc3316ca000 rw-p 000de000 00:1a87 600592023                /nix/store/4nlgxhb09sdr51nc9hdm8az5b08vzkgx-glibc-2.35-163/lib/libm.so.6
7fc3316ca000-7fc3316cb000 r--p 00000000 00:1a87 600592042                /nix/store/4nlgxhb09sdr51nc9hdm8az5b08vzkgx-glibc-2.35-163/lib/librt.so.1
7fc3316cb000-7fc3316cc000 r-xp 00001000 00:1a87 600592042                /nix/store/4nlgxhb09sdr51nc9hdm8az5b08vzkgx-glibc-2.35-163/lib/librt.so.1
7fc3316cc000-7fc3316cd000 r--p 00002000 00:1a87 600592042                /nix/store/4nlgxhb09sdr51nc9hdm8az5b08vzkgx-glibc-2.35-163/lib/librt.so.1
7fc3316cd000-7fc3316ce000 r--p 00002000 00:1a87 600592042                /nix/store/4nlgxhb09sdr51nc9hdm8az5b08vzkgx-glibc-2.35-163/lib/librt.so.1
7fc3316ce000-7fc3316cf000 rw-p 00003000 00:1a87 600592042                /nix/store/4nlgxhb09sdr51nc9hdm8az5b08vzkgx-glibc-2.35-163/lib/librt.so.1
7fc3316cf000-7fc3327e2000 r-xp 00000000 00:1a87 707972962                /nix/store/gpxl5qgg8kicmcvivwmybwjlpf7wh20l-graalvm17-ce-22.3.0/lib/server/libjvm.so
7fc3327e2000-7fc3327e3000 ---p 01113000 00:1a87 707972962                /nix/store/gpxl5qgg8kicmcvivwmybwjlpf7wh20l-graalvm17-ce-22.3.0/lib/server/libjvm.so
7fc3327e3000-7fc332898000 r--p 01113000 00:1a87 707972962                /nix/store/gpxl5qgg8kicmcvivwmybwjlpf7wh20l-graalvm17-ce-22.3.0/lib/server/libjvm.so
7fc332898000-7fc3328cc000 rw-p 011c8000 00:1a87 707972962                /nix/store/gpxl5qgg8kicmcvivwmybwjlpf7wh20l-graalvm17-ce-22.3.0/lib/server/libjvm.so
7fc3328cc000-7fc332928000 rw-p 00000000 00:00 0 
7fc332928000-7fc332950000 r--p 00000000 00:1a87 600592014                /nix/store/4nlgxhb09sdr51nc9hdm8az5b08vzkgx-glibc-2.35-163/lib/libc.so.6
7fc332950000-7fc332ac6000 r-xp 00028000 00:1a87 600592014                /nix/store/4nlgxhb09sdr51nc9hdm8az5b08vzkgx-glibc-2.35-163/lib/libc.so.6
7fc332ac6000-7fc332b1e000 r--p 0019e000 00:1a87 600592014                /nix/store/4nlgxhb09sdr51nc9hdm8az5b08vzkgx-glibc-2.35-163/lib/libc.so.6
7fc332b1e000-7fc332b22000 r--p 001f6000 00:1a87 600592014                /nix/store/4nlgxhb09sdr51nc9hdm8az5b08vzkgx-glibc-2.35-163/lib/libc.so.6
7fc332b22000-7fc332b24000 rw-p 001fa000 00:1a87 600592014                /nix/store/4nlgxhb09sdr51nc9hdm8az5b08vzkgx-glibc-2.35-163/lib/libc.so.6
7fc332b24000-7fc332b33000 rw-p 00000000 00:00 0 
7fc332b33000-7fc332b34000 r--p 00000000 00:1a87 600592019                /nix/store/4nlgxhb09sdr51nc9hdm8az5b08vzkgx-glibc-2.35-163/lib/libdl.so.2
7fc332b34000-7fc332b35000 r-xp 00001000 00:1a87 600592019                /nix/store/4nlgxhb09sdr51nc9hdm8az5b08vzkgx-glibc-2.35-163/lib/libdl.so.2
7fc332b35000-7fc332b36000 r--p 00002000 00:1a87 600592019                /nix/store/4nlgxhb09sdr51nc9hdm8az5b08vzkgx-glibc-2.35-163/lib/libdl.so.2
7fc332b36000-7fc332b37000 r--p 00002000 00:1a87 600592019                /nix/store/4nlgxhb09sdr51nc9hdm8az5b08vzkgx-glibc-2.35-163/lib/libdl.so.2
7fc332b37000-7fc332b38000 rw-p 00003000 00:1a87 600592019                /nix/store/4nlgxhb09sdr51nc9hdm8az5b08vzkgx-glibc-2.35-163/lib/libdl.so.2
7fc332b38000-7fc332b39000 r--p 00000000 00:1a87 600592038                /nix/store/4nlgxhb09sdr51nc9hdm8az5b08vzkgx-glibc-2.35-163/lib/libpthread.so.0
7fc332b39000-7fc332b3a000 r-xp 00001000 00:1a87 600592038                /nix/store/4nlgxhb09sdr51nc9hdm8az5b08vzkgx-glibc-2.35-163/lib/libpthread.so.0
7fc332b3a000-7fc332b3b000 r--p 00002000 00:1a87 600592038                /nix/store/4nlgxhb09sdr51nc9hdm8az5b08vzkgx-glibc-2.35-163/lib/libpthread.so.0
7fc332b3b000-7fc332b3c000 r--p 00002000 00:1a87 600592038                /nix/store/4nlgxhb09sdr51nc9hdm8az5b08vzkgx-glibc-2.35-163/lib/libpthread.so.0
7fc332b3c000-7fc332b3d000 rw-p 00003000 00:1a87 600592038                /nix/store/4nlgxhb09sdr51nc9hdm8az5b08vzkgx-glibc-2.35-163/lib/libpthread.so.0
7fc332b3d000-7fc332b4b000 r-xp 00000000 00:1a87 707802129                /nix/store/gpxl5qgg8kicmcvivwmybwjlpf7wh20l-graalvm17-ce-22.3.0/lib/libjli.so
7fc332b4b000-7fc332b4c000 ---p 0000e000 00:1a87 707802129                /nix/store/gpxl5qgg8kicmcvivwmybwjlpf7wh20l-graalvm17-ce-22.3.0/lib/libjli.so
7fc332b4c000-7fc332b4d000 r--p 0000e000 00:1a87 707802129                /nix/store/gpxl5qgg8kicmcvivwmybwjlpf7wh20l-graalvm17-ce-22.3.0/lib/libjli.so
7fc332b4d000-7fc332b4e000 rw-p 0000f000 00:1a87 707802129                /nix/store/gpxl5qgg8kicmcvivwmybwjlpf7wh20l-graalvm17-ce-22.3.0/lib/libjli.so
7fc332b4e000-7fc332b4f000 rw-p 00012000 00:1a87 707802129                /nix/store/gpxl5qgg8kicmcvivwmybwjlpf7wh20l-graalvm17-ce-22.3.0/lib/libjli.so
7fc332b4f000-7fc332b52000 r--p 00000000 00:1a87 678822167                /nix/store/026hln0aq1hyshaxsdvhg0kmcm6yf45r-zlib-1.2.13/lib/libz.so.1.2.13
7fc332b52000-7fc332b64000 r-xp 00003000 00:1a87 678822167                /nix/store/026hln0aq1hyshaxsdvhg0kmcm6yf45r-zlib-1.2.13/lib/libz.so.1.2.13
7fc332b64000-7fc332b6b000 r--p 00015000 00:1a87 678822167                /nix/store/026hln0aq1hyshaxsdvhg0kmcm6yf45r-zlib-1.2.13/lib/libz.so.1.2.13
7fc332b6b000-7fc332b6c000 r--p 0001b000 00:1a87 678822167                /nix/store/026hln0aq1hyshaxsdvhg0kmcm6yf45r-zlib-1.2.13/lib/libz.so.1.2.13
7fc332b6c000-7fc332b6d000 rw-p 0001c000 00:1a87 678822167                /nix/store/026hln0aq1hyshaxsdvhg0kmcm6yf45r-zlib-1.2.13/lib/libz.so.1.2.13
7fc332b6d000-7fc332b6f000 rw-p 00000000 00:00 0 
7fc332b6f000-7fc332b71000 r--p 00000000 00:1a87 600592008                /nix/store/4nlgxhb09sdr51nc9hdm8az5b08vzkgx-glibc-2.35-163/lib/ld-linux-x86-64.so.2
7fc332b71000-7fc332b98000 r-xp 00002000 00:1a87 600592008                /nix/store/4nlgxhb09sdr51nc9hdm8az5b08vzkgx-glibc-2.35-163/lib/ld-linux-x86-64.so.2
7fc332b98000-7fc332ba4000 r--p 00029000 00:1a87 600592008                /nix/store/4nlgxhb09sdr51nc9hdm8az5b08vzkgx-glibc-2.35-163/lib/ld-linux-x86-64.so.2
7fc332ba4000-7fc332ba6000 r--p 00034000 00:1a87 600592008                /nix/store/4nlgxhb09sdr51nc9hdm8az5b08vzkgx-glibc-2.35-163/lib/ld-linux-x86-64.so.2
7fc332ba6000-7fc332ba8000 rw-p 00036000 00:1a87 600592008                /nix/store/4nlgxhb09sdr51nc9hdm8az5b08vzkgx-glibc-2.35-163/lib/ld-linux-x86-64.so.2
7ffe96009000-7ffe9602d000 rw-p 00000000 00:00 0                          [stack]
7ffe96125000-7ffe96129000 r--p 00000000 00:00 0                          [vvar]
7ffe96129000-7ffe9612b000 r-xp 00000000 00:00 0                          [vdso]
ffffffffff600000-ffffffffff601000 --xp 00000000 00:00 0                  [vsyscall]


VM Arguments:
jvm_args: -XX:ThreadPriorityPolicy=1 -XX:+UnlockExperimentalVMOptions -XX:+EnableJVMCIProduct -XX:JVMCIThreadsPerNativeLibraryRuntime=1 -XX:-UnlockExperimentalVMOptions -Declipse.application=org.eclipse.jdt.ls.core.id1 -Dosgi.bundles.defaultStartLevel=4 -Declipse.product=org.eclipse.jdt.ls.core.product -Dlog.level=ALL -Xverify:none -XX:+UseParallelGC -XX:GCTimeRatio=4 -XX:AdaptiveSizePolicyWeight=90 -Dsun.zip.disableMemoryMapping=true -Xmx512m -Xms100m 
java_command: /nix/store/a7s9klvriqi68xz3qjc0qyfl5h86xc16-jdt-language-server-1.9.0/share/java/plugins/org.eclipse.equinox.launcher_1.6.400.v20210924-0641.jar --add-modules=ALL-SYSTEM --add-opens java.base/java.util=ALL-UNNAMED --add-opens java.base/java.lang=ALL-UNNAMED -configuration /home/runner/.cache/jdt-language-server/config -data /home/runner/.cache/jdt-language-server/data/home/runner/Manipulacao-de-Listas
java_class_path (initial): /nix/store/a7s9klvriqi68xz3qjc0qyfl5h86xc16-jdt-language-server-1.9.0/share/java/plugins/org.eclipse.equinox.launcher_1.6.400.v20210924-0641.jar
Launcher Type: SUN_STANDARD

[Global flags]
    uintx AdaptiveSizePolicyWeight                 = 90                                        {product} {command line}
     intx CICompilerCount                          = 2                                         {product} {ergonomic}
     bool EnableJVMCIProduct                       = true                                {JVMCI product} {jimage}
    uintx GCTimeRatio                              = 4                                         {product} {command line}
   size_t InitialHeapSize                          = 104857600                                 {product} {command line}
     uint JVMCIThreadsPerNativeLibraryRuntime      = 1                                   {JVMCI product} {jimage}
   size_t MaxHeapSize                              = 536870912                                 {product} {command line}
   size_t MaxNewSize                               = 178782208                                 {product} {ergonomic}
   size_t MinHeapDeltaBytes                        = 524288                                    {product} {ergonomic}
   size_t MinHeapSize                              = 104857600                                 {product} {command line}
   size_t NewSize                                  = 34603008                                  {product} {ergonomic}
    uintx NonNMethodCodeHeapSize                   = 5826188                                {pd product} {ergonomic}
    uintx NonProfiledCodeHeapSize                  = 122916026                              {pd product} {ergonomic}
   size_t OldSize                                  = 70254592                                  {product} {ergonomic}
    uintx ProfiledCodeHeapSize                     = 122916026                              {pd product} {ergonomic}
    uintx ReservedCodeCacheSize                    = 251658240                              {pd product} {ergonomic}
     bool SegmentedCodeCache                       = true                                      {product} {ergonomic}
   size_t SoftMaxHeapSize                          = 536870912                              {manageable} {ergonomic}
     intx ThreadPriorityPolicy                     = 1                                         {product} {jimage}
     bool UseCompressedClassPointers               = true                           {product lp64_product} {ergonomic}
     bool UseCompressedOops                        = true                           {product lp64_product} {ergonomic}
     bool UseParallelGC                            = true                                      {product} {command line}

Logging:
Log output configuration:
 #0: stdout all=warning uptime,level,tags
 #1: stderr all=off uptime,level,tags

Environment Variables:
JAVA_HOME=/nix/store/gpxl5qgg8kicmcvivwmybwjlpf7wh20l-graalvm17-ce-22.3.0
PATH=/nix/store/1d6ian3r8kdzspw8hacjhl3xkp40g1lj-binutils-wrapper-2.39/bin:/nix/store/dq0xwmsk1g0i2ayg6pb7y87na2knzylh-gcc-wrapper-11.3.0/bin:/nix/store/bap4d0lpcrhpwmpb8ayjcgkmvfj62lnq-bash-interactive-5.1-p16/bin:/nix/store/pr5n59mb4jzmfx6kanwxly0l07p861fg-patchelf-0.15.0/bin:/nix/store/1gf2flfqnpqbr1b4p4qz2f72y42bs56r-gcc-11.3.0/bin:/nix/store/57xv61c5zi8pphjbcwxxjlgc34p61ic9-glibc-2.35-163-bin/bin:/nix/store/a7gvj343m05j2s32xcnwr35v31ynlypr-coreutils-9.1/bin:/nix/store/039g378vc3pc3dvi9dzdlrd0i4q93qwf-binutils-2.39/bin:/nix/store/jql39n26b51y22rh4zk80ncarsnhjaz3-python3-3.7.15/bin:/nix/store/gpxl5qgg8kicmcvivwmybwjlpf7wh20l-graalvm17-ce-22.3.0/bin:/nix/store/6z9ag3ihc8mq2hzsw48lhbznvzny65nz-apache-maven-3.8.6/bin:/nix/store/a7s9klvriqi68xz3qjc0qyfl5h86xc16-jdt-language-server-1.9.0/bin:/nix/store/48ifl2w60a3zp7yskbpnvn8jp9jdsb7k-java-debug/bin:/nix/store/mydc6f4k2z73xlcz7ilif3v2lcaiqvza-findutils-4.9.0/bin:/nix/store/j9p3g8472iijd50vhdprx0nmk2fqn5gv-diffutils-3.8/bin:/nix/store/89zs7rms6x00xfq4dq6m7mjnhkr8a6r4-gnused-4.8/bin:/nix/store/86bp03jkmsl6f92w0yzg4s59g5mhxwmy-gnugrep-3.7/bin:/nix/store/hwcdqw4jrjnd37wxqgsd47hd0j8bnj09-gawk-5.1.1/bin:/nix/store/cfbhw8r8ags41vwqaz47r583d0p4h4a1-gnutar-1.34/bin:/nix/store/p3m1ndl1lapwrlh698bnb5lvvxh67378-gzip-1.12/bin:/nix/store/a8mhcagrsly7c7mpjrpsnaahk4aax056-bzip2-1.0.8-bin/bin:/nix/store/mblgz65m3zv9x548a3d5m96fj2pbwr09-gnumake-4.3/bin:/nix/store/dsd5gz46hdbdk2rfdimqddhq6m8m8fqs-bash-5.1-p16/bin:/nix/store/v7ljksji50mg3w61dykaa3n3y79n6nil-patch-2.7.6/bin:/nix/store/zlcnmqq14jz5x9439jf937mvayyl63da-xz-5.2.7-bin/bin:/nix/store/y6aj732zm9m87c82fpvf103a1xb22blp-file-5.43/bin:/nix/store/16mpk6bszlqfy0yirsw8mcmkig6qb9xk-nix-2.18.0pre20230808_c0e6466/bin:/nix/store/i4kzir3m7mrisxmf5xvlnkw01x4qaqr4-prybar-elisp-0.0.0-e0d9a52/bin:/nix/store/lwwivxf6h7x3cvxp9zv8sj0mv7dak99r-prybar-lua-0.0.0-e0d9a52/bin:/nix/store/gxj28g1cg4hq3qanmjv07156h800qr58-prybar-python3-0.0.0-e0d9a52/bin:/nix/store/hshkjnxrgidigf8x75vg6lqng2xlx9i3-prybar-sql
LD_LIBRARY_PATH=/nix/store/a4pff549sk2idnkpzk5nsfps3mdkdnvm-cups-2.4.2-lib/lib:/nix/store/72mqxxhh3cy5yifh92wh2yb8cl2hikyy-cairo-1.16.0/lib:/nix/store/2k366jrbsra97gjfxwvrhvixjfxdach5-glib-2.74.1/lib:/nix/store/2j2znigd8ak37rlwh9khz0ry3clqlw1l-gtk+3-3.24.34/lib:/nix/store/hisqvx32cd57apbpcsnkpx6k3549wql1-libglvnd-1.4.0/lib:/nix/store/p36pgcv991mq5srvg765b78yqpxvk3qs-mesa-21.3.3-drivers/lib:/nix/store/mav4251if1ahjq5vkpwycyyvnmy459c4-pulseaudio-14.2/lib
DISPLAY=:0
LANG=en_US.UTF-8

Signal Handlers:
   SIGSEGV: crash_handler in libjvm.so, mask=11100100010111111101111111111110, flags=SA_RESTART|SA_SIGINFO
    SIGBUS: crash_handler in libjvm.so, mask=11100100010111111101111111111110, flags=SA_RESTART|SA_SIGINFO
    SIGFPE: crash_handler in libjvm.so, mask=11100100010111111101111111111110, flags=SA_RESTART|SA_SIGINFO
   SIGPIPE: IsolateEnterStub_IgnoreSIGPIPEStartupHook_noopSignalHandler_8f19bff2f35b5f630d83b364d6b2339320d4ec70_216e8361c6bc87a8f89f58cc10d3b2fd4415bf87 in libjvmcicompiler.so, mask=00000000000000000000000000000000, flags=SA_RESTART
  *** Handler was modified!
  *** Expected: javaSignalHandler in libjvm.so, mask=11100100110111111111111111111110, flags=SA_RESTART|SA_SIGINFO
   SIGXFSZ: javaSignalHandler in libjvm.so, mask=11100100010111111101111111111110, flags=SA_RESTART|SA_SIGINFO
    SIGILL: crash_handler in libjvm.so, mask=11100100010111111101111111111110, flags=SA_RESTART|SA_SIGINFO
   SIGUSR2: SR_handler in libjvm.so, mask=00000000000000000000000000000000, flags=SA_RESTART|SA_SIGINFO
    SIGHUP: UserHandler in libjvm.so, mask=11100100010111111101111111111110, flags=SA_RESTART|SA_SIGINFO
    SIGINT: UserHandler in libjvm.so, mask=11100100010111111101111111111110, flags=SA_RESTART|SA_SIGINFO
   SIGTERM: UserHandler in libjvm.so, mask=11100100010111111101111111111110, flags=SA_RESTART|SA_SIGINFO
   SIGQUIT: UserHandler in libjvm.so, mask=11100100010111111101111111111110, flags=SA_RESTART|SA_SIGINFO
  *** Handler was modified!
  *** Expected: javaSignalHandler in libjvm.so, mask=11100100110111111111111111111110, flags=SA_RESTART|SA_SIGINFO
   SIGTRAP: crash_handler in libjvm.so, mask=11100100010111111101111111111110, flags=SA_RESTART|SA_SIGINFO


---------------  S Y S T E M  ---------------

OS:
DISTRIB_ID=Ubuntu
DISTRIB_RELEASE=20.04
DISTRIB_CODENAME=focal
DISTRIB_DESCRIPTION="Ubuntu 20.04.2 LTS"
uname: Linux 6.2.0-1016-gcp #18~22.04.1-Ubuntu SMP Fri Sep 29 04:56:44 UTC 2023 x86_64
OS uptime: 0 days 17:37 hours
libc: glibc 2.35 NPTL 2.35 
rlimit (soft/hard): STACK 8192k/infinity , CORE infinity/infinity , NPROC infinity/infinity , NOFILE 5242/5242 , AS infinity/infinity , CPU infinity/infinity , DATA infinity/infinity , FSIZE infinity/infinity , MEMLOCK 8192k/8192k
load average: 12.63 15.63 19.56

/proc/meminfo:
MemTotal:       65835936 kB
MemFree:        26378108 kB
MemAvailable:   35644980 kB
Buffers:          704372 kB
Cached:          8134720 kB
SwapCached:            0 kB
Active:          4490144 kB
Inactive:       32211900 kB
Active(anon):      26352 kB
Inactive(anon): 27689740 kB
Active(file):    4463792 kB
Inactive(file):  4522160 kB
Unevictable:       28716 kB
Mlocked:           28716 kB
SwapTotal:             0 kB
SwapFree:              0 kB
Zswap:                 0 kB
Zswapped:              0 kB
Dirty:              4876 kB
Writeback:            80 kB
AnonPages:      26642692 kB
Mapped:          1395516 kB
Shmem:             79180 kB
KReclaimable:    1240844 kB
Slab:            1856532 kB
SReclaimable:    1240844 kB
SUnreclaim:       615688 kB
KernelStack:      185040 kB
PageTables:       321488 kB
SecPageTables:         0 kB
NFS_Unstable:          0 kB
Bounce:                0 kB
WritebackTmp:          0 kB
CommitLimit:    32917968 kB
Committed_AS:   73441972 kB
VmallocTotal:   34359738367 kB
VmallocUsed:      217940 kB
VmallocChunk:          0 kB
Percpu:            34848 kB
HardwareCorrupted:     0 kB
AnonHugePages:   4917248 kB
ShmemHugePages:        0 kB
ShmemPmdMapped:        0 kB
FileHugePages:         0 kB
FilePmdMapped:         0 kB
HugePages_Total:       0
HugePages_Free:        0
HugePages_Rsvd:        0
HugePages_Surp:        0
Hugepagesize:       2048 kB
Hugetlb:               0 kB
DirectMap4k:     1497912 kB
DirectMap2M:    54073344 kB
DirectMap1G:    13631488 kB

/sys/kernel/mm/transparent_hugepage/enabled: always [madvise] never
/sys/kernel/mm/transparent_hugepage/defrag (defrag/compaction efforts parameter): always defer defer+madvise [madvise] never

Process Memory:
Virtual Size: 4390504K (peak: 4426536K)
Resident Set Size: 742528K (peak: 780672K) (anon: 549884K, file: 192644K, shmem: 0K)
Swapped out: 0K
C-Heap outstanding allocations: 38868K, retained: 10247K
glibc malloc tunables: (default)

/proc/sys/kernel/threads-max (system-wide limit on the number of threads): 514277
/proc/sys/vm/max_map_count (maximum number of memory map areas a process may have): 65530
/proc/sys/kernel/pid_max (system-wide limit on number of process identifiers): 4194304

container (cgroup) information:
container_type: cgroupv2
cpu_cpuset_cpus: not supported
cpu_memory_nodes: not supported
active_processor_count: 1
cpu_quota: 50000
cpu_period: 100000
cpu_shares: no shares
memory_limit_in_bytes: 1048576 k
memory_and_swap_limit_in_bytes: unlimited
memory_soft_limit_in_bytes: 524288 k
memory_usage_in_bytes: 871284 k
memory_max_usage_in_bytes: not supported
maximum number of tasks: not supported
current number of tasks: not supported

KVM virtualization detected
Steal ticks since vm start: 8321
Steal ticks percentage since vm start:  0.004

CPU: total 8 (initial active 1) (4 cores per cpu, 2 threads per core) family 6 model 79 stepping 0 microcode 0xffffffff, cx8, cmov, fxsr, ht, mmx, 3dnowpref, sse, sse2, sse3, ssse3, sse4.1, sse4.2, popcnt, lzcnt, tsc, tscinvbit, avx, avx2, aes, erms, clmul, bmi1, bmi2, rtm, adx, fma, vzeroupper, clflush, hv
CPU Model and flags from /proc/cpuinfo:
model name	: Intel(R) Xeon(R) CPU @ 2.20GHz
flags		: fpu vme de pse tsc msr pae mce cx8 apic sep mtrr pge mca cmov pat pse36 clflush mmx fxsr sse sse2 ss ht syscall nx pdpe1gb rdtscp lm constant_tsc rep_good nopl xtopology nonstop_tsc cpuid tsc_known_freq pni pclmulqdq ssse3 fma cx16 pcid sse4_1 sse4_2 x2apic movbe popcnt aes xsave avx f16c rdrand hypervisor lahf_lm abm 3dnowprefetch invpcid_single pti ssbd ibrs ibpb stibp fsgsbase tsc_adjust bmi1 hle avx2 smep bmi2 erms invpcid rtm rdseed adx smap xsaveopt arat md_clear arch_capabilities

Online cpus: 0-7
Offline cpus: 
BIOS frequency limitation: <Not Available>
Frequency switch latency (ns): <Not Available>
Available cpu frequencies: <Not Available>
Current governor: <Not Available>
Core performance/turbo boost: <Not Available>

Memory: 4k page, physical 1048576k(177280k free), swap 0k(0k free)
Page Sizes: 4k

vm_info: OpenJDK 64-Bit Server VM (17.0.5+8-jvmci-22.3-b08) for linux-amd64 JRE (17.0.5+8-jvmci-22.3-b08), built on Oct 19 2022 09:01:27 by "buildslave" with gcc 10.3.0

END.
