#
# A fatal error has been detected by the Java Runtime Environment:
#
#  Internal Error (jvmciRuntime.cpp:1609), pid=10266, tid=10289
#  fatal error: Fatal exception in JVMCI: Error calling jdk.vm.ci.services.Services.serializeSavedProperties
#
# JRE version: OpenJDK Runtime Environment GraalVM CE 22.3.0 (17.0.5+8) (build 17.0.5+8-jvmci-22.3-b08)
# Java VM: OpenJDK 64-Bit Server VM GraalVM CE 22.3.0 (17.0.5+8-jvmci-22.3-b08, mixed mode, sharing, tiered, jvmci, jvmci compiler, compressed oops, compressed class ptrs, parallel gc, linux-amd64)
# Problematic frame:
# V  [libjvm.so+0x972714]  JVMCIRuntime::fatal_exception(JVMCIEnv*, char const*)+0x74
#
# Core dump will be written. Default location: Core dumps may be processed with "/usr/share/apport/apport -p%p -s%s -c%c -d%d -P%P -u%u -g%g -- %E" (or dumping to /home/runner/Manipulacao-de-Listas/core.10266)
#
# If you would like to submit a bug report, please visit:
#   https://github.com/oracle/graal/issues
#

---------------  S U M M A R Y ------------

Command Line: -XX:ThreadPriorityPolicy=1 -XX:+UnlockExperimentalVMOptions -XX:+EnableJVMCIProduct -XX:JVMCIThreadsPerNativeLibraryRuntime=1 -XX:-UnlockExperimentalVMOptions -Declipse.application=org.eclipse.jdt.ls.core.id1 -Dosgi.bundles.defaultStartLevel=4 -Declipse.product=org.eclipse.jdt.ls.core.product -Dlog.level=ALL -Xverify:none -XX:+UseParallelGC -XX:GCTimeRatio=4 -XX:AdaptiveSizePolicyWeight=90 -Dsun.zip.disableMemoryMapping=true -Xmx512m -Xms100m /nix/store/a7s9klvriqi68xz3qjc0qyfl5h86xc16-jdt-language-server-1.9.0/share/java/plugins/org.eclipse.equinox.launcher_1.6.400.v20210924-0641.jar --add-modules=ALL-SYSTEM --add-opens java.base/java.util=ALL-UNNAMED --add-opens java.base/java.lang=ALL-UNNAMED -configuration /home/runner/.cache/jdt-language-server/config -data /home/runner/.cache/jdt-language-server/data/home/runner/Manipulacao-de-Listas

Host: Intel(R) Xeon(R) CPU @ 2.20GHz, 8 cores, 1G, Ubuntu 20.04.2 LTS
Time: Mon Oct  2 23:13:13 2023 UTC elapsed time: 2146.597242 seconds (0d 0h 35m 46s)

---------------  T H R E A D  ---------------

Current thread (0x00007fd1340b1c40):  JavaThread "JVMCI-native CompilerThread0" daemon [_thread_in_vm, id=10289, stack(0x00007fd119118000,0x00007fd119318000)]


Current CompileTask:
JVMCI-native:2146598 7841 %     4       java.io.DataOutputStream::writeUTF @ 10 (411 bytes)

Stack: [0x00007fd119118000,0x00007fd119318000],  sp=0x00007fd119316380,  free space=2040k
Native frames: (J=compiled Java code, j=interpreted, Vv=VM code, C=native code)
V  [libjvm.so+0x972714]  JVMCIRuntime::fatal_exception(JVMCIEnv*, char const*)+0x74
V  [libjvm.so+0x93e2fe]  JVMCIEnv::copy_saved_properties()+0x14e
V  [libjvm.so+0x9732a9]  JVMCIRuntime::initialize(JVMCIEnv*)+0xb19
V  [libjvm.so+0x9738a2]  JVMCIRuntime::get_HotSpotJVMCIRuntime(JVMCIEnv*)+0x12
V  [libjvm.so+0x9749f2]  JVMCIRuntime::compile_method(JVMCIEnv*, JVMCICompiler*, methodHandle const&, int)+0xd2
V  [libjvm.so+0x5b0d20]  CompileBroker::invoke_compiler_on_method(CompileTask*)+0x1470
V  [libjvm.so+0x5b12e8]  CompileBroker::compiler_thread_loop()+0x528
V  [libjvm.so+0xd82460]  JavaThread::thread_main_inner()+0xd0
V  [libjvm.so+0xd85a40]  Thread::call_run()+0xc0
V  [libjvm.so+0xbdb1e1]  thread_native_entry(Thread*)+0xe1

Register to memory mapping:

RAX=0x00007fd138e91000 points into unknown readable memory: 0x0000000000000058 | 58 00 00 00 00 00 00 00
RBX=0x00007fd139f8c398: <offset 0x0000000000ef5398> in /nix/store/gpxl5qgg8kicmcvivwmybwjlpf7wh20l-graalvm17-ce-22.3.0/lib/server/libjvm.so at 0x00007fd139097000
RCX=0x00007fd139f441e8: <offset 0x0000000000ead1e8> in /nix/store/gpxl5qgg8kicmcvivwmybwjlpf7wh20l-graalvm17-ce-22.3.0/lib/server/libjvm.so at 0x00007fd139097000
RDX=0x0000000000000649 is an unknown value
RSP=0x00007fd119316380 is pointing into the stack for thread: 0x00007fd1340b1c40
RBP=0x00007fd1193163a0 is pointing into the stack for thread: 0x00007fd1340b1c40
RSI=0x00007fd139f8cc48: <offset 0x0000000000ef5c48> in /nix/store/gpxl5qgg8kicmcvivwmybwjlpf7wh20l-graalvm17-ce-22.3.0/lib/server/libjvm.so at 0x00007fd139097000
RDI=0x00000000e0000000 is an oop: java.util.LinkedHashMap 
{0x00000000e0000000} - klass: 'java/util/LinkedHashMap'
 - ---- fields (total size 7 words):
 - transient 'keySet' 'Ljava/util/Set;' @12  NULL (0)
 - transient 'values' 'Ljava/util/Collection;' @16  NULL (0)
 - transient 'size' 'I' @20  1
 - transient 'modCount' 'I' @24  1
 - 'threshold' 'I' @28  1
 - final 'loadFactor' 'F' @32  0.750000 (3f400000)
 - transient 'table' '[Ljava/util/HashMap$Node;' @36  a 'java/util/HashMap$Node'[2] {0x00000000e0000038} (e0000038)
 - transient 'entrySet' 'Ljava/util/Set;' @40  a 'java/util/LinkedHashMap$LinkedEntrySet'{0x00000000e00000d0} (e00000d0)
 - final 'accessOrder' 'Z' @44  false
 - transient 'head' 'Ljava/util/LinkedHashMap$Entry;' @48  a 'java/util/LinkedHashMap$Entry'{0x00000000e0000050} (e0000050)
 - transient 'tail' 'Ljava/util/LinkedHashMap$Entry;' @52  a 'java/util/LinkedHashMap$Entry'{0x00000000e0000050} (e0000050)
R8 =0x00007fd139f8c398: <offset 0x0000000000ef5398> in /nix/store/gpxl5qgg8kicmcvivwmybwjlpf7wh20l-graalvm17-ce-22.3.0/lib/server/libjvm.so at 0x00007fd139097000
R9 =0x00007fd119316330 is pointing into the stack for thread: 0x00007fd1340b1c40
R10=0x00007fd119317948 is pointing into the stack for thread: 0x00007fd1340b1c40
R11=0x0000000000000293 is an unknown value
R12=0x0 is NULL
R13=0x00007fd1340b1c40 is a thread
R14=0x00007fd134000b80 points into unknown readable memory: 0x00007fd13a1bda38 | 38 da 1b 3a d1 7f 00 00
R15=0x00007fd13a2cbe40: <offset 0x0000000001234e40> in /nix/store/gpxl5qgg8kicmcvivwmybwjlpf7wh20l-graalvm17-ce-22.3.0/lib/server/libjvm.so at 0x00007fd139097000


Registers:
RAX=0x00007fd138e91000, RBX=0x00007fd139f8c398, RCX=0x00007fd139f441e8, RDX=0x0000000000000649
RSP=0x00007fd119316380, RBP=0x00007fd1193163a0, RSI=0x00007fd139f8cc48, RDI=0x00000000e0000000
R8 =0x00007fd139f8c398, R9 =0x00007fd119316330, R10=0x00007fd119317948, R11=0x0000000000000293
R12=0x0000000000000000, R13=0x00007fd1340b1c40, R14=0x00007fd134000b80, R15=0x00007fd13a2cbe40
RIP=0x00007fd139a09714, EFLAGS=0x0000000000010206, CSGSFS=0x002b000000000033, ERR=0x0000000000000006
  TRAPNO=0x000000000000000e

Top of Stack: (sp=0x00007fd119316380)
0x00007fd119316380:   00007fd119316940 00007fd1340b1c40
0x00007fd119316390:   00007fd1388228c8 0000000800c417a0
0x00007fd1193163a0:   00007fd119316500 00007fd1399d52fe
0x00007fd1193163b0:   00007fd1193163e0 00007fd119316440 

Instructions: (pc=0x00007fd139a09714)
0x00007fd139a09614:   30 e8 f6 cf e8 ff 4c 89 e7 e8 2e 48 d1 ff 84 db
0x00007fd139a09624:   75 2a 4d 85 ed 74 04 4d 8b 6d 00 48 83 c4 08 44
0x00007fd139a09634:   89 f9 4c 89 f2 4c 89 ee 5b 4c 89 e7 41 5c 41 5d
0x00007fd139a09644:   41 5e 41 5f 5d e9 e2 47 d1 ff 66 90 48 83 c4 08
0x00007fd139a09654:   5b 41 5c 41 5d 41 5e 41 5f 5d c3 90 31 d2 be 08
0x00007fd139a09664:   00 00 00 4c 89 ff e8 b1 78 a3 ff 49 89 c5 e9 37
0x00007fd139a09674:   ff ff ff 66 0f 1f 84 00 00 00 00 00 48 8b 7a 08
0x00007fd139a09684:   e9 6d ff ff ff 0f 1f 80 00 00 00 00 e8 5b 48 0a
0x00007fd139a09694:   00 84 c0 75 89 e9 6a ff ff ff 66 90 55 48 89 e5
0x00007fd139a096a4:   41 56 41 55 41 54 49 89 fc 53 48 89 f3 66 48 8d
0x00007fd139a096b4:   3d 27 5e 85 00 66 66 48 e8 df 43 8d ff 4c 8b 28
0x00007fd139a096c4:   8b 05 be 72 8a 00 85 c0 75 14 ba 01 00 00 00 48
0x00007fd139a096d4:   8d 0d ae 72 8a 00 f0 0f b1 11 85 c0 74 4e be c8
0x00007fd139a096e4:   00 00 00 4c 89 ef e8 01 0b 41 00 48 8d 05 12 ac
0x00007fd139a096f4:   85 00 49 89 d8 48 8d 0d e8 aa 53 00 ba 49 06 00
0x00007fd139a09704:   00 48 8d 35 3c 35 58 00 bf 00 00 00 e0 48 8b 00
0x00007fd139a09714:   c6 00 58 31 c0 e8 e2 91 c6 ff 5b 41 5c 41 5d 41
0x00007fd139a09724:   5e 5d e9 55 34 26 00 0f 1f 44 00 00 48 8d 05 81
0x00007fd139a09734:   a3 8b 00 48 89 df 4c 8b 30 e8 9e 43 8d ff 48 89
0x00007fd139a09744:   de 48 89 c2 49 8b 06 4c 89 f7 ff 50 08 4c 89 f7
0x00007fd139a09754:   e8 a7 5c 27 00 4d 85 e4 74 12 be 01 00 00 00 4c
0x00007fd139a09764:   89 e7 e8 35 43 fc ff eb 82 0f 1f 00 be 01 00 00
0x00007fd139a09774:   00 4c 89 ef e8 d3 fd ff ff e9 6d ff ff ff 66 66
0x00007fd139a09784:   2e 0f 1f 84 00 00 00 00 00 0f 1f 00 55 48 89 e5
0x00007fd139a09794:   41 57 41 56 41 55 41 54 53 48 81 ec 08 02 00 00
0x00007fd139a097a4:   64 48 8b 04 25 28 00 00 00 48 89 45 c8 8b 07 83
0x00007fd139a097b4:   f8 02 0f 84 11 04 00 00 4c 8b 6f 18 49 89 ff 49
0x00007fd139a097c4:   89 f4 4d 85 ed 74 14 4c 89 ef e8 5d 57 22 00 41
0x00007fd139a097d4:   8b 07 83 f8 02 0f 84 19 04 00 00 48 8d 1d 9a 06
0x00007fd139a097e4:   8a 00 4c 8d 35 0b 3c 58 00 eb 38 90 48 85 d2 7f
0x00007fd139a097f4:   0d 48 8d 05 b4 c0 85 00 48 83 38 00 7e 0e 41 8b
0x00007fd139a09804:   77 2c 4c 89 f7 31 c0 e8 a0 b2 f7 ff 49 8b 7f 18 


Stack slot to memory mapping:
stack at sp + 0 slots: 0x00007fd119316940 is pointing into the stack for thread: 0x00007fd1340b1c40
stack at sp + 1 slots: 0x00007fd1340b1c40 is a thread
stack at sp + 2 slots: 0x00007fd1388228c8 points into unknown readable memory: 0x65730018052dffff | ff ff 2d 05 18 00 73 65
stack at sp + 3 slots: 0x0000000800c417a0 is a pointer to class: 
jdk.vm.ci.services.Services {0x0000000800c417a0}
 - instance size:     2
 - klass size:        65
 - access:            public final synchronized 
 - state:             fully_initialized
 - name:              'jdk/vm/ci/services/Services'
 - super:             'java/lang/Object'
 - sub:               
 - arrays:            NULL
 - methods:           Array<T>(0x00007fd119c40c78)
 - method ordering:   Array<T>(0x0000000800928960)
 - default_methods:   Array<T>(0x0000000000000000)
 - local interfaces:  Array<T>(0x00000008005ce810)
 - trans. interfaces: Array<T>(0x00000008005ce810)
 - constants:         constant pool [427] {0x00007fd119c3fd58} for 'jdk/vm/ci/services/Services' cache=0x00007fd119c41f48
 - class loader data:  loader data: 0x00007fd134027cc0 of 'bootstrap'
 - source file:       'Services.java'
 - class annotations:       Array<T>(0x0000000000000000)
 - class type annotations:  Array<T>(0x0000000000000000)
 - field annotations:       Array<T>(0x0000000000000000)
 - field type annotations:  Array<T>(0x0000000000000000)
 - inner classes:     Array<T>(0x00007fd119c41f18)
 - nest members:     Array<T>(0x00007fd119c41f38)
 - permitted subclasses:     Array<T>(0x00000008005ce7a0)
 - java mirror:       a 'java/lang/Class'{0x00000000e02aafd8} = 'jdk/vm/ci/services/Services'
 - vtable length      5  (start addr: 0x0000000800c41970)
 - itable length      2 (start addr: 0x0000000800c41998)
 - ---- static fields (3 words):
 - public static final 'IS_BUILDING_NATIVE_IMAGE' 'Z' @128 
 - public static final 'IS_IN_NATIVE_IMAGE' 'Z' @129 
 - private static volatile 'savedProperties' 'Ljava/util/Map;' @112 
 - static final 'JVMCI_ENABLED' 'Z' @130 
 - private static final 'servicesCache' 'Ljava/util/Map;' @116 
 - private static final 'MAX_UNICODE_IN_UTF8_LENGTH' 'I' @120 
 - private static final 'MAX_UTF8_PROPERTY_STRING_LENGTH' 'I' @124 
 - ---- non-static fields (0 words):
 - non-static oop maps: 
stack at sp + 4 slots: 0x00007fd119316500 is pointing into the stack for thread: 0x00007fd1340b1c40
stack at sp + 5 slots: 0x00007fd1399d52fe: <offset 0x000000000093e2fe> in /nix/store/gpxl5qgg8kicmcvivwmybwjlpf7wh20l-graalvm17-ce-22.3.0/lib/server/libjvm.so at 0x00007fd139097000
stack at sp + 6 slots: 0x00007fd1193163e0 is pointing into the stack for thread: 0x00007fd1340b1c40
stack at sp + 7 slots: 0x00007fd119316440 is pointing into the stack for thread: 0x00007fd1340b1c40


---------------  P R O C E S S  ---------------

Threads class SMR info:
_java_thread_list=0x00007fd0a01711a0, length=26, elements={
0x00007fd134025f60, 0x00007fd1340a5f00, 0x00007fd1340a7340, 0x00007fd1340adab0,
0x00007fd1340aee60, 0x00007fd1340b0250, 0x00007fd1340b1c40, 0x00007fd1340b3150,
0x00007fd1340b45a0, 0x00007fd1340d7720, 0x00007fd13411f1d0, 0x00007fd1342f4f30,
0x00007fd1343404d0, 0x00007fd134343030, 0x00007fd0c802bea0, 0x00007fd0c841c3f0,
0x00007fd0c84974c0, 0x00007fd0bc000ff0, 0x00007fd0c8639960, 0x00007fd0c87de430,
0x00007fd134362b40, 0x00007fd1343fa680, 0x00007fd0b837b220, 0x00007fd0b0000ff0,
0x00007fd0a0170940, 0x00007fd0a0165c20
}

Java Threads: ( => current thread )
  0x00007fd134025f60 JavaThread "main" [_thread_blocked, id=10281, stack(0x00007fd138eb2000,0x00007fd138fb2000)]
  0x00007fd1340a5f00 JavaThread "Reference Handler" daemon [_thread_blocked, id=10284, stack(0x00007fd1199fe000,0x00007fd119afe000)]
  0x00007fd1340a7340 JavaThread "Finalizer" daemon [_thread_blocked, id=10285, stack(0x00007fd1198fe000,0x00007fd1199fe000)]
  0x00007fd1340adab0 JavaThread "Signal Dispatcher" daemon [_thread_blocked, id=10286, stack(0x00007fd119518000,0x00007fd119618000)]
  0x00007fd1340aee60 JavaThread "Service Thread" daemon [_thread_blocked, id=10287, stack(0x00007fd119418000,0x00007fd119518000)]
  0x00007fd1340b0250 JavaThread "Monitor Deflation Thread" daemon [_thread_blocked, id=10288, stack(0x00007fd119318000,0x00007fd119418000)]
=>0x00007fd1340b1c40 JavaThread "JVMCI-native CompilerThread0" daemon [_thread_in_vm, id=10289, stack(0x00007fd119118000,0x00007fd119318000)]
  0x00007fd1340b3150 JavaThread "C1 CompilerThread0" daemon [_thread_blocked, id=10290, stack(0x00007fd118f18000,0x00007fd119118000)]
  0x00007fd1340b45a0 JavaThread "Sweeper thread" daemon [_thread_blocked, id=10291, stack(0x00007fd118e18000,0x00007fd118f18000)]
  0x00007fd1340d7720 JavaThread "Common-Cleaner" daemon [_thread_blocked, id=10293, stack(0x00007fd118d18000,0x00007fd118e18000)]
  0x00007fd13411f1d0 JavaThread "Notification Thread" daemon [_thread_blocked, id=10294, stack(0x00007fd118c18000,0x00007fd118d18000)]
  0x00007fd1342f4f30 JavaThread "Active Thread: Equinox Container: c945aa29-68e1-4bce-b053-394c039cdfc1" [_thread_blocked, id=10318, stack(0x00007fd118900000,0x00007fd118a00000)]
  0x00007fd1343404d0 JavaThread "Framework Event Dispatcher: Equinox Container: c945aa29-68e1-4bce-b053-394c039cdfc1" daemon [_thread_blocked, id=10319, stack(0x00007fd118700000,0x00007fd118800000)]
  0x00007fd134343030 JavaThread "Start Level: Equinox Container: c945aa29-68e1-4bce-b053-394c039cdfc1" daemon [_thread_blocked, id=10320, stack(0x00007fd118500000,0x00007fd118600000)]
  0x00007fd0c802bea0 JavaThread "SCR Component Actor" daemon [_thread_blocked, id=10321, stack(0x00007fd118300000,0x00007fd118400000)]
  0x00007fd0c841c3f0 JavaThread "Worker-JM" [_thread_blocked, id=10348, stack(0x00007fd0e0900000,0x00007fd0e0a00000)]
  0x00007fd0c84974c0 JavaThread "Worker-0: Periodic workspace save." [_thread_blocked, id=10370, stack(0x00007fd0e0700000,0x00007fd0e0800000)]
  0x00007fd0bc000ff0 JavaThread "Worker-2: Compacting resource model" [_thread_blocked, id=10372, stack(0x00007fd0e0300000,0x00007fd0e0400000)]
  0x00007fd0c8639960 JavaThread "Java indexing" daemon [_thread_blocked, id=10373, stack(0x00007fd0e0100000,0x00007fd0e0200000)]
  0x00007fd0c87de430 JavaThread "Bundle File Closer" daemon [_thread_blocked, id=10389, stack(0x00007fd0e0600000,0x00007fd0e0700000)]
  0x00007fd134362b40 JavaThread "pool-3-thread-1" [_thread_blocked, id=10400, stack(0x00007fd118100000,0x00007fd118200000)]
  0x00007fd1343fa680 JavaThread "pool-2-thread-1" [_thread_blocked, id=10418, stack(0x00007fd0e0800000,0x00007fd0e0900000)]
  0x00007fd0b837b220 JavaThread "Worker-4: Java indexing... " [_thread_blocked, id=11208, stack(0x00007fd0e0000000,0x00007fd0e0100000)]
  0x00007fd0b0000ff0 JavaThread "Worker-5" [_thread_blocked, id=11913, stack(0x00007fd0e0500000,0x00007fd0e0600000)]
  0x00007fd0a0170940 JavaThread "Thread-13" [_thread_blocked, id=11983, stack(0x00007fd0dfb00000,0x00007fd0dfc00000)]
  0x00007fd0a0165c20 JavaThread "Thread-20" [_thread_blocked, id=13316, stack(0x00007fd0dff00000,0x00007fd0e0000000)]

Other Threads:
  0x00007fd1340a1640 VMThread "VM Thread" [stack: 0x00007fd119b00000,0x00007fd119c00000] [id=10283] _threads_hazard_ptr=0x00007fd0a01711a0
  0x00007fd134120b70 WatcherThread [stack: 0x00007fd118b18000,0x00007fd118c18000] [id=10295]
  0x00007fd13403d860 GCTaskThread "GC Thread#0" [stack: 0x00007fd138a75000,0x00007fd138b75000] [id=10282]

Threads with active compile tasks:
JVMCI-native CompilerThread0  2146763 7841 %     4       java.io.DataOutputStream::writeUTF @ 10 (411 bytes)

VM state: synchronizing (normal execution)

VM Mutex/Monitor currently owned by a thread:  ([mutex/lock_event])
[0x00007fd134023110] Threads_lock - owner thread: 0x00007fd1340a1640
[0x00007fd1340238c0] Heap_lock - owner thread: 0x00007fd0c8639960

OutOfMemory and StackOverflow Exception counts:
OutOfMemoryError java_heap_errors=8
LinkageErrors=56

Heap address: 0x00000000e0000000, size: 512 MB, Compressed Oops mode: 32-bit

CDS archive(s) mapped at: [0x0000000800000000-0x0000000800bc8000-0x0000000800bc8000), size 12353536, SharedBaseAddress: 0x0000000800000000, ArchiveRelocationMode: 0.
Compressed class space mapped at: 0x0000000800c00000-0x0000000840c00000, reserved size: 1073741824
Narrow klass base: 0x0000000800000000, Narrow klass shift: 0, Narrow klass range: 0x100000000

GC Precious Log:
 CPUs: 8 total, 1 available
 Memory: 1024M
 Large Page Support: Disabled
 NUMA Support: Disabled
 Compressed Oops: Enabled (32-bit)
 Alignments: Space 512K, Generation 512K, Heap 2M
 Heap Min Capacity: 100M
 Heap Initial Capacity: 100M
 Heap Max Capacity: 512M
 Pre-touch: Disabled
 Parallel Workers: 1

Heap:
 PSYoungGen      total 25088K, used 18943K [0x00000000f5580000, 0x00000000f7680000, 0x0000000100000000)
  eden space 18944K, 99% used [0x00000000f5580000,0x00000000f67ffff0,0x00000000f6800000)
  from space 6144K, 0% used [0x00000000f7080000,0x00000000f7080000,0x00000000f7680000)
  to   space 8192K, 0% used [0x00000000f6800000,0x00000000f6800000,0x00000000f7000000)
 ParOldGen       total 349696K, used 349696K [0x00000000e0000000, 0x00000000f5580000, 0x00000000f5580000)
  object space 349696K, 100% used [0x00000000e0000000,0x00000000f5580000,0x00000000f5580000)
 Metaspace       used 54067K, committed 54976K, reserved 1105920K
  class space    used 5321K, committed 5696K, reserved 1048576K

Card table byte_map: [0x00007fd138b75000,0x00007fd138c76000] _byte_map_base: 0x00007fd138475000

Marking Bits: (ParMarkBitMap*) 0x00007fd13a2c54c0
 Begin Bits: [0x00007fd11a4b3000, 0x00007fd11acb3000)
 End Bits:   [0x00007fd11acb3000, 0x00007fd11b4b3000)

Polling page: 0x00007fd138e8f000

Metaspace:

Usage:
  Non-class:     47.60 MB used.
      Class:      5.20 MB used.
       Both:     52.80 MB used.

Virtual space:
  Non-class space:       56.00 MB reserved,      48.12 MB ( 86%) committed,  7 nodes.
      Class space:        1.00 GB reserved,       5.56 MB ( <1%) committed,  1 nodes.
             Both:        1.05 GB reserved,      53.69 MB (  5%) committed. 

Chunk freelists:
   Non-Class:  3.55 MB
       Class:  2.41 MB
        Both:  5.95 MB

MaxMetaspaceSize: unlimited
CompressedClassSpaceSize: 1.00 GB
Initial GC threshold: 21.00 MB
Current GC threshold: 89.50 MB
CDS: on
MetaspaceReclaimPolicy: balanced
 - commit_granule_bytes: 65536.
 - commit_granule_words: 8192.
 - virtual_space_node_default_size: 1048576.
 - enlarge_chunks_in_place: 1.
 - new_chunks_are_fully_committed: 0.
 - uncommit_free_chunks: 1.
 - use_allocation_guard: 0.
 - handle_deallocations: 1.


Internal statistics:

num_allocs_failed_limit: 6.
num_arena_births: 474.
num_arena_deaths: 146.
num_vsnodes_births: 8.
num_vsnodes_deaths: 0.
num_space_committed: 858.
num_space_uncommitted: 0.
num_chunks_returned_to_freelist: 198.
num_chunks_taken_from_freelist: 2818.
num_chunk_merges: 77.
num_chunk_splits: 1771.
num_chunks_enlarged: 1099.
num_purges: 12.
num_inconsistent_stats: 0.

CodeHeap 'non-profiled nmethods': size=120036Kb used=2477Kb max_used=2629Kb free=117558Kb
 bounds [0x00007fd122f7a000, 0x00007fd12321a000, 0x00007fd12a4b3000]
CodeHeap 'profiled nmethods': size=120032Kb used=11994Kb max_used=14175Kb free=108037Kb
 bounds [0x00007fd11ba42000, 0x00007fd11c822000, 0x00007fd122f7a000]
CodeHeap 'non-nmethods': size=5692Kb used=1373Kb max_used=1380Kb free=4318Kb
 bounds [0x00007fd11b4b3000, 0x00007fd11b723000, 0x00007fd11ba42000]
 total_blobs=6503 nmethods=5791 adapters=593
 compilation: enabled
              stopped_count=0, restarted_count=0
 full_count=0

JVMCI Events (20 events):
Event: 1502.070 Thread 0x00007fd1340b1c40 destroyed JavaVM[7]@0x00007fd0df39e340 for JVMCI runtime 0
Event: 1502.070 Thread 0x00007fd1340b1c40 compacted oop handles in JVMCI runtime 0 from 96 to 96
Event: 1502.070 Thread 0x00007fd1340b1c40 releasing handles for JVMCI runtime 0: oop handles=96, metadata handles={total=199, live=197, blocks=39}
Event: 1502.070 Thread 0x00007fd1340b1c40 detached from JVMCI runtime 0
Event: 1678.704 Thread 0x00007fd1340b1c40 attached to JVMCI runtime 0
Event: 1678.707 Thread 0x00007fd1340b1c40 created JavaVM[8]@0x00007fd0df39e340 for JVMCI runtime 0
Event: 1685.059 Thread 0x00007fd1340b1c40 initializing JVMCI runtime 0
Event: 1685.059 Thread 0x00007fd1340b1c40 done waiting for JavaVM references initialization in JVMCI runtime 0
Event: 1819.888 Thread 0x00007fd1340b1c40 initialized JVMCI runtime 0
Event: 1937.776 Thread 0x00007fd1340b1c40 detaching from JVMCI runtime 0: releasing idle compiler thread (0 other threads still attached)
Event: 1937.776 Thread 0x00007fd1340b1c40 shutting down HotSpotJVMCIRuntime for JVMCI runtime 0
Event: 1937.776 Thread 0x00007fd1340b1c40 shut down JVMCI runtime 0
Event: 1937.780 Thread 0x00007fd1340b1c40 destroyed JavaVM[8]@0x00007fd0df39e340 for JVMCI runtime 0
Event: 1937.780 Thread 0x00007fd1340b1c40 compacted oop handles in JVMCI runtime 0 from 94 to 94
Event: 1937.780 Thread 0x00007fd1340b1c40 releasing handles for JVMCI runtime 0: oop handles=94, metadata handles={total=160, live=132, blocks=39}
Event: 1937.780 Thread 0x00007fd1340b1c40 detached from JVMCI runtime 0
Event: 2005.183 Thread 0x00007fd1340b1c40 attached to JVMCI runtime 0
Event: 2005.216 Thread 0x00007fd1340b1c40 created JavaVM[9]@0x00007fd0df39e340 for JVMCI runtime 0
Event: 2005.216 Thread 0x00007fd1340b1c40 initializing JVMCI runtime 0
Event: 2005.216 Thread 0x00007fd1340b1c40 done waiting for JavaVM references initialization in JVMCI runtime 0

Compilation events (20 events):
Event: 1819.888 Thread 0x00007fd1340b3150 7834       3       java.io.DataOutputStream::writeInt (62 bytes)
Event: 1822.590 Thread 0x00007fd1340b3150 nmethod 7834 0x00007fd11c45e510 code [0x00007fd11c45e6e0, 0x00007fd11c45eb80]
Event: 1855.431 Thread 0x00007fd1340b1c40 nmethod 7829 0x00007fd1231cb010 code [0x00007fd1231cb180, 0x00007fd1231cb260]
Event: 1855.431 Thread 0x00007fd1340b1c40 7831       4       org.eclipse.jdt.internal.core.JavaModelCache::getInfo (135 bytes)
Event: 1861.361 Thread 0x00007fd1340b3150 7835       1       java.util.concurrent.ThreadPoolExecutor::getQueue (5 bytes)
Event: 1861.361 Thread 0x00007fd1340b3150 nmethod 7835 0x00007fd1231cad10 code [0x00007fd1231caea0, 0x00007fd1231caf70]
Event: 1888.791 Thread 0x00007fd1340b3150 7836       3       org.eclipse.jdt.internal.core.JavaModelManager$VariablesAndContainersSaveHelper::saveInt (9 bytes)
Event: 1891.460 Thread 0x00007fd1340b3150 nmethod 7836 0x00007fd11c45de90 code [0x00007fd11c45e040, 0x00007fd11c45e180]
Event: 1894.120 Thread 0x00007fd1340b3150 7837       3       org.eclipse.jdt.internal.compiler.util.HashtableOfObjectToInt::get (59 bytes)
Event: 1894.121 Thread 0x00007fd1340b3150 nmethod 7837 0x00007fd11c54ec90 code [0x00007fd11c54ee80, 0x00007fd11c54f5f0]
Event: 1896.861 Thread 0x00007fd1340b3150 7838       3       java.util.concurrent.ScheduledThreadPoolExecutor$DelayedWorkQueue::setIndex (16 bytes)
Event: 1899.582 Thread 0x00007fd1340b3150 nmethod 7838 0x00007fd11c229910 code [0x00007fd11c229ac0, 0x00007fd11c22a090]
Event: 1899.582 Thread 0x00007fd1340b3150 7839       1       org.eclipse.jdt.internal.compiler.util.HashtableOfObjectToInt::size (5 bytes)
Event: 1902.196 Thread 0x00007fd1340b3150 nmethod 7839 0x00007fd123194d10 code [0x00007fd123194ea0, 0x00007fd123194f70]
Event: 1918.500 Thread 0x00007fd1340b3150 7840       3       java.util.concurrent.locks.AbstractQueuedSynchronizer$ConditionObject::canReacquire (28 bytes)
Event: 1921.199 Thread 0x00007fd1340b3150 nmethod 7840 0x00007fd11c229210 code [0x00007fd11c2293c0, 0x00007fd11c229710]
Event: 1934.973 Thread 0x00007fd1340b1c40 nmethod 7831 0x00007fd123157d10 code [0x00007fd123157f60, 0x00007fd123158ba0]
Event: 1934.973 Thread 0x00007fd1340b1c40 7832       4       org.eclipse.jdt.internal.core.JrtPackageFragmentRoot::equals (69 bytes)
Event: 1935.061 Thread 0x00007fd1340b1c40 nmethod 7832 0x00007fd123194610 code [0x00007fd1231947a0, 0x00007fd123194960]
Event: 2005.183 Thread 0x00007fd1340b1c40 7841 %     4       java.io.DataOutputStream::writeUTF @ 10 (411 bytes)

GC Heap History (20 events):
Event: 2122.099 GC heap before
{Heap before GC invocations=684 (full 596):
 PSYoungGen      total 25088K, used 18944K [0x00000000f5580000, 0x00000000f7680000, 0x0000000100000000)
  eden space 18944K, 100% used [0x00000000f5580000,0x00000000f6800000,0x00000000f6800000)
  from space 6144K, 0% used [0x00000000f7080000,0x00000000f7080000,0x00000000f7680000)
  to   space 8192K, 0% used [0x00000000f6800000,0x00000000f6800000,0x00000000f7000000)
 ParOldGen       total 349696K, used 349695K [0x00000000e0000000, 0x00000000f5580000, 0x00000000f5580000)
  object space 349696K, 99% used [0x00000000e0000000,0x00000000f557ffe0,0x00000000f5580000)
 Metaspace       used 54067K, committed 54976K, reserved 1105920K
  class space    used 5321K, committed 5696K, reserved 1048576K
}
Event: 2124.277 GC heap after
{Heap after GC invocations=684 (full 596):
 PSYoungGen      total 27136K, used 18944K [0x00000000f5580000, 0x00000000f7680000, 0x0000000100000000)
  eden space 18944K, 100% used [0x00000000f5580000,0x00000000f6800000,0x00000000f6800000)
  from space 8192K, 0% used [0x00000000f6800000,0x00000000f6800000,0x00000000f7000000)
  to   space 6144K, 0% used [0x00000000f7080000,0x00000000f7080000,0x00000000f7680000)
 ParOldGen       total 349696K, used 349695K [0x00000000e0000000, 0x00000000f5580000, 0x00000000f5580000)
  object space 349696K, 99% used [0x00000000e0000000,0x00000000f557ffe0,0x00000000f5580000)
 Metaspace       used 54067K, committed 54976K, reserved 1105920K
  class space    used 5321K, committed 5696K, reserved 1048576K
}
Event: 2124.359 GC heap before
{Heap before GC invocations=685 (full 597):
 PSYoungGen      total 27136K, used 18944K [0x00000000f5580000, 0x00000000f7680000, 0x0000000100000000)
  eden space 18944K, 100% used [0x00000000f5580000,0x00000000f6800000,0x00000000f6800000)
  from space 8192K, 0% used [0x00000000f6800000,0x00000000f6800000,0x00000000f7000000)
  to   space 6144K, 0% used [0x00000000f7080000,0x00000000f7080000,0x00000000f7680000)
 ParOldGen       total 349696K, used 349696K [0x00000000e0000000, 0x00000000f5580000, 0x00000000f5580000)
  object space 349696K, 100% used [0x00000000e0000000,0x00000000f5580000,0x00000000f5580000)
 Metaspace       used 54067K, committed 54976K, reserved 1105920K
  class space    used 5321K, committed 5696K, reserved 1048576K
}
Event: 2126.376 GC heap after
{Heap after GC invocations=685 (full 597):
 PSYoungGen      total 25088K, used 18943K [0x00000000f5580000, 0x00000000f7680000, 0x0000000100000000)
  eden space 18944K, 99% used [0x00000000f5580000,0x00000000f67fff40,0x00000000f6800000)
  from space 6144K, 0% used [0x00000000f7080000,0x00000000f7080000,0x00000000f7680000)
  to   space 8192K, 0% used [0x00000000f6800000,0x00000000f6800000,0x00000000f7000000)
 ParOldGen       total 349696K, used 349695K [0x00000000e0000000, 0x00000000f5580000, 0x00000000f5580000)
  object space 349696K, 99% used [0x00000000e0000000,0x00000000f557ffe8,0x00000000f5580000)
 Metaspace       used 54067K, committed 54976K, reserved 1105920K
  class space    used 5321K, committed 5696K, reserved 1048576K
}
Event: 2126.378 GC heap before
{Heap before GC invocations=686 (full 598):
 PSYoungGen      total 25088K, used 18943K [0x00000000f5580000, 0x00000000f7680000, 0x0000000100000000)
  eden space 18944K, 99% used [0x00000000f5580000,0x00000000f67ffff8,0x00000000f6800000)
  from space 6144K, 0% used [0x00000000f7080000,0x00000000f7080000,0x00000000f7680000)
  to   space 8192K, 0% used [0x00000000f6800000,0x00000000f6800000,0x00000000f7000000)
 ParOldGen       total 349696K, used 349695K [0x00000000e0000000, 0x00000000f5580000, 0x00000000f5580000)
  object space 349696K, 99% used [0x00000000e0000000,0x00000000f557ffe8,0x00000000f5580000)
 Metaspace       used 54067K, committed 54976K, reserved 1105920K
  class space    used 5321K, committed 5696K, reserved 1048576K
}
Event: 2129.066 GC heap after
{Heap after GC invocations=686 (full 598):
 PSYoungGen      total 27136K, used 18943K [0x00000000f5580000, 0x00000000f7680000, 0x0000000100000000)
  eden space 18944K, 99% used [0x00000000f5580000,0x00000000f67ffff8,0x00000000f6800000)
  from space 8192K, 0% used [0x00000000f6800000,0x00000000f6800000,0x00000000f7000000)
  to   space 6144K, 0% used [0x00000000f7080000,0x00000000f7080000,0x00000000f7680000)
 ParOldGen       total 349696K, used 349695K [0x00000000e0000000, 0x00000000f5580000, 0x00000000f5580000)
  object space 349696K, 99% used [0x00000000e0000000,0x00000000f557ffe8,0x00000000f5580000)
 Metaspace       used 54067K, committed 54976K, reserved 1105920K
  class space    used 5321K, committed 5696K, reserved 1048576K
}
Event: 2129.066 GC heap before
{Heap before GC invocations=687 (full 599):
 PSYoungGen      total 27136K, used 18943K [0x00000000f5580000, 0x00000000f7680000, 0x0000000100000000)
  eden space 18944K, 99% used [0x00000000f5580000,0x00000000f67ffff8,0x00000000f6800000)
  from space 8192K, 0% used [0x00000000f6800000,0x00000000f6800000,0x00000000f7000000)
  to   space 6144K, 0% used [0x00000000f7080000,0x00000000f7080000,0x00000000f7680000)
 ParOldGen       total 349696K, used 349696K [0x00000000e0000000, 0x00000000f5580000, 0x00000000f5580000)
  object space 349696K, 100% used [0x00000000e0000000,0x00000000f5580000,0x00000000f5580000)
 Metaspace       used 54067K, committed 54976K, reserved 1105920K
  class space    used 5321K, committed 5696K, reserved 1048576K
}
Event: 2131.671 GC heap after
{Heap after GC invocations=687 (full 599):
 PSYoungGen      total 25088K, used 18943K [0x00000000f5580000, 0x00000000f7680000, 0x0000000100000000)
  eden space 18944K, 99% used [0x00000000f5580000,0x00000000f67fffc0,0x00000000f6800000)
  from space 6144K, 0% used [0x00000000f7080000,0x00000000f7080000,0x00000000f7680000)
  to   space 8192K, 0% used [0x00000000f6800000,0x00000000f6800000,0x00000000f7000000)
 ParOldGen       total 349696K, used 349692K [0x00000000e0000000, 0x00000000f5580000, 0x00000000f5580000)
  object space 349696K, 99% used [0x00000000e0000000,0x00000000f557f3b0,0x00000000f5580000)
 Metaspace       used 54067K, committed 54976K, reserved 1105920K
  class space    used 5321K, committed 5696K, reserved 1048576K
}
Event: 2131.672 GC heap before
{Heap before GC invocations=688 (full 600):
 PSYoungGen      total 25088K, used 18943K [0x00000000f5580000, 0x00000000f7680000, 0x0000000100000000)
  eden space 18944K, 99% used [0x00000000f5580000,0x00000000f67ffff0,0x00000000f6800000)
  from space 6144K, 0% used [0x00000000f7080000,0x00000000f7080000,0x00000000f7680000)
  to   space 8192K, 0% used [0x00000000f6800000,0x00000000f6800000,0x00000000f7000000)
 ParOldGen       total 349696K, used 349692K [0x00000000e0000000, 0x00000000f5580000, 0x00000000f5580000)
  object space 349696K, 99% used [0x00000000e0000000,0x00000000f557f3b0,0x00000000f5580000)
 Metaspace       used 54067K, committed 54976K, reserved 1105920K
  class space    used 5321K, committed 5696K, reserved 1048576K
}
Event: 2134.207 GC heap after
{Heap after GC invocations=688 (full 600):
 PSYoungGen      total 27136K, used 18943K [0x00000000f5580000, 0x00000000f7680000, 0x0000000100000000)
  eden space 18944K, 99% used [0x00000000f5580000,0x00000000f67ffff0,0x00000000f6800000)
  from space 8192K, 0% used [0x00000000f6800000,0x00000000f6800000,0x00000000f7000000)
  to   space 6144K, 0% used [0x00000000f7080000,0x00000000f7080000,0x00000000f7680000)
 ParOldGen       total 349696K, used 349692K [0x00000000e0000000, 0x00000000f5580000, 0x00000000f5580000)
  object space 349696K, 99% used [0x00000000e0000000,0x00000000f557f3b0,0x00000000f5580000)
 Metaspace       used 54067K, committed 54976K, reserved 1105920K
  class space    used 5321K, committed 5696K, reserved 1048576K
}
Event: 2134.213 GC heap before
{Heap before GC invocations=689 (full 601):
 PSYoungGen      total 27136K, used 18944K [0x00000000f5580000, 0x00000000f7680000, 0x0000000100000000)
  eden space 18944K, 100% used [0x00000000f5580000,0x00000000f6800000,0x00000000f6800000)
  from space 8192K, 0% used [0x00000000f6800000,0x00000000f6800000,0x00000000f7000000)
  to   space 6144K, 0% used [0x00000000f7080000,0x00000000f7080000,0x00000000f7680000)
 ParOldGen       total 349696K, used 349694K [0x00000000e0000000, 0x00000000f5580000, 0x00000000f5580000)
  object space 349696K, 99% used [0x00000000e0000000,0x00000000f557f9a0,0x00000000f5580000)
 Metaspace       used 54067K, committed 54976K, reserved 1105920K
  class space    used 5321K, committed 5696K, reserved 1048576K
}
Event: 2136.587 GC heap after
{Heap after GC invocations=689 (full 601):
 PSYoungGen      total 25088K, used 18943K [0x00000000f5580000, 0x00000000f7680000, 0x0000000100000000)
  eden space 18944K, 99% used [0x00000000f5580000,0x00000000f67fff48,0x00000000f6800000)
  from space 6144K, 0% used [0x00000000f7080000,0x00000000f7080000,0x00000000f7680000)
  to   space 8192K, 0% used [0x00000000f6800000,0x00000000f6800000,0x00000000f7000000)
 ParOldGen       total 349696K, used 349694K [0x00000000e0000000, 0x00000000f5580000, 0x00000000f5580000)
  object space 349696K, 99% used [0x00000000e0000000,0x00000000f557f820,0x00000000f5580000)
 Metaspace       used 54067K, committed 54976K, reserved 1105920K
  class space    used 5321K, committed 5696K, reserved 1048576K
}
Event: 2136.587 GC heap before
{Heap before GC invocations=690 (full 602):
 PSYoungGen      total 25088K, used 18943K [0x00000000f5580000, 0x00000000f7680000, 0x0000000100000000)
  eden space 18944K, 99% used [0x00000000f5580000,0x00000000f67fffb0,0x00000000f6800000)
  from space 6144K, 0% used [0x00000000f7080000,0x00000000f7080000,0x00000000f7680000)
  to   space 8192K, 0% used [0x00000000f6800000,0x00000000f6800000,0x00000000f7000000)
 ParOldGen       total 349696K, used 349694K [0x00000000e0000000, 0x00000000f5580000, 0x00000000f5580000)
  object space 349696K, 99% used [0x00000000e0000000,0x00000000f557f820,0x00000000f5580000)
 Metaspace       used 54067K, committed 54976K, reserved 1105920K
  class space    used 5321K, committed 5696K, reserved 1048576K
}
Event: 2138.677 GC heap after
{Heap after GC invocations=690 (full 602):
 PSYoungGen      total 27136K, used 18943K [0x00000000f5580000, 0x00000000f7680000, 0x0000000100000000)
  eden space 18944K, 99% used [0x00000000f5580000,0x00000000f67fff80,0x00000000f6800000)
  from space 8192K, 0% used [0x00000000f6800000,0x00000000f6800000,0x00000000f7000000)
  to   space 6144K, 0% used [0x00000000f7080000,0x00000000f7080000,0x00000000f7680000)
 ParOldGen       total 349696K, used 349694K [0x00000000e0000000, 0x00000000f5580000, 0x00000000f5580000)
  object space 349696K, 99% used [0x00000000e0000000,0x00000000f557f800,0x00000000f5580000)
 Metaspace       used 54067K, committed 54976K, reserved 1105920K
  class space    used 5321K, committed 5696K, reserved 1048576K
}
Event: 2138.677 GC heap before
{Heap before GC invocations=691 (full 603):
 PSYoungGen      total 27136K, used 18943K [0x00000000f5580000, 0x00000000f7680000, 0x0000000100000000)
  eden space 18944K, 99% used [0x00000000f5580000,0x00000000f67fff80,0x00000000f6800000)
  from space 8192K, 0% used [0x00000000f6800000,0x00000000f6800000,0x00000000f7000000)
  to   space 6144K, 0% used [0x00000000f7080000,0x00000000f7080000,0x00000000f7680000)
 ParOldGen       total 349696K, used 349694K [0x00000000e0000000, 0x00000000f5580000, 0x00000000f5580000)
  object space 349696K, 99% used [0x00000000e0000000,0x00000000f557f800,0x00000000f5580000)
 Metaspace       used 54067K, committed 54976K, reserved 1105920K
  class space    used 5321K, committed 5696K, reserved 1048576K
}
Event: 2141.202 GC heap after
{Heap after GC invocations=691 (full 603):
 PSYoungGen      total 25088K, used 18943K [0x00000000f5580000, 0x00000000f7680000, 0x0000000100000000)
  eden space 18944K, 99% used [0x00000000f5580000,0x00000000f67fff80,0x00000000f6800000)
  from space 6144K, 0% used [0x00000000f7080000,0x00000000f7080000,0x00000000f7680000)
  to   space 8192K, 0% used [0x00000000f6800000,0x00000000f6800000,0x00000000f7000000)
 ParOldGen       total 349696K, used 349694K [0x00000000e0000000, 0x00000000f5580000, 0x00000000f5580000)
  object space 349696K, 99% used [0x00000000e0000000,0x00000000f557f800,0x00000000f5580000)
 Metaspace       used 54067K, committed 54976K, reserved 1105920K
  class space    used 5321K, committed 5696K, reserved 1048576K
}
Event: 2141.202 GC heap before
{Heap before GC invocations=692 (full 604):
 PSYoungGen      total 25088K, used 18943K [0x00000000f5580000, 0x00000000f7680000, 0x0000000100000000)
  eden space 18944K, 99% used [0x00000000f5580000,0x00000000f67fffc0,0x00000000f6800000)
  from space 6144K, 0% used [0x00000000f7080000,0x00000000f7080000,0x00000000f7680000)
  to   space 8192K, 0% used [0x00000000f6800000,0x00000000f6800000,0x00000000f7000000)
 ParOldGen       total 349696K, used 349694K [0x00000000e0000000, 0x00000000f5580000, 0x00000000f5580000)
  object space 349696K, 99% used [0x00000000e0000000,0x00000000f557f800,0x00000000f5580000)
 Metaspace       used 54067K, committed 54976K, reserved 1105920K
  class space    used 5321K, committed 5696K, reserved 1048576K
}
Event: 2143.869 GC heap after
{Heap after GC invocations=692 (full 604):
 PSYoungGen      total 27136K, used 18943K [0x00000000f5580000, 0x00000000f7680000, 0x0000000100000000)
  eden space 18944K, 99% used [0x00000000f5580000,0x00000000f67fffa0,0x00000000f6800000)
  from space 8192K, 0% used [0x00000000f6800000,0x00000000f6800000,0x00000000f7000000)
  to   space 6144K, 0% used [0x00000000f7080000,0x00000000f7080000,0x00000000f7680000)
 ParOldGen       total 349696K, used 349694K [0x00000000e0000000, 0x00000000f5580000, 0x00000000f5580000)
  object space 349696K, 99% used [0x00000000e0000000,0x00000000f557f800,0x00000000f5580000)
 Metaspace       used 54067K, committed 54976K, reserved 1105920K
  class space    used 5321K, committed 5696K, reserved 1048576K
}
Event: 2143.869 GC heap before
{Heap before GC invocations=693 (full 605):
 PSYoungGen      total 27136K, used 18943K [0x00000000f5580000, 0x00000000f7680000, 0x0000000100000000)
  eden space 18944K, 99% used [0x00000000f5580000,0x00000000f67fffa0,0x00000000f6800000)
  from space 8192K, 0% used [0x00000000f6800000,0x00000000f6800000,0x00000000f7000000)
  to   space 6144K, 0% used [0x00000000f7080000,0x00000000f7080000,0x00000000f7680000)
 ParOldGen       total 349696K, used 349694K [0x00000000e0000000, 0x00000000f5580000, 0x00000000f5580000)
  object space 349696K, 99% used [0x00000000e0000000,0x00000000f557f800,0x00000000f5580000)
 Metaspace       used 54067K, committed 54976K, reserved 1105920K
  class space    used 5321K, committed 5696K, reserved 1048576K
}
Event: 2146.569 GC heap after
{Heap after GC invocations=693 (full 605):
 PSYoungGen      total 25088K, used 18943K [0x00000000f5580000, 0x00000000f7680000, 0x0000000100000000)
  eden space 18944K, 99% used [0x00000000f5580000,0x00000000f67fffa0,0x00000000f6800000)
  from space 6144K, 0% used [0x00000000f7080000,0x00000000f7080000,0x00000000f7680000)
  to   space 8192K, 0% used [0x00000000f6800000,0x00000000f6800000,0x00000000f7000000)
 ParOldGen       total 349696K, used 349694K [0x00000000e0000000, 0x00000000f5580000, 0x00000000f5580000)
  object space 349696K, 99% used [0x00000000e0000000,0x00000000f557f800,0x00000000f5580000)
 Metaspace       used 54067K, committed 54976K, reserved 1105920K
  class space    used 5321K, committed 5696K, reserved 1048576K
}

Dll operation events (8 events):
Event: 0.003 Loaded shared library /nix/store/gpxl5qgg8kicmcvivwmybwjlpf7wh20l-graalvm17-ce-22.3.0/lib/libjava.so
Event: 0.012 Loaded shared library /nix/store/gpxl5qgg8kicmcvivwmybwjlpf7wh20l-graalvm17-ce-22.3.0/lib/libjsvml.so
Event: 0.306 Loaded shared library /nix/store/gpxl5qgg8kicmcvivwmybwjlpf7wh20l-graalvm17-ce-22.3.0/lib/libnio.so
Event: 0.313 Loaded shared library /nix/store/gpxl5qgg8kicmcvivwmybwjlpf7wh20l-graalvm17-ce-22.3.0/lib/libzip.so
Event: 0.318 Loaded shared library /nix/store/gpxl5qgg8kicmcvivwmybwjlpf7wh20l-graalvm17-ce-22.3.0/lib/libjvmcicompiler.so
Event: 0.821 Loaded shared library /nix/store/gpxl5qgg8kicmcvivwmybwjlpf7wh20l-graalvm17-ce-22.3.0/lib/libjimage.so
Event: 3.360 Loaded shared library /nix/store/gpxl5qgg8kicmcvivwmybwjlpf7wh20l-graalvm17-ce-22.3.0/lib/libnet.so
Event: 5.739 Loaded shared library /home/runner/.cache/jdt-language-server/config/org.eclipse.equinox.launcher/org.eclipse.equinox.launcher.gtk.linux.x86_64_1.2.400.v20211117-0650/eclipse_11600.so

Deoptimization events (20 events):
Event: 2059.562 Thread 0x00007fd0c841c3f0 DEOPT PACKING pc=0x00007fd1230497f7 sp=0x00007fd0e09fe910
Event: 2059.562 Thread 0x00007fd0c841c3f0 DEOPT UNPACKING pc=0x00007fd11b505325 sp=0x00007fd0e09fddb8 mode 3
Event: 2073.789 Thread 0x00007fd0a0165c20 Uncommon trap: trap_request=0xffffff8f fr.pc=0x00007fd122f90194 relative=0x0000000000000274
Event: 2073.789 Thread 0x00007fd0a0165c20 Uncommon trap: reason=constraint action=none pc=0x00007fd122f90194 method=java.lang.StringLatin1.newString([BII)Ljava/lang/String; @ 0 jvmci
Event: 2073.789 Thread 0x00007fd0a0165c20 DEOPT PACKING pc=0x00007fd122f90194 sp=0x00007fd0dfffc990
Event: 2073.790 Thread 0x00007fd0a0165c20 DEOPT UNPACKING pc=0x00007fd11b505325 sp=0x00007fd0dfffbe20 mode 3
Event: 2082.296 Thread 0x00007fd0c84974c0 DEOPT PACKING pc=0x00007fd122fa96b5 sp=0x00007fd0e07fdc50
Event: 2082.296 Thread 0x00007fd0c84974c0 DEOPT UNPACKING pc=0x00007fd11b505325 sp=0x00007fd0e07fcfd0 mode 3
Event: 2119.560 Thread 0x00007fd0a0165c20 Uncommon trap: trap_request=0xffffff8f fr.pc=0x00007fd122fd4f18 relative=0x00000000000001f8
Event: 2119.560 Thread 0x00007fd0a0165c20 Uncommon trap: reason=constraint action=none pc=0x00007fd122fd4f18 method=java.util.Arrays.copyOfRange([BII)[B @ 0 jvmci
Event: 2119.560 Thread 0x00007fd0a0165c20 DEOPT PACKING pc=0x00007fd122fd4f18 sp=0x00007fd0dfffc8f0
Event: 2119.560 Thread 0x00007fd0a0165c20 DEOPT UNPACKING pc=0x00007fd11b505325 sp=0x00007fd0dfffbd88 mode 3
Event: 2129.066 Thread 0x00007fd0a0165c20 DEOPT PACKING pc=0x00007fd1231954f4 sp=0x00007fd0dfffcf70
Event: 2129.066 Thread 0x00007fd0a0165c20 DEOPT UNPACKING pc=0x00007fd11b505325 sp=0x00007fd0dfffc418 mode 1
Event: 2129.066 Thread 0x00007fd0a0165c20 DEOPT PACKING pc=0x00007fd1231368c8 sp=0x00007fd0dfffcfd0
Event: 2129.066 Thread 0x00007fd0a0165c20 DEOPT UNPACKING pc=0x00007fd11b505325 sp=0x00007fd0dfffc478 mode 1
Event: 2141.202 Thread 0x00007fd1340b1c40 Uncommon trap: trap_request=0xffffff8f fr.pc=0x00007fd1230b359b relative=0x000000000000017b
Event: 2141.202 Thread 0x00007fd1340b1c40 Uncommon trap: reason=constraint action=none pc=0x00007fd1230b359b method=java.io.ByteArrayOutputStream.<init>(I)V @ 0 jvmci
Event: 2141.202 Thread 0x00007fd1340b1c40 DEOPT PACKING pc=0x00007fd1230b359b sp=0x00007fd119316020
Event: 2141.202 Thread 0x00007fd1340b1c40 DEOPT UNPACKING pc=0x00007fd11b505325 sp=0x00007fd1193154c8 mode 3

Classes unloaded (20 events):
Event: 216.768 Thread 0x00007fd1340a1640 Unloading class 0x0000000800c84000 'jdk/internal/reflect/GeneratedMethodAccessor1'
Event: 216.768 Thread 0x00007fd1340a1640 Unloading class 0x0000000800c01c00 'java/lang/invoke/LambdaForm$DMH+0x0000000800c01c00'
Event: 231.067 Thread 0x00007fd1340a1640 Unloading class 0x0000000801091400 'jdk/internal/reflect/GeneratedMethodAccessor13'
Event: 231.067 Thread 0x00007fd1340a1640 Unloading class 0x0000000801091000 'jdk/internal/reflect/GeneratedMethodAccessor12'
Event: 231.067 Thread 0x00007fd1340a1640 Unloading class 0x0000000801084400 'jdk/internal/reflect/GeneratedMethodAccessor11'
Event: 231.067 Thread 0x00007fd1340a1640 Unloading class 0x0000000801084000 'jdk/internal/reflect/GeneratedMethodAccessor10'
Event: 231.067 Thread 0x00007fd1340a1640 Unloading class 0x0000000800ff4400 'jdk/internal/reflect/GeneratedSerializationConstructorAccessor33'
Event: 231.067 Thread 0x00007fd1340a1640 Unloading class 0x0000000800ff4000 'jdk/internal/reflect/GeneratedSerializationConstructorAccessor32'
Event: 231.067 Thread 0x00007fd1340a1640 Unloading class 0x0000000800fef400 'jdk/internal/reflect/GeneratedSerializationConstructorAccessor31'
Event: 231.067 Thread 0x00007fd1340a1640 Unloading class 0x0000000800fef000 'jdk/internal/reflect/GeneratedSerializationConstructorAccessor30'
Event: 231.067 Thread 0x00007fd1340a1640 Unloading class 0x0000000800e0dc00 'jdk/internal/reflect/GeneratedMethodAccessor8'
Event: 231.067 Thread 0x00007fd1340a1640 Unloading class 0x0000000800e0cc00 'jdk/internal/reflect/GeneratedMethodAccessor7'
Event: 240.965 Thread 0x00007fd1340a1640 Unloading class 0x0000000801154400 'jdk/internal/reflect/GeneratedConstructorAccessor28'
Event: 373.475 Thread 0x00007fd1340a1640 Unloading class 0x0000000800cb1400 'java/lang/invoke/LambdaForm$MH+0x0000000800cb1400'
Event: 373.475 Thread 0x00007fd1340a1640 Unloading class 0x0000000800cb2400 'java/lang/invoke/LambdaForm$MH+0x0000000800cb2400'
Event: 373.475 Thread 0x00007fd1340a1640 Unloading class 0x0000000800da5000 'java/lang/invoke/LambdaForm$MH+0x0000000800da5000'
Event: 373.475 Thread 0x00007fd1340a1640 Unloading class 0x0000000800e00400 'java/lang/invoke/LambdaForm$MH+0x0000000800e00400'
Event: 373.475 Thread 0x00007fd1340a1640 Unloading class 0x0000000800e0c800 'java/lang/invoke/LambdaForm$MH+0x0000000800e0c800'
Event: 373.475 Thread 0x00007fd1340a1640 Unloading class 0x0000000800e0d800 'java/lang/invoke/LambdaForm$MH+0x0000000800e0d800'
Event: 395.788 Thread 0x00007fd1340a1640 Unloading class 0x0000000800ff4800 'jdk/internal/reflect/GeneratedConstructorAccessor14'

Classes redefined (0 events):
No events

Internal exceptions (20 events):
Event: 223.581 Thread 0x00007fd0c84974c0 Implicit null exception at 0x00007fd12320ad5a to 0x00007fd12320b0f7
Event: 224.576 Thread 0x00007fd0a0170940 Exception <a 'java/lang/ArrayIndexOutOfBoundsException'{0x00000000f6038890}: Index 843 out of bounds for length 843> (0x00000000f6038890) 
thrown [src/hotspot/share/interpreter/interpreterRuntime.cpp, line 428]
Event: 224.860 Thread 0x00007fd0a0170940 Exception <a 'java/lang/ArrayIndexOutOfBoundsException'{0x00000000f618e710}: Index 843 out of bounds for length 843> (0x00000000f618e710) 
thrown [src/hotspot/share/interpreter/interpreterRuntime.cpp, line 428]
Event: 224.862 Thread 0x00007fd0a0170940 Exception <a 'java/lang/ArrayIndexOutOfBoundsException'{0x00000000f6191298}: Index 843 out of bounds for length 843> (0x00000000f6191298) 
thrown [src/hotspot/share/interpreter/interpreterRuntime.cpp, line 428]
Event: 224.862 Thread 0x00007fd0a0170940 Exception <a 'java/lang/ArrayIndexOutOfBoundsException'{0x00000000f61915b8}: Index 844 out of bounds for length 843> (0x00000000f61915b8) 
thrown [src/hotspot/share/interpreter/interpreterRuntime.cpp, line 428]
Event: 244.720 Thread 0x00007fd0a0170940 Exception <a 'java/io/FileNotFoundException'{0x00000000f6170a18}> (0x00000000f6170a18) 
thrown [src/hotspot/share/prims/jni.cpp, line 516]
Event: 2028.194 Thread 0x00007fd0c84974c0 Exception <a 'java/lang/OutOfMemoryError'{0x00000000e00d0aa8}> (0x00000000e00d0aa8) 
thrown [src/hotspot/share/gc/shared/memAllocator.cpp, line 138]
Event: 2028.194 Thread 0x00007fd0c84974c0 Implicit null exception at 0x00007fd122fa95c4 to 0x00007fd122fa969a
Event: 2054.182 Thread 0x00007fd0c84974c0 Exception <a 'java/lang/OutOfMemoryError'{0x00000000e00d0508}> (0x00000000e00d0508) 
thrown [src/hotspot/share/gc/shared/memAllocator.cpp, line 138]
Event: 2059.562 Thread 0x00007fd0c84974c0 Implicit null exception at 0x00007fd122fa95c4 to 0x00007fd122fa969a
Event: 2059.562 Thread 0x00007fd0c841c3f0 Exception <a 'java/lang/OutOfMemoryError'{0x00000000e00d0508}> (0x00000000e00d0508) 
thrown [src/hotspot/share/gc/shared/memAllocator.cpp, line 138]
Event: 2059.562 Thread 0x00007fd0c841c3f0 Implicit null exception at 0x00007fd1230497d8 to 0x00007fd1230497dc
Event: 2073.789 Thread 0x00007fd0a0165c20 Exception <a 'java/lang/OutOfMemoryError'{0x00000000e00cff68}> (0x00000000e00cff68) 
thrown [src/hotspot/share/gc/shared/memAllocator.cpp, line 138]
Event: 2073.789 Thread 0x00007fd0a0165c20 Implicit null exception at 0x00007fd122f900af to 0x00007fd122f90179
Event: 2119.560 Thread 0x00007fd0a0165c20 Exception <a 'java/lang/OutOfMemoryError'{0x00000000e00cff68}> (0x00000000e00cff68) 
thrown [src/hotspot/share/gc/shared/memAllocator.cpp, line 138]
Event: 2119.560 Thread 0x00007fd0a0165c20 Implicit null exception at 0x00007fd122fd4e6b to 0x00007fd122fd4efd
Event: 2124.358 Thread 0x00007fd0a0165c20 Exception <a 'java/lang/OutOfMemoryError'{0x00000000e00d0288}> (0x00000000e00d0288) 
thrown [src/hotspot/share/gc/shared/memAllocator.cpp, line 136]
Event: 2141.202 Thread 0x00007fd1340b1c40 Exception <a 'java/lang/OutOfMemoryError'{0x00000000e00cff68}> (0x00000000e00cff68) 
thrown [src/hotspot/share/gc/shared/memAllocator.cpp, line 138]
Event: 2141.202 Thread 0x00007fd1340b1c40 Implicit null exception at 0x00007fd1230b3551 to 0x00007fd1230b3580
Event: 2146.570 Thread 0x00007fd1340b1c40 Exception <a 'java/lang/OutOfMemoryError'{0x00000000e00d0288}> (0x00000000e00d0288) 
thrown [src/hotspot/share/gc/shared/memAllocator.cpp, line 136]

VM Operations (20 events):
Event: 2114.506 Executing VM operation: ParallelGCFailedAllocation done
Event: 2114.506 Executing VM operation: ParallelGCFailedAllocation
Event: 2119.560 Executing VM operation: ParallelGCFailedAllocation done
Event: 2119.560 Executing VM operation: ParallelGCFailedAllocation
Event: 2124.358 Executing VM operation: ParallelGCFailedAllocation done
Event: 2124.358 Executing VM operation: ParallelGCFailedAllocation
Event: 2126.377 Executing VM operation: ParallelGCFailedAllocation done
Event: 2126.377 Executing VM operation: ParallelGCFailedAllocation
Event: 2129.066 Executing VM operation: ParallelGCFailedAllocation done
Event: 2129.066 Executing VM operation: ParallelGCFailedAllocation
Event: 2131.671 Executing VM operation: ParallelGCFailedAllocation done
Event: 2131.672 Executing VM operation: ParallelGCFailedAllocation
Event: 2134.207 Executing VM operation: ParallelGCFailedAllocation done
Event: 2134.209 Executing VM operation: ParallelGCFailedAllocation
Event: 2136.587 Executing VM operation: ParallelGCFailedAllocation done
Event: 2136.587 Executing VM operation: ParallelGCFailedAllocation
Event: 2141.202 Executing VM operation: ParallelGCFailedAllocation done
Event: 2141.202 Executing VM operation: ParallelGCFailedAllocation
Event: 2146.570 Executing VM operation: ParallelGCFailedAllocation done
Event: 2146.570 Executing VM operation: ParallelGCFailedAllocation

Events (20 events):
Event: 235.458 Thread 0x00007fd0a0166ad0 Thread added: 0x00007fd0a0166ad0
Event: 235.463 Protecting memory [0x00007fd118a16000,0x00007fd118a1a000] with protection modes 0
Event: 235.470 Thread 0x00007fd0a0166ad0 Thread exited: 0x00007fd0a0166ad0
Event: 235.576 Thread 0x00007fd0a0165310 Thread exited: 0x00007fd0a0165310
Event: 244.122 Thread 0x00007fd0a0165c20 Thread exited: 0x00007fd0a0165c20
Event: 244.242 Thread 0x00007fd0a0164c90 Thread exited: 0x00007fd0a0164c90
Event: 244.378 Thread 0x00007fd0a0165c20 Thread added: 0x00007fd0a0165c20
Event: 244.379 Protecting memory [0x00007fd0dff00000,0x00007fd0dff04000] with protection modes 0
Event: 244.479 Thread 0x00007fd0a0165c20 Thread exited: 0x00007fd0a0165c20
Event: 245.968 loading class java/util/stream/Streams$ConcatSpliterator$OfRef
Event: 245.968 loading class java/util/stream/Streams$ConcatSpliterator
Event: 245.968 loading class java/util/stream/Streams$ConcatSpliterator done
Event: 245.968 loading class java/util/stream/Streams$ConcatSpliterator$OfRef done
Event: 245.968 loading class java/util/stream/Streams$2
Event: 245.968 loading class java/util/stream/Streams$2 done
Event: 401.964 Thread 0x00007fd0a0165c20 Thread added: 0x00007fd0a0165c20
Event: 401.964 Protecting memory [0x00007fd0dff00000,0x00007fd0dff04000] with protection modes 0
Event: 422.883 Thread 0x00007fd0a0165c20 Thread exited: 0x00007fd0a0165c20
Event: 425.374 Thread 0x00007fd0a0165c20 Thread added: 0x00007fd0a0165c20
Event: 425.374 Protecting memory [0x00007fd0dff00000,0x00007fd0dff04000] with protection modes 0


Dynamic libraries:
e0000000-f5480000 rw-p 00000000 00:00 0 
f5480000-f7680000 rw-p 00000000 00:00 0 
f7680000-100000000 ---p 00000000 00:00 0 
800000000-800449000 rw-p 00001000 00:1199 4611686019135357769            /nix/store/gpxl5qgg8kicmcvivwmybwjlpf7wh20l-graalvm17-ce-22.3.0/lib/server/classes.jsa
800449000-800bc8000 r--p 0044a000 00:1199 4611686019135357769            /nix/store/gpxl5qgg8kicmcvivwmybwjlpf7wh20l-graalvm17-ce-22.3.0/lib/server/classes.jsa
800bc8000-800c00000 ---p 00000000 00:00 0 
800c00000-800c10000 rw-p 00000000 00:00 0 
800c10000-800c30000 rw-p 00000000 00:00 0 
800c30000-800cb0000 rw-p 00000000 00:00 0 
800cb0000-800cf0000 rw-p 00000000 00:00 0 
800cf0000-800db0000 rw-p 00000000 00:00 0 
800db0000-800df0000 rw-p 00000000 00:00 0 
800df0000-801170000 rw-p 00000000 00:00 0 
801170000-801180000 ---p 00000000 00:00 0 
801180000-8011a0000 rw-p 00000000 00:00 0 
8011a0000-840c00000 ---p 00000000 00:00 0 
56059a63a000-56059a63b000 r-xp 00000000 00:1199 4611686019099417844      /nix/store/gpxl5qgg8kicmcvivwmybwjlpf7wh20l-graalvm17-ce-22.3.0/bin/.java-wrapped
56059a63c000-56059a63d000 r--p 00001000 00:1199 4611686019099417844      /nix/store/gpxl5qgg8kicmcvivwmybwjlpf7wh20l-graalvm17-ce-22.3.0/bin/.java-wrapped
56059a63d000-56059a63e000 rw-p 00002000 00:1199 4611686019099417844      /nix/store/gpxl5qgg8kicmcvivwmybwjlpf7wh20l-graalvm17-ce-22.3.0/bin/.java-wrapped
56059a63e000-56059a63f000 rw-p 00004000 00:1199 4611686019099417844      /nix/store/gpxl5qgg8kicmcvivwmybwjlpf7wh20l-graalvm17-ce-22.3.0/bin/.java-wrapped
56059a63f000-56059a640000 rw-p 00005000 00:1199 4611686019099417844      /nix/store/gpxl5qgg8kicmcvivwmybwjlpf7wh20l-graalvm17-ce-22.3.0/bin/.java-wrapped
56059bbcb000-56059bc13000 rw-p 00000000 00:00 0                          [heap]
7fd080000000-7fd080021000 rw-p 00000000 00:00 0 
7fd080021000-7fd084000000 ---p 00000000 00:00 0 
7fd088000000-7fd088021000 rw-p 00000000 00:00 0 
7fd088021000-7fd08c000000 ---p 00000000 00:00 0 
7fd08c000000-7fd08c115000 rw-p 00000000 00:00 0 
7fd08c115000-7fd090000000 ---p 00000000 00:00 0 
7fd090000000-7fd09010b000 rw-p 00000000 00:00 0 
7fd09010b000-7fd094000000 ---p 00000000 00:00 0 
7fd094c00000-7fd094c80000 rw-p 00000000 00:00 0 
7fd094c80000-7fd095400000 ---p 00000000 00:00 0 
7fd0964b3000-7fd0a0000000 r--s 00000000 00:1199 4611686019135192581      /nix/store/gpxl5qgg8kicmcvivwmybwjlpf7wh20l-graalvm17-ce-22.3.0/lib/modules
7fd0a0000000-7fd0a0174000 rw-p 00000000 00:00 0 
7fd0a0174000-7fd0a4000000 ---p 00000000 00:00 0 
7fd0a4000000-7fd0a4021000 rw-p 00000000 00:00 0 
7fd0a4021000-7fd0a8000000 ---p 00000000 00:00 0 
7fd0a8000000-7fd0a8021000 rw-p 00000000 00:00 0 
7fd0a8021000-7fd0ac000000 ---p 00000000 00:00 0 
7fd0adc00000-7fd0ae3f0000 rw-p 00000000 00:00 0 
7fd0ae3f0000-7fd0ae400000 rw-p 00000000 00:00 0 
7fd0aec00000-7fd0aeff0000 rw-p 00000000 00:00 0 
7fd0aeff0000-7fd0af2f0000 rw-p 00000000 00:00 0 
7fd0af2f0000-7fd0af3a0000 rw-p 00000000 00:00 0 
7fd0af3a0000-7fd0af400000 ---p 00000000 00:00 0 
7fd0af400000-7fd0af970000 rw-p 00000000 00:00 0 
7fd0af970000-7fd0af9f0000 rw-p 00000000 00:00 0 
7fd0af9f0000-7fd0afbf0000 rw-p 00000000 00:00 0 
7fd0afbf0000-7fd0afc00000 rw-p 00000000 00:00 0 
7fd0b0000000-7fd0b0358000 rw-p 00000000 00:00 0 
7fd0b0358000-7fd0b4000000 ---p 00000000 00:00 0 
7fd0b4000000-7fd0b4024000 rw-p 00000000 00:00 0 
7fd0b4024000-7fd0b8000000 ---p 00000000 00:00 0 
7fd0b8000000-7fd0b8446000 rw-p 00000000 00:00 0 
7fd0b8446000-7fd0bc000000 ---p 00000000 00:00 0 
7fd0bc000000-7fd0bc0a4000 rw-p 00000000 00:00 0 
7fd0bc0a4000-7fd0c0000000 ---p 00000000 00:00 0 
7fd0c0000000-7fd0c0021000 rw-p 00000000 00:00 0 
7fd0c0021000-7fd0c4000000 ---p 00000000 00:00 0 
7fd0c4000000-7fd0c4021000 rw-p 00000000 00:00 0 
7fd0c4021000-7fd0c8000000 ---p 00000000 00:00 0 
7fd0c8000000-7fd0c88d1000 rw-p 00000000 00:00 0 
7fd0c88d1000-7fd0cc000000 ---p 00000000 00:00 0 
7fd0cc000000-7fd0cc021000 rw-p 00000000 00:00 0 
7fd0cc021000-7fd0d0000000 ---p 00000000 00:00 0 
7fd0d0000000-7fd0d0021000 rw-p 00000000 00:00 0 
7fd0d0021000-7fd0d4000000 ---p 00000000 00:00 0 
7fd0d4000000-7fd0d4021000 rw-p 00000000 00:00 0 
7fd0d4021000-7fd0d8000000 ---p 00000000 00:00 0 
7fd0d8000000-7fd0d8084000 rw-p 00000000 00:00 0 
7fd0d8084000-7fd0dc000000 ---p 00000000 00:00 0 
7fd0dcc00000-7fd0dccf0000 rw-p 00000000 00:00 0 
7fd0dccf0000-7fd0dd1b0000 rw-p 00000000 00:00 0 
7fd0dd1b0000-7fd0dd1f0000 rw-p 00000000 00:00 0 
7fd0dd1f0000-7fd0dd370000 rw-p 00000000 00:00 0 
7fd0dd370000-7fd0dd3f0000 rw-p 00000000 00:00 0 
7fd0dd3f0000-7fd0dd4f0000 rw-p 00000000 00:00 0 
7fd0dd4f0000-7fd0dd5f0000 rw-p 00000000 00:00 0 
7fd0dd5f0000-7fd0ddb70000 rw-p 00000000 00:00 0 
7fd0ddb70000-7fd0ddbf0000 rw-p 00000000 00:00 0 
7fd0ddbf0000-7fd0ddc00000 rw-p 00000000 00:00 0 
7fd0dde00000-7fd0dde10000 r-xp 00000000 00:118a 366                      /home/runner/.cache/jdt-language-server/config/org.eclipse.equinox.launcher/org.eclipse.equinox.launcher.gtk.linux.x86_64_1.2.400.v20211117-0650/eclipse_11600.so
7fd0dde10000-7fd0de00f000 ---p 00010000 00:118a 366                      /home/runner/.cache/jdt-language-server/config/org.eclipse.equinox.launcher/org.eclipse.equinox.launcher.gtk.linux.x86_64_1.2.400.v20211117-0650/eclipse_11600.so
7fd0de00f000-7fd0de010000 r--p 0000f000 00:118a 366                      /home/runner/.cache/jdt-language-server/config/org.eclipse.equinox.launcher/org.eclipse.equinox.launcher.gtk.linux.x86_64_1.2.400.v20211117-0650/eclipse_11600.so
7fd0de010000-7fd0de011000 rw-p 00010000 00:118a 366                      /home/runner/.cache/jdt-language-server/config/org.eclipse.equinox.launcher/org.eclipse.equinox.launcher.gtk.linux.x86_64_1.2.400.v20211117-0650/eclipse_11600.so
7fd0de700000-7fd0de800000 ---p 00000000 00:00 0 
7fd0de800000-7fd0dedaf000 r--p 01122000 00:1199 4611686019135190040      /nix/store/gpxl5qgg8kicmcvivwmybwjlpf7wh20l-graalvm17-ce-22.3.0/lib/libjvmcicompiler.so
7fd0dedaf000-7fd0def00000 r--p 00000000 00:00 0 
7fd0def00000-7fd0def3d000 rw-p 00000000 00:00 0 
7fd0def3d000-7fd0df45d000 rw-p 0185f000 00:1199 4611686019135190040      /nix/store/gpxl5qgg8kicmcvivwmybwjlpf7wh20l-graalvm17-ce-22.3.0/lib/libjvmcicompiler.so
7fd0df45d000-7fd0df844000 r--p 01d7f000 00:1199 4611686019135190040      /nix/store/gpxl5qgg8kicmcvivwmybwjlpf7wh20l-graalvm17-ce-22.3.0/lib/libjvmcicompiler.so
7fd0df900000-7fd0df904000 ---p 00000000 00:00 0 
7fd0df904000-7fd0dfa00000 rw-p 00000000 00:00 0 
7fd0dfb00000-7fd0dfb04000 ---p 00000000 00:00 0 
7fd0dfb04000-7fd0dfc00000 rw-p 00000000 00:00 0 
7fd0dfd00000-7fd0dfd04000 ---p 00000000 00:00 0 
7fd0dfd04000-7fd0dfe00000 rw-p 00000000 00:00 0 
7fd0dff00000-7fd0dff04000 ---p 00000000 00:00 0 
7fd0dff04000-7fd0e0000000 rw-p 00000000 00:00 0 
7fd0e0000000-7fd0e0004000 ---p 00000000 00:00 0 
7fd0e0004000-7fd0e0100000 rw-p 00000000 00:00 0 
7fd0e0100000-7fd0e0104000 ---p 00000000 00:00 0 
7fd0e0104000-7fd0e0200000 rw-p 00000000 00:00 0 
7fd0e0300000-7fd0e0304000 ---p 00000000 00:00 0 
7fd0e0304000-7fd0e0400000 rw-p 00000000 00:00 0 
7fd0e0500000-7fd0e0504000 ---p 00000000 00:00 0 
7fd0e0504000-7fd0e0600000 rw-p 00000000 00:00 0 
7fd0e0600000-7fd0e0604000 ---p 00000000 00:00 0 
7fd0e0604000-7fd0e0700000 rw-p 00000000 00:00 0 
7fd0e0700000-7fd0e0704000 ---p 00000000 00:00 0 
7fd0e0704000-7fd0e0800000 rw-p 00000000 00:00 0 
7fd0e0800000-7fd0e0804000 ---p 00000000 00:00 0 
7fd0e0804000-7fd0e0900000 rw-p 00000000 00:00 0 
7fd0e0900000-7fd0e0904000 ---p 00000000 00:00 0 
7fd0e0904000-7fd0e0a00000 rw-p 00000000 00:00 0 
7fd0e1668000-7fd0e1b00000 rw-p 00000000 00:00 0 
7fd0e1c00000-7fd0e3d6a000 r-xp 00000000 00:1199 4611686019135190040      /nix/store/gpxl5qgg8kicmcvivwmybwjlpf7wh20l-graalvm17-ce-22.3.0/lib/libjvmcicompiler.so
7fd0e3d6a000-7fd0e3f69000 ---p 0216a000 00:1199 4611686019135190040      /nix/store/gpxl5qgg8kicmcvivwmybwjlpf7wh20l-graalvm17-ce-22.3.0/lib/libjvmcicompiler.so
7fd0e3f69000-7fd0e3f6a000 r--p 02169000 00:1199 4611686019135190040      /nix/store/gpxl5qgg8kicmcvivwmybwjlpf7wh20l-graalvm17-ce-22.3.0/lib/libjvmcicompiler.so
7fd0e3f6a000-7fd0e3f6c000 rw-p 0216a000 00:1199 4611686019135190040      /nix/store/gpxl5qgg8kicmcvivwmybwjlpf7wh20l-graalvm17-ce-22.3.0/lib/libjvmcicompiler.so
7fd0e3f6c000-7fd0e3f6d000 rw-p 00000000 00:00 0 
7fd0e3f6d000-7fd0e3f72000 rw-p 023c3000 00:1199 4611686019135190040      /nix/store/gpxl5qgg8kicmcvivwmybwjlpf7wh20l-graalvm17-ce-22.3.0/lib/libjvmcicompiler.so
7fd0e4000000-7fd0e4021000 rw-p 00000000 00:00 0 
7fd0e4021000-7fd0e8000000 ---p 00000000 00:00 0 
7fd0e8000000-7fd0e8021000 rw-p 00000000 00:00 0 
7fd0e8021000-7fd0ec000000 ---p 00000000 00:00 0 
7fd0ec000000-7fd0ec021000 rw-p 00000000 00:00 0 
7fd0ec021000-7fd0f0000000 ---p 00000000 00:00 0 
7fd0f0000000-7fd0f0021000 rw-p 00000000 00:00 0 
7fd0f0021000-7fd0f4000000 ---p 00000000 00:00 0 
7fd0f4000000-7fd0f40d9000 rw-p 00000000 00:00 0 
7fd0f40d9000-7fd0f8000000 ---p 00000000 00:00 0 
7fd0f8000000-7fd0f89ec000 rw-p 00000000 00:00 0 
7fd0f89ec000-7fd0fc000000 ---p 00000000 00:00 0 
7fd0fc000000-7fd0fc021000 rw-p 00000000 00:00 0 
7fd0fc021000-7fd100000000 ---p 00000000 00:00 0 
7fd100000000-7fd100021000 rw-p 00000000 00:00 0 
7fd100021000-7fd104000000 ---p 00000000 00:00 0 
7fd104000000-7fd104021000 rw-p 00000000 00:00 0 
7fd104021000-7fd108000000 ---p 00000000 00:00 0 
7fd108000000-7fd108021000 rw-p 00000000 00:00 0 
7fd108021000-7fd10c000000 ---p 00000000 00:00 0 
7fd10c000000-7fd10c021000 rw-p 00000000 00:00 0 
7fd10c021000-7fd110000000 ---p 00000000 00:00 0 
7fd110000000-7fd110021000 rw-p 00000000 00:00 0 
7fd110021000-7fd114000000 ---p 00000000 00:00 0 
7fd114000000-7fd114046000 rw-p 00000000 00:00 0 
7fd114046000-7fd118000000 ---p 00000000 00:00 0 
7fd118100000-7fd118104000 ---p 00000000 00:00 0 
7fd118104000-7fd118200000 rw-p 00000000 00:00 0 
7fd118300000-7fd118304000 ---p 00000000 00:00 0 
7fd118304000-7fd118400000 rw-p 00000000 00:00 0 
7fd118500000-7fd118504000 ---p 00000000 00:00 0 
7fd118504000-7fd118600000 rw-p 00000000 00:00 0 
7fd118700000-7fd118704000 ---p 00000000 00:00 0 
7fd118704000-7fd118800000 rw-p 00000000 00:00 0 
7fd118900000-7fd118904000 ---p 00000000 00:00 0 
7fd118904000-7fd118a00000 rw-p 00000000 00:00 0 
7fd118a16000-7fd118a1a000 ---p 00000000 00:00 0 
7fd118a1a000-7fd118b16000 rw-p 00000000 00:00 0 
7fd118b16000-7fd118b17000 ---p 00000000 00:00 0 
7fd118b17000-7fd118c18000 rw-p 00000000 00:00 0 
7fd118c18000-7fd118c1c000 ---p 00000000 00:00 0 
7fd118c1c000-7fd118d18000 rw-p 00000000 00:00 0 
7fd118d18000-7fd118d1c000 ---p 00000000 00:00 0 
7fd118d1c000-7fd118e18000 rw-p 00000000 00:00 0 
7fd118e18000-7fd118e1c000 ---p 00000000 00:00 0 
7fd118e1c000-7fd118f18000 rw-p 00000000 00:00 0 
7fd118f18000-7fd118f1c000 ---p 00000000 00:00 0 
7fd118f1c000-7fd119118000 rw-p 00000000 00:00 0 
7fd119118000-7fd11911c000 ---p 00000000 00:00 0 
7fd11911c000-7fd119318000 rw-p 00000000 00:00 0 
7fd119318000-7fd11931c000 ---p 00000000 00:00 0 
7fd11931c000-7fd119418000 rw-p 00000000 00:00 0 
7fd119418000-7fd11941c000 ---p 00000000 00:00 0 
7fd11941c000-7fd119518000 rw-p 00000000 00:00 0 
7fd119518000-7fd11951c000 ---p 00000000 00:00 0 
7fd11951c000-7fd119618000 rw-p 00000000 00:00 0 
7fd119618000-7fd1198fe000 r--p 00000000 00:1167 28444448                 /usr/lib/locale/locale-archive
7fd1198fe000-7fd119902000 ---p 00000000 00:00 0 
7fd119902000-7fd1199fe000 rw-p 00000000 00:00 0 
7fd1199fe000-7fd119a02000 ---p 00000000 00:00 0 
7fd119a02000-7fd119afe000 rw-p 00000000 00:00 0 
7fd119afe000-7fd119aff000 ---p 00000000 00:00 0 
7fd119aff000-7fd119ff0000 rw-p 00000000 00:00 0 
7fd119ff0000-7fd11a2b0000 rw-p 00000000 00:00 0 
7fd11a2b0000-7fd11a2f0000 rw-p 00000000 00:00 0 
7fd11a2f0000-7fd11a400000 rw-p 00000000 00:00 0 
7fd11a4b3000-7fd11b4b3000 rw-p 00000000 00:00 0 
7fd11b4b3000-7fd11b723000 rwxp 00000000 00:00 0 
7fd11b723000-7fd11ba42000 ---p 00000000 00:00 0 
7fd11ba42000-7fd11c822000 rwxp 00000000 00:00 0 
7fd11c822000-7fd122f7a000 ---p 00000000 00:00 0 
7fd122f7a000-7fd12321a000 rwxp 00000000 00:00 0 
7fd12321a000-7fd12a4b3000 ---p 00000000 00:00 0 
7fd12a4b3000-7fd134000000 r--s 00000000 00:1199 4611686019135192581      /nix/store/gpxl5qgg8kicmcvivwmybwjlpf7wh20l-graalvm17-ce-22.3.0/lib/modules
7fd134000000-7fd1343ff000 rw-p 00000000 00:00 0 
7fd1343ff000-7fd138000000 ---p 00000000 00:00 0 
7fd138068000-7fd13806c000 ---p 00000000 00:00 0 
7fd13806c000-7fd13808a000 rw-p 00000000 00:00 0 
7fd13808a000-7fd138091000 r-xp 00000000 00:1199 4611686019135192580      /nix/store/gpxl5qgg8kicmcvivwmybwjlpf7wh20l-graalvm17-ce-22.3.0/lib/libzip.so
7fd138091000-7fd138092000 ---p 00007000 00:1199 4611686019135192580      /nix/store/gpxl5qgg8kicmcvivwmybwjlpf7wh20l-graalvm17-ce-22.3.0/lib/libzip.so
7fd138092000-7fd138093000 r--p 00007000 00:1199 4611686019135192580      /nix/store/gpxl5qgg8kicmcvivwmybwjlpf7wh20l-graalvm17-ce-22.3.0/lib/libzip.so
7fd138093000-7fd138094000 rw-p 00008000 00:1199 4611686019135192580      /nix/store/gpxl5qgg8kicmcvivwmybwjlpf7wh20l-graalvm17-ce-22.3.0/lib/libzip.so
7fd138094000-7fd138096000 rw-p 0000b000 00:1199 4611686019135192580      /nix/store/gpxl5qgg8kicmcvivwmybwjlpf7wh20l-graalvm17-ce-22.3.0/lib/libzip.so
7fd138096000-7fd1380ab000 r-xp 00000000 00:1199 4611686019135192570      /nix/store/gpxl5qgg8kicmcvivwmybwjlpf7wh20l-graalvm17-ce-22.3.0/lib/libnet.so
7fd1380ab000-7fd1380ac000 ---p 00015000 00:1199 4611686019135192570      /nix/store/gpxl5qgg8kicmcvivwmybwjlpf7wh20l-graalvm17-ce-22.3.0/lib/libnet.so
7fd1380ac000-7fd1380ad000 r--p 00015000 00:1199 4611686019135192570      /nix/store/gpxl5qgg8kicmcvivwmybwjlpf7wh20l-graalvm17-ce-22.3.0/lib/libnet.so
7fd1380ad000-7fd1380ae000 rw-p 00016000 00:1199 4611686019135192570      /nix/store/gpxl5qgg8kicmcvivwmybwjlpf7wh20l-graalvm17-ce-22.3.0/lib/libnet.so
7fd1380ae000-7fd1380b1000 rw-p 0001b000 00:1199 4611686019135192570      /nix/store/gpxl5qgg8kicmcvivwmybwjlpf7wh20l-graalvm17-ce-22.3.0/lib/libnet.so
7fd1380b1000-7fd1380c4000 r-xp 00000000 00:1199 4611686019135192571      /nix/store/gpxl5qgg8kicmcvivwmybwjlpf7wh20l-graalvm17-ce-22.3.0/lib/libnio.so
7fd1380c4000-7fd1380c5000 r--p 00012000 00:1199 4611686019135192571      /nix/store/gpxl5qgg8kicmcvivwmybwjlpf7wh20l-graalvm17-ce-22.3.0/lib/libnio.so
7fd1380c5000-7fd1380c6000 rw-p 00013000 00:1199 4611686019135192571      /nix/store/gpxl5qgg8kicmcvivwmybwjlpf7wh20l-graalvm17-ce-22.3.0/lib/libnio.so
7fd1380c6000-7fd1380cb000 rw-p 00019000 00:1199 4611686019135192571      /nix/store/gpxl5qgg8kicmcvivwmybwjlpf7wh20l-graalvm17-ce-22.3.0/lib/libnio.so
7fd1380cb000-7fd138199000 r-xp 00000000 00:1199 4611686019135190036      /nix/store/gpxl5qgg8kicmcvivwmybwjlpf7wh20l-graalvm17-ce-22.3.0/lib/libjsvml.so
7fd138199000-7fd13819a000 r--p 000cd000 00:1199 4611686019135190036      /nix/store/gpxl5qgg8kicmcvivwmybwjlpf7wh20l-graalvm17-ce-22.3.0/lib/libjsvml.so
7fd13819a000-7fd13819b000 rw-p 000ce000 00:1199 4611686019135190036      /nix/store/gpxl5qgg8kicmcvivwmybwjlpf7wh20l-graalvm17-ce-22.3.0/lib/libjsvml.so
7fd13819b000-7fd138a73000 rw-p 00000000 00:00 0 
7fd138a73000-7fd138a74000 ---p 00000000 00:00 0 
7fd138a74000-7fd138bf9000 rw-p 00000000 00:00 0 
7fd138bf9000-7fd138c31000 rw-p 00000000 00:00 0 
7fd138c31000-7fd138c75000 ---p 00000000 00:00 0 
7fd138c75000-7fd138c7c000 rw-p 00000000 00:00 0 
7fd138c7c000-7fd138d61000 ---p 00000000 00:00 0 
7fd138d61000-7fd138d7d000 rw-p 00000000 00:00 0 
7fd138d7d000-7fd138e4c000 ---p 00000000 00:00 0 
7fd138e4c000-7fd138e51000 rw-p 00000000 00:00 0 
7fd138e51000-7fd138e58000 ---p 00000000 00:00 0 
7fd138e58000-7fd138e7c000 r-xp 00000000 00:1199 4611686019135190028      /nix/store/gpxl5qgg8kicmcvivwmybwjlpf7wh20l-graalvm17-ce-22.3.0/lib/libjava.so
7fd138e7c000-7fd138e7d000 ---p 00024000 00:1199 4611686019135190028      /nix/store/gpxl5qgg8kicmcvivwmybwjlpf7wh20l-graalvm17-ce-22.3.0/lib/libjava.so
7fd138e7d000-7fd138e7e000 r--p 00024000 00:1199 4611686019135190028      /nix/store/gpxl5qgg8kicmcvivwmybwjlpf7wh20l-graalvm17-ce-22.3.0/lib/libjava.so
7fd138e7e000-7fd138e7f000 rw-p 00025000 00:1199 4611686019135190028      /nix/store/gpxl5qgg8kicmcvivwmybwjlpf7wh20l-graalvm17-ce-22.3.0/lib/libjava.so
7fd138e7f000-7fd138e80000 rw-p 00000000 00:00 0 
7fd138e80000-7fd138e87000 rw-p 0002f000 00:1199 4611686019135190028      /nix/store/gpxl5qgg8kicmcvivwmybwjlpf7wh20l-graalvm17-ce-22.3.0/lib/libjava.so
7fd138e87000-7fd138e8f000 rw-s 00000000 00:1164 655                      /tmp/hsperfdata_runner/10266
7fd138e8f000-7fd138e90000 ---p 00000000 00:00 0 
7fd138e90000-7fd138e91000 r--p 00000000 00:00 0 
7fd138e91000-7fd138e92000 rwxp 00000000 00:00 0 
7fd138e92000-7fd138ead000 r-xp 00000000 00:1199 4611686019135190032      /nix/store/gpxl5qgg8kicmcvivwmybwjlpf7wh20l-graalvm17-ce-22.3.0/lib/libjimage.so
7fd138ead000-7fd138eae000 ---p 0001b000 00:1199 4611686019135190032      /nix/store/gpxl5qgg8kicmcvivwmybwjlpf7wh20l-graalvm17-ce-22.3.0/lib/libjimage.so
7fd138eae000-7fd138eb0000 r--p 0001b000 00:1199 4611686019135190032      /nix/store/gpxl5qgg8kicmcvivwmybwjlpf7wh20l-graalvm17-ce-22.3.0/lib/libjimage.so
7fd138eb0000-7fd138eb1000 rw-p 0001d000 00:1199 4611686019135190032      /nix/store/gpxl5qgg8kicmcvivwmybwjlpf7wh20l-graalvm17-ce-22.3.0/lib/libjimage.so
7fd138eb1000-7fd138eb2000 rw-p 00024000 00:1199 4611686019135190032      /nix/store/gpxl5qgg8kicmcvivwmybwjlpf7wh20l-graalvm17-ce-22.3.0/lib/libjimage.so
7fd138eb2000-7fd138eb6000 ---p 00000000 00:00 0 
7fd138eb6000-7fd138fb2000 rw-p 00000000 00:00 0 
7fd138fb2000-7fd138fc0000 r--p 00000000 00:1199 4611686019027979927      /nix/store/4nlgxhb09sdr51nc9hdm8az5b08vzkgx-glibc-2.35-163/lib/libm.so.6
7fd138fc0000-7fd139033000 r-xp 0000e000 00:1199 4611686019027979927      /nix/store/4nlgxhb09sdr51nc9hdm8az5b08vzkgx-glibc-2.35-163/lib/libm.so.6
7fd139033000-7fd139090000 r--p 00081000 00:1199 4611686019027979927      /nix/store/4nlgxhb09sdr51nc9hdm8az5b08vzkgx-glibc-2.35-163/lib/libm.so.6
7fd139090000-7fd139091000 r--p 000dd000 00:1199 4611686019027979927      /nix/store/4nlgxhb09sdr51nc9hdm8az5b08vzkgx-glibc-2.35-163/lib/libm.so.6
7fd139091000-7fd139092000 rw-p 000de000 00:1199 4611686019027979927      /nix/store/4nlgxhb09sdr51nc9hdm8az5b08vzkgx-glibc-2.35-163/lib/libm.so.6
7fd139092000-7fd139093000 r--p 00000000 00:1199 4611686019027979946      /nix/store/4nlgxhb09sdr51nc9hdm8az5b08vzkgx-glibc-2.35-163/lib/librt.so.1
7fd139093000-7fd139094000 r-xp 00001000 00:1199 4611686019027979946      /nix/store/4nlgxhb09sdr51nc9hdm8az5b08vzkgx-glibc-2.35-163/lib/librt.so.1
7fd139094000-7fd139095000 r--p 00002000 00:1199 4611686019027979946      /nix/store/4nlgxhb09sdr51nc9hdm8az5b08vzkgx-glibc-2.35-163/lib/librt.so.1
7fd139095000-7fd139096000 r--p 00002000 00:1199 4611686019027979946      /nix/store/4nlgxhb09sdr51nc9hdm8az5b08vzkgx-glibc-2.35-163/lib/librt.so.1
7fd139096000-7fd139097000 rw-p 00003000 00:1199 4611686019027979946      /nix/store/4nlgxhb09sdr51nc9hdm8az5b08vzkgx-glibc-2.35-163/lib/librt.so.1
7fd139097000-7fd13a1aa000 r-xp 00000000 00:1199 4611686019135360866      /nix/store/gpxl5qgg8kicmcvivwmybwjlpf7wh20l-graalvm17-ce-22.3.0/lib/server/libjvm.so
7fd13a1aa000-7fd13a1ab000 ---p 01113000 00:1199 4611686019135360866      /nix/store/gpxl5qgg8kicmcvivwmybwjlpf7wh20l-graalvm17-ce-22.3.0/lib/server/libjvm.so
7fd13a1ab000-7fd13a260000 r--p 01113000 00:1199 4611686019135360866      /nix/store/gpxl5qgg8kicmcvivwmybwjlpf7wh20l-graalvm17-ce-22.3.0/lib/server/libjvm.so
7fd13a260000-7fd13a294000 rw-p 011c8000 00:1199 4611686019135360866      /nix/store/gpxl5qgg8kicmcvivwmybwjlpf7wh20l-graalvm17-ce-22.3.0/lib/server/libjvm.so
7fd13a294000-7fd13a2f0000 rw-p 00000000 00:00 0 
7fd13a2f0000-7fd13a318000 r--p 00000000 00:1199 4611686019027979918      /nix/store/4nlgxhb09sdr51nc9hdm8az5b08vzkgx-glibc-2.35-163/lib/libc.so.6
7fd13a318000-7fd13a48e000 r-xp 00028000 00:1199 4611686019027979918      /nix/store/4nlgxhb09sdr51nc9hdm8az5b08vzkgx-glibc-2.35-163/lib/libc.so.6
7fd13a48e000-7fd13a4e6000 r--p 0019e000 00:1199 4611686019027979918      /nix/store/4nlgxhb09sdr51nc9hdm8az5b08vzkgx-glibc-2.35-163/lib/libc.so.6
7fd13a4e6000-7fd13a4ea000 r--p 001f6000 00:1199 4611686019027979918      /nix/store/4nlgxhb09sdr51nc9hdm8az5b08vzkgx-glibc-2.35-163/lib/libc.so.6
7fd13a4ea000-7fd13a4ec000 rw-p 001fa000 00:1199 4611686019027979918      /nix/store/4nlgxhb09sdr51nc9hdm8az5b08vzkgx-glibc-2.35-163/lib/libc.so.6
7fd13a4ec000-7fd13a4fb000 rw-p 00000000 00:00 0 
7fd13a4fb000-7fd13a4fc000 r--p 00000000 00:1199 4611686019027979923      /nix/store/4nlgxhb09sdr51nc9hdm8az5b08vzkgx-glibc-2.35-163/lib/libdl.so.2
7fd13a4fc000-7fd13a4fd000 r-xp 00001000 00:1199 4611686019027979923      /nix/store/4nlgxhb09sdr51nc9hdm8az5b08vzkgx-glibc-2.35-163/lib/libdl.so.2
7fd13a4fd000-7fd13a4fe000 r--p 00002000 00:1199 4611686019027979923      /nix/store/4nlgxhb09sdr51nc9hdm8az5b08vzkgx-glibc-2.35-163/lib/libdl.so.2
7fd13a4fe000-7fd13a4ff000 r--p 00002000 00:1199 4611686019027979923      /nix/store/4nlgxhb09sdr51nc9hdm8az5b08vzkgx-glibc-2.35-163/lib/libdl.so.2
7fd13a4ff000-7fd13a500000 rw-p 00003000 00:1199 4611686019027979923      /nix/store/4nlgxhb09sdr51nc9hdm8az5b08vzkgx-glibc-2.35-163/lib/libdl.so.2
7fd13a500000-7fd13a501000 r--p 00000000 00:1199 4611686019027979942      /nix/store/4nlgxhb09sdr51nc9hdm8az5b08vzkgx-glibc-2.35-163/lib/libpthread.so.0
7fd13a501000-7fd13a502000 r-xp 00001000 00:1199 4611686019027979942      /nix/store/4nlgxhb09sdr51nc9hdm8az5b08vzkgx-glibc-2.35-163/lib/libpthread.so.0
7fd13a502000-7fd13a503000 r--p 00002000 00:1199 4611686019027979942      /nix/store/4nlgxhb09sdr51nc9hdm8az5b08vzkgx-glibc-2.35-163/lib/libpthread.so.0
7fd13a503000-7fd13a504000 r--p 00002000 00:1199 4611686019027979942      /nix/store/4nlgxhb09sdr51nc9hdm8az5b08vzkgx-glibc-2.35-163/lib/libpthread.so.0
7fd13a504000-7fd13a505000 rw-p 00003000 00:1199 4611686019027979942      /nix/store/4nlgxhb09sdr51nc9hdm8az5b08vzkgx-glibc-2.35-163/lib/libpthread.so.0
7fd13a505000-7fd13a513000 r-xp 00000000 00:1199 4611686019135190033      /nix/store/gpxl5qgg8kicmcvivwmybwjlpf7wh20l-graalvm17-ce-22.3.0/lib/libjli.so
7fd13a513000-7fd13a514000 ---p 0000e000 00:1199 4611686019135190033      /nix/store/gpxl5qgg8kicmcvivwmybwjlpf7wh20l-graalvm17-ce-22.3.0/lib/libjli.so
7fd13a514000-7fd13a515000 r--p 0000e000 00:1199 4611686019135190033      /nix/store/gpxl5qgg8kicmcvivwmybwjlpf7wh20l-graalvm17-ce-22.3.0/lib/libjli.so
7fd13a515000-7fd13a516000 rw-p 0000f000 00:1199 4611686019135190033      /nix/store/gpxl5qgg8kicmcvivwmybwjlpf7wh20l-graalvm17-ce-22.3.0/lib/libjli.so
7fd13a516000-7fd13a517000 rw-p 00012000 00:1199 4611686019135190033      /nix/store/gpxl5qgg8kicmcvivwmybwjlpf7wh20l-graalvm17-ce-22.3.0/lib/libjli.so
7fd13a517000-7fd13a51a000 r--p 00000000 00:1199 4611686019106210071      /nix/store/026hln0aq1hyshaxsdvhg0kmcm6yf45r-zlib-1.2.13/lib/libz.so.1.2.13
7fd13a51a000-7fd13a52c000 r-xp 00003000 00:1199 4611686019106210071      /nix/store/026hln0aq1hyshaxsdvhg0kmcm6yf45r-zlib-1.2.13/lib/libz.so.1.2.13
7fd13a52c000-7fd13a533000 r--p 00015000 00:1199 4611686019106210071      /nix/store/026hln0aq1hyshaxsdvhg0kmcm6yf45r-zlib-1.2.13/lib/libz.so.1.2.13
7fd13a533000-7fd13a534000 r--p 0001b000 00:1199 4611686019106210071      /nix/store/026hln0aq1hyshaxsdvhg0kmcm6yf45r-zlib-1.2.13/lib/libz.so.1.2.13
7fd13a534000-7fd13a535000 rw-p 0001c000 00:1199 4611686019106210071      /nix/store/026hln0aq1hyshaxsdvhg0kmcm6yf45r-zlib-1.2.13/lib/libz.so.1.2.13
7fd13a535000-7fd13a537000 rw-p 00000000 00:00 0 
7fd13a537000-7fd13a539000 r--p 00000000 00:1199 4611686019027979912      /nix/store/4nlgxhb09sdr51nc9hdm8az5b08vzkgx-glibc-2.35-163/lib/ld-linux-x86-64.so.2
7fd13a539000-7fd13a560000 r-xp 00002000 00:1199 4611686019027979912      /nix/store/4nlgxhb09sdr51nc9hdm8az5b08vzkgx-glibc-2.35-163/lib/ld-linux-x86-64.so.2
7fd13a560000-7fd13a56c000 r--p 00029000 00:1199 4611686019027979912      /nix/store/4nlgxhb09sdr51nc9hdm8az5b08vzkgx-glibc-2.35-163/lib/ld-linux-x86-64.so.2
7fd13a56c000-7fd13a56e000 r--p 00034000 00:1199 4611686019027979912      /nix/store/4nlgxhb09sdr51nc9hdm8az5b08vzkgx-glibc-2.35-163/lib/ld-linux-x86-64.so.2
7fd13a56e000-7fd13a570000 rw-p 00036000 00:1199 4611686019027979912      /nix/store/4nlgxhb09sdr51nc9hdm8az5b08vzkgx-glibc-2.35-163/lib/ld-linux-x86-64.so.2
7ffc08a37000-7ffc08a5b000 rw-p 00000000 00:00 0                          [stack]
7ffc08be3000-7ffc08be7000 r--p 00000000 00:00 0                          [vvar]
7ffc08be7000-7ffc08be9000 r-xp 00000000 00:00 0                          [vdso]
ffffffffff600000-ffffffffff601000 --xp 00000000 00:00 0                  [vsyscall]


VM Arguments:
jvm_args: -XX:ThreadPriorityPolicy=1 -XX:+UnlockExperimentalVMOptions -XX:+EnableJVMCIProduct -XX:JVMCIThreadsPerNativeLibraryRuntime=1 -XX:-UnlockExperimentalVMOptions -Declipse.application=org.eclipse.jdt.ls.core.id1 -Dosgi.bundles.defaultStartLevel=4 -Declipse.product=org.eclipse.jdt.ls.core.product -Dlog.level=ALL -Xverify:none -XX:+UseParallelGC -XX:GCTimeRatio=4 -XX:AdaptiveSizePolicyWeight=90 -Dsun.zip.disableMemoryMapping=true -Xmx512m -Xms100m 
java_command: /nix/store/a7s9klvriqi68xz3qjc0qyfl5h86xc16-jdt-language-server-1.9.0/share/java/plugins/org.eclipse.equinox.launcher_1.6.400.v20210924-0641.jar --add-modules=ALL-SYSTEM --add-opens java.base/java.util=ALL-UNNAMED --add-opens java.base/java.lang=ALL-UNNAMED -configuration /home/runner/.cache/jdt-language-server/config -data /home/runner/.cache/jdt-language-server/data/home/runner/Manipulacao-de-Listas
java_class_path (initial): /nix/store/a7s9klvriqi68xz3qjc0qyfl5h86xc16-jdt-language-server-1.9.0/share/java/plugins/org.eclipse.equinox.launcher_1.6.400.v20210924-0641.jar
Launcher Type: SUN_STANDARD

[Global flags]
    uintx AdaptiveSizePolicyWeight                 = 90                                        {product} {command line}
     intx CICompilerCount                          = 2                                         {product} {ergonomic}
     bool EnableJVMCIProduct                       = true                                {JVMCI product} {jimage}
    uintx GCTimeRatio                              = 4                                         {product} {command line}
   size_t InitialHeapSize                          = 104857600                                 {product} {command line}
     uint JVMCIThreadsPerNativeLibraryRuntime      = 1                                   {JVMCI product} {jimage}
   size_t MaxHeapSize                              = 536870912                                 {product} {command line}
   size_t MaxNewSize                               = 178782208                                 {product} {ergonomic}
   size_t MinHeapDeltaBytes                        = 524288                                    {product} {ergonomic}
   size_t MinHeapSize                              = 104857600                                 {product} {command line}
   size_t NewSize                                  = 34603008                                  {product} {ergonomic}
    uintx NonNMethodCodeHeapSize                   = 5826188                                {pd product} {ergonomic}
    uintx NonProfiledCodeHeapSize                  = 122916026                              {pd product} {ergonomic}
   size_t OldSize                                  = 70254592                                  {product} {ergonomic}
    uintx ProfiledCodeHeapSize                     = 122916026                              {pd product} {ergonomic}
    uintx ReservedCodeCacheSize                    = 251658240                              {pd product} {ergonomic}
     bool SegmentedCodeCache                       = true                                      {product} {ergonomic}
   size_t SoftMaxHeapSize                          = 536870912                              {manageable} {ergonomic}
     intx ThreadPriorityPolicy                     = 1                                         {product} {jimage}
     bool UseCompressedClassPointers               = true                           {product lp64_product} {ergonomic}
     bool UseCompressedOops                        = true                           {product lp64_product} {ergonomic}
     bool UseParallelGC                            = true                                      {product} {command line}

Logging:
Log output configuration:
 #0: stdout all=warning uptime,level,tags
 #1: stderr all=off uptime,level,tags

Environment Variables:
JAVA_HOME=/nix/store/gpxl5qgg8kicmcvivwmybwjlpf7wh20l-graalvm17-ce-22.3.0
PATH=/nix/store/1d6ian3r8kdzspw8hacjhl3xkp40g1lj-binutils-wrapper-2.39/bin:/nix/store/dq0xwmsk1g0i2ayg6pb7y87na2knzylh-gcc-wrapper-11.3.0/bin:/nix/store/bap4d0lpcrhpwmpb8ayjcgkmvfj62lnq-bash-interactive-5.1-p16/bin:/nix/store/pr5n59mb4jzmfx6kanwxly0l07p861fg-patchelf-0.15.0/bin:/nix/store/1gf2flfqnpqbr1b4p4qz2f72y42bs56r-gcc-11.3.0/bin:/nix/store/57xv61c5zi8pphjbcwxxjlgc34p61ic9-glibc-2.35-163-bin/bin:/nix/store/a7gvj343m05j2s32xcnwr35v31ynlypr-coreutils-9.1/bin:/nix/store/039g378vc3pc3dvi9dzdlrd0i4q93qwf-binutils-2.39/bin:/nix/store/gpxl5qgg8kicmcvivwmybwjlpf7wh20l-graalvm17-ce-22.3.0/bin:/nix/store/6z9ag3ihc8mq2hzsw48lhbznvzny65nz-apache-maven-3.8.6/bin:/nix/store/a7s9klvriqi68xz3qjc0qyfl5h86xc16-jdt-language-server-1.9.0/bin:/nix/store/48ifl2w60a3zp7yskbpnvn8jp9jdsb7k-java-debug/bin:/nix/store/mydc6f4k2z73xlcz7ilif3v2lcaiqvza-findutils-4.9.0/bin:/nix/store/j9p3g8472iijd50vhdprx0nmk2fqn5gv-diffutils-3.8/bin:/nix/store/89zs7rms6x00xfq4dq6m7mjnhkr8a6r4-gnused-4.8/bin:/nix/store/86bp03jkmsl6f92w0yzg4s59g5mhxwmy-gnugrep-3.7/bin:/nix/store/hwcdqw4jrjnd37wxqgsd47hd0j8bnj09-gawk-5.1.1/bin:/nix/store/cfbhw8r8ags41vwqaz47r583d0p4h4a1-gnutar-1.34/bin:/nix/store/p3m1ndl1lapwrlh698bnb5lvvxh67378-gzip-1.12/bin:/nix/store/a8mhcagrsly7c7mpjrpsnaahk4aax056-bzip2-1.0.8-bin/bin:/nix/store/mblgz65m3zv9x548a3d5m96fj2pbwr09-gnumake-4.3/bin:/nix/store/dsd5gz46hdbdk2rfdimqddhq6m8m8fqs-bash-5.1-p16/bin:/nix/store/v7ljksji50mg3w61dykaa3n3y79n6nil-patch-2.7.6/bin:/nix/store/zlcnmqq14jz5x9439jf937mvayyl63da-xz-5.2.7-bin/bin:/nix/store/y6aj732zm9m87c82fpvf103a1xb22blp-file-5.43/bin:/nix/store/i4kzir3m7mrisxmf5xvlnkw01x4qaqr4-prybar-elisp-0.0.0-e0d9a52/bin:/nix/store/lwwivxf6h7x3cvxp9zv8sj0mv7dak99r-prybar-lua-0.0.0-e0d9a52/bin:/nix/store/gxj28g1cg4hq3qanmjv07156h800qr58-prybar-python3-0.0.0-e0d9a52/bin:/nix/store/hshkjnxrgidigf8x75vg6lqng2xlx9i3-prybar-sqlite-0.0.0-e0d9a52/bin:/nix/store/c4w01bpjgyy5ixmwdk8m1pw87zq4sl26-prybar-tcl-0.0.0-e0d9a52/bin:/nix/store/hpbvrlwd5viqmvcaisb3x0118i913a9n-st
LD_LIBRARY_PATH=/nix/store/a4pff549sk2idnkpzk5nsfps3mdkdnvm-cups-2.4.2-lib/lib:/nix/store/72mqxxhh3cy5yifh92wh2yb8cl2hikyy-cairo-1.16.0/lib:/nix/store/2k366jrbsra97gjfxwvrhvixjfxdach5-glib-2.74.1/lib:/nix/store/2j2znigd8ak37rlwh9khz0ry3clqlw1l-gtk+3-3.24.34/lib:/nix/store/hisqvx32cd57apbpcsnkpx6k3549wql1-libglvnd-1.4.0/lib:/nix/store/p36pgcv991mq5srvg765b78yqpxvk3qs-mesa-21.3.3-drivers/lib:/nix/store/mav4251if1ahjq5vkpwycyyvnmy459c4-pulseaudio-14.2/lib
DISPLAY=:0
LANG=en_US.UTF-8

Signal Handlers:
   SIGSEGV: crash_handler in libjvm.so, mask=11100100010111111101111111111110, flags=SA_RESTART|SA_SIGINFO
    SIGBUS: crash_handler in libjvm.so, mask=11100100010111111101111111111110, flags=SA_RESTART|SA_SIGINFO
    SIGFPE: crash_handler in libjvm.so, mask=11100100010111111101111111111110, flags=SA_RESTART|SA_SIGINFO
   SIGPIPE: IsolateEnterStub_IgnoreSIGPIPEStartupHook_noopSignalHandler_8f19bff2f35b5f630d83b364d6b2339320d4ec70_216e8361c6bc87a8f89f58cc10d3b2fd4415bf87 in libjvmcicompiler.so, mask=00000000000000000000000000000000, flags=SA_RESTART
  *** Handler was modified!
  *** Expected: javaSignalHandler in libjvm.so, mask=11100100110111111111111111111110, flags=SA_RESTART|SA_SIGINFO
   SIGXFSZ: javaSignalHandler in libjvm.so, mask=11100100010111111101111111111110, flags=SA_RESTART|SA_SIGINFO
    SIGILL: crash_handler in libjvm.so, mask=11100100010111111101111111111110, flags=SA_RESTART|SA_SIGINFO
   SIGUSR2: SR_handler in libjvm.so, mask=00000000000000000000000000000000, flags=SA_RESTART|SA_SIGINFO
    SIGHUP: UserHandler in libjvm.so, mask=11100100010111111101111111111110, flags=SA_RESTART|SA_SIGINFO
    SIGINT: UserHandler in libjvm.so, mask=11100100010111111101111111111110, flags=SA_RESTART|SA_SIGINFO
   SIGTERM: UserHandler in libjvm.so, mask=11100100010111111101111111111110, flags=SA_RESTART|SA_SIGINFO
   SIGQUIT: UserHandler in libjvm.so, mask=11100100010111111101111111111110, flags=SA_RESTART|SA_SIGINFO
  *** Handler was modified!
  *** Expected: javaSignalHandler in libjvm.so, mask=11100100110111111111111111111110, flags=SA_RESTART|SA_SIGINFO
   SIGTRAP: crash_handler in libjvm.so, mask=11100100010111111101111111111110, flags=SA_RESTART|SA_SIGINFO


---------------  S Y S T E M  ---------------

OS:
DISTRIB_ID=Ubuntu
DISTRIB_RELEASE=20.04
DISTRIB_CODENAME=focal
DISTRIB_DESCRIPTION="Ubuntu 20.04.2 LTS"
uname: Linux 6.2.0-1014-gcp #14~22.04.1-Ubuntu SMP Mon Sep 11 07:44:43 UTC 2023 x86_64
OS uptime: 0 days 11:07 hours
libc: glibc 2.35 NPTL 2.35 
rlimit (soft/hard): STACK 8192k/infinity , CORE infinity/infinity , NPROC infinity/infinity , NOFILE 5242/5242 , AS infinity/infinity , CPU infinity/infinity , DATA infinity/infinity , FSIZE infinity/infinity , MEMLOCK 8192k/8192k
load average: 22.09 18.61 19.47

/proc/meminfo:
MemTotal:       65835944 kB
MemFree:        35419116 kB
MemAvailable:   45964848 kB
Buffers:         1464548 kB
Cached:          8830952 kB
SwapCached:            0 kB
Active:          6113484 kB
Inactive:       22280940 kB
Active(anon):      13188 kB
Inactive(anon): 17998452 kB
Active(file):    6100296 kB
Inactive(file):  4282488 kB
Unevictable:       28536 kB
Mlocked:           28536 kB
SwapTotal:             0 kB
SwapFree:              0 kB
Zswap:                 0 kB
Zswapped:              0 kB
Dirty:              3016 kB
Writeback:             0 kB
AnonPages:      17055384 kB
Mapped:          1142556 kB
Shmem:             20104 kB
KReclaimable:     909880 kB
Slab:            1372872 kB
SReclaimable:     909880 kB
SUnreclaim:       462992 kB
KernelStack:      125788 kB
PageTables:       179000 kB
SecPageTables:         0 kB
NFS_Unstable:          0 kB
Bounce:                0 kB
WritebackTmp:          0 kB
CommitLimit:    32917972 kB
Committed_AS:   49897292 kB
VmallocTotal:   34359738367 kB
VmallocUsed:      153072 kB
VmallocChunk:          0 kB
Percpu:            27872 kB
HardwareCorrupted:     0 kB
AnonHugePages:   3287040 kB
ShmemHugePages:        0 kB
ShmemPmdMapped:        0 kB
FileHugePages:         0 kB
FilePmdMapped:         0 kB
HugePages_Total:       0
HugePages_Free:        0
HugePages_Rsvd:        0
HugePages_Surp:        0
Hugepagesize:       2048 kB
Hugetlb:               0 kB
DirectMap4k:      332600 kB
DirectMap2M:    24829952 kB
DirectMap1G:    44040192 kB

/sys/kernel/mm/transparent_hugepage/enabled: always [madvise] never
/sys/kernel/mm/transparent_hugepage/defrag (defrag/compaction efforts parameter): always defer defer+madvise [madvise] never

Process Memory:
Virtual Size: 4457064K (peak: 4542248K)
Resident Set Size: 716888K (peak: 754772K) (anon: 520784K, file: 196104K, shmem: 0K)
Swapped out: 0K
C-Heap outstanding allocations: 38944K, retained: 10799K
glibc malloc tunables: (default)

/proc/sys/kernel/threads-max (system-wide limit on the number of threads): 514277
/proc/sys/vm/max_map_count (maximum number of memory map areas a process may have): 65530
/proc/sys/kernel/pid_max (system-wide limit on number of process identifiers): 4194304

container (cgroup) information:
container_type: cgroupv2
cpu_cpuset_cpus: not supported
cpu_memory_nodes: not supported
active_processor_count: 1
cpu_quota: 50000
cpu_period: 100000
cpu_shares: no shares
memory_limit_in_bytes: 1048576 k
memory_and_swap_limit_in_bytes: unlimited
memory_soft_limit_in_bytes: 524288 k
memory_usage_in_bytes: 957640 k
memory_max_usage_in_bytes: not supported
maximum number of tasks: not supported
current number of tasks: not supported

KVM virtualization detected
Steal ticks since vm start: 2136
Steal ticks percentage since vm start:  0.001

CPU: total 8 (initial active 1) (4 cores per cpu, 2 threads per core) family 6 model 79 stepping 0 microcode 0xffffffff, cx8, cmov, fxsr, ht, mmx, 3dnowpref, sse, sse2, sse3, ssse3, sse4.1, sse4.2, popcnt, lzcnt, tsc, tscinvbit, avx, avx2, aes, erms, clmul, bmi1, bmi2, rtm, adx, fma, vzeroupper, clflush, hv
CPU Model and flags from /proc/cpuinfo:
model name	: Intel(R) Xeon(R) CPU @ 2.20GHz
flags		: fpu vme de pse tsc msr pae mce cx8 apic sep mtrr pge mca cmov pat pse36 clflush mmx fxsr sse sse2 ss ht syscall nx pdpe1gb rdtscp lm constant_tsc rep_good nopl xtopology nonstop_tsc cpuid tsc_known_freq pni pclmulqdq ssse3 fma cx16 pcid sse4_1 sse4_2 x2apic movbe popcnt aes xsave avx f16c rdrand hypervisor lahf_lm abm 3dnowprefetch invpcid_single pti ssbd ibrs ibpb stibp fsgsbase tsc_adjust bmi1 hle avx2 smep bmi2 erms invpcid rtm rdseed adx smap xsaveopt arat md_clear arch_capabilities

Online cpus: 0-7
Offline cpus: 
BIOS frequency limitation: <Not Available>
Frequency switch latency (ns): <Not Available>
Available cpu frequencies: <Not Available>
Current governor: <Not Available>
Core performance/turbo boost: <Not Available>

Memory: 4k page, physical 1048576k(90952k free), swap 0k(0k free)
Page Sizes: 4k

vm_info: OpenJDK 64-Bit Server VM (17.0.5+8-jvmci-22.3-b08) for linux-amd64 JRE (17.0.5+8-jvmci-22.3-b08), built on Oct 19 2022 09:01:27 by "buildslave" with gcc 10.3.0

END.
